#
# There is insufficient memory for the Java Runtime Environment to continue.
# Native memory allocation (malloc) failed to allocate 1048576 bytes for AllocateHeap
# Possible reasons:
#   The system is out of physical RAM or swap space
#   The process is running with CompressedOops enabled, and the Java Heap may be blocking the growth of the native heap
# Possible solutions:
#   Reduce memory load on the system
#   Increase physical memory or swap space
#   Check if swap backing store is full
#   Decrease Java heap size (-Xmx/-Xms)
#   Decrease number of Java threads
#   Decrease Java thread stack sizes (-Xss)
#   Set larger code cache with -XX:ReservedCodeCacheSize=
#   JVM is running with Unscaled Compressed Oops mode in which the Java heap is
#     placed in the first 4GB address space. The Java Heap base address is the
#     maximum limit for the native heap growth. Please use -XX:HeapBaseMinAddress
#     to set the Java Heap base and to place the Java Heap above 4GB virtual address.
# This output file may be truncated or incomplete.
#
#  Out of Memory Error (./open/src/hotspot/share/memory/allocation.cpp:46), pid=5448, tid=3184
#
# JRE version: Java(TM) SE Runtime Environment 18.9 (11.0.15+8) (build 11.0.15+8-LTS-149)
# Java VM: Java HotSpot(TM) 64-Bit Server VM 18.9 (11.0.15+8-LTS-149, mixed mode, tiered, compressed oops, g1 gc, windows-amd64)
# No core dump will be written. Minidumps are not enabled by default on client versions of Windows
#

---------------  S U M M A R Y ------------

Command Line: -ea -Didea.test.cyclic.buffer.size=1048576 -javaagent:C:\Program Files\JetBrains\IntelliJ IDEA Community Edition 2022.2.1\lib\idea_rt.jar=64123:C:\Program Files\JetBrains\IntelliJ IDEA Community Edition 2022.2.1\bin -Dfile.encoding=UTF-8 com.intellij.rt.junit.JUnitStarter -ideVersion5 -junit5 com.training.springboot.Application.MyControllerTest,MyController_basic

Host: Intel(R) Xeon(R) Platinum 8272CL CPU @ 2.60GHz, 2 cores, 7G,  Windows 10 , 64 bit Build 19041 (10.0.19041.1889)
Time: Fri Sep  9 06:23:46 2022 Coordinated Universal Time elapsed time: 9.605458 seconds (0d 0h 0m 9s)

---------------  T H R E A D  ---------------

Current thread (0x000001f7733d9800):  VMThread "VM Thread" [stack: 0x00000059e4900000,0x00000059e4a00000] [id=3184]

Stack: [0x00000059e4900000,0x00000059e4a00000]
[error occurred during error reporting (printing stack bounds), id 0xc0000005, EXCEPTION_ACCESS_VIOLATION (0xc0000005) at pc=0x000001f75d6310e7]

Native frames: (J=compiled Java code, j=interpreted, Vv=VM code, C=native code)
V  [jvm.dll+0x629d8a]
V  [jvm.dll+0x7638ff]
V  [jvm.dll+0x764fa9]
V  [jvm.dll+0x765595]
V  [jvm.dll+0x76554b]
V  [jvm.dll+0x629273]
V  [jvm.dll+0x629988]
C  [ntdll.dll+0xa229f]
C  [ntdll.dll+0x51454]
C  [ntdll.dll+0xa0dce]
C  0x000001f75d6310e7

VM_Operation (0x00000059e43f64c0): CollectForMetadataAllocation, mode: safepoint, requested by thread 0x000001f755f88800


---------------  P R O C E S S  ---------------

Threads class SMR info:
_java_thread_list=0x000001f7756c0560, length=11, elements={
0x000001f755f88800, 0x000001f7733dc800, 0x000001f7733e8800, 0x000001f7733f8000,
0x000001f7733fa800, 0x000001f7733fc000, 0x000001f773400800, 0x000001f773403000,
0x000001f773409800, 0x000001f773378800, 0x000001f773e70800
}

Java Threads: ( => current thread )
  0x000001f755f88800 JavaThread "main" [_thread_blocked, id=10180, stack(0x00000059e4300000,0x00000059e4400000)]
  0x000001f7733dc800 JavaThread "Reference Handler" daemon [_thread_blocked, id=4824, stack(0x00000059e4a00000,0x00000059e4b00000)]
  0x000001f7733e8800 JavaThread "Finalizer" daemon [_thread_blocked, id=8412, stack(0x00000059e4b00000,0x00000059e4c00000)]
  0x000001f7733f8000 JavaThread "Signal Dispatcher" daemon [_thread_blocked, id=8800, stack(0x00000059e4c00000,0x00000059e4d00000)]
  0x000001f7733fa800 JavaThread "Attach Listener" daemon [_thread_blocked, id=1836, stack(0x00000059e4d00000,0x00000059e4e00000)]
  0x000001f7733fc000 JavaThread "Service Thread" daemon [_thread_blocked, id=6892, stack(0x00000059e4e00000,0x00000059e4f00000)]
  0x000001f773400800 JavaThread "C2 CompilerThread0" daemon [_thread_blocked, id=13024, stack(0x00000059e4f00000,0x00000059e5000000)]
  0x000001f773403000 JavaThread "C1 CompilerThread0" daemon [_thread_blocked, id=12372, stack(0x00000059e5000000,0x00000059e5100000)]
  0x000001f773409800 JavaThread "Sweeper thread" daemon [_thread_blocked, id=812, stack(0x00000059e5100000,0x00000059e5200000)]
  0x000001f773378800 JavaThread "Common-Cleaner" daemon [_thread_blocked, id=12180, stack(0x00000059e5200000,0x00000059e5300000)]
  0x000001f773e70800 JavaThread "Monitor Ctrl-Break" daemon [_thread_in_native, id=10140, stack(0x00000059e5300000,0x00000059e5400000)]

Other Threads:
=>0x000001f7733d9800 VMThread "VM Thread" [stack: 0x00000059e4900000,0x00000059e4a00000] [id=3184]
  0x000001f773f7c000 WatcherThread [stack: 0x00000059e5400000,0x00000059e5500000] [id=9712]
  0x000001f755f9d000 GCTaskThread "GC Thread#0" [stack: 0x00000059e4400000,0x00000059e4500000] [id=9424]
  0x000001f773f69800 GCTaskThread "GC Thread#1" [stack: 0x00000059e5500000,0x00000059e5600000] [id=9656]
  0x000001f755fcc000 ConcurrentGCThread "G1 Main Marker" [stack: 0x00000059e4500000,0x00000059e4600000] [id=7736]
  0x000001f755fcd800 ConcurrentGCThread "G1 Conc#0" [stack: 0x00000059e4600000,0x00000059e4700000] [id=6944]
  0x000001f756057000 ConcurrentGCThread "G1 Refine#0" [stack: 0x00000059e4700000,0x00000059e4800000] [id=12412]
  0x000001f756058000 ConcurrentGCThread "G1 Young RemSet Sampling" [stack: 0x00000059e4800000,0x00000059e4900000] [id=9488]

Threads with active compile tasks:

VM state:at safepoint (normal execution)

VM Mutex/Monitor currently owned by a thread:  ([mutex/lock_event])
[0x000001f755f84360] Threads_lock - owner thread: 0x000001f7733d9800
[0x000001f755f83af0] Heap_lock - owner thread: 0x000001f755f88800

Heap address: 0x0000000080000000, size: 2048 MB, Compressed Oops mode: 32-bit
Narrow klass base: 0x0000000000000000, Narrow klass shift: 3
Compressed class space size: 1073741824 Address: 0x0000000100000000

Heap:
 garbage-first heap   total 189440K, used 18628K [0x0000000080000000, 0x0000000100000000)
  region size 1024K, 6 young (6144K), 6 survivors (6144K)
 Metaspace       used 41385K, capacity 42644K, committed 42752K, reserved 1097728K
  class space    used 5260K, capacity 5818K, committed 5888K, reserved 1048576K
Heap Regions: E=young(eden), S=young(survivor), O=old, HS=humongous(starts), HC=humongous(continues), CS=collection set, F=free, A=archive, TAMS=top-at-mark-start (previous, next)
|   0|0x0000000080000000, 0x0000000080100000, 0x0000000080100000|100%|HS|  |TAMS 0x0000000080100000, 0x0000000080100000| Complete 
|   1|0x0000000080100000, 0x0000000080200000, 0x0000000080200000|100%| O|  |TAMS 0x0000000080200000, 0x0000000080200000| Untracked 
|   2|0x0000000080200000, 0x0000000080300000, 0x0000000080300000|100%| O|  |TAMS 0x0000000080300000, 0x0000000080300000| Untracked 
|   3|0x0000000080300000, 0x0000000080400000, 0x0000000080400000|100%| O|  |TAMS 0x0000000080400000, 0x0000000080400000| Untracked 
|   4|0x0000000080400000, 0x0000000080500000, 0x0000000080500000|100%| O|  |TAMS 0x0000000080500000, 0x0000000080500000| Untracked 
|   5|0x0000000080500000, 0x0000000080600000, 0x0000000080600000|100%| O|  |TAMS 0x0000000080600000, 0x0000000080600000| Untracked 
|   6|0x0000000080600000, 0x0000000080700000, 0x0000000080700000|100%| O|  |TAMS 0x0000000080700000, 0x0000000080700000| Untracked 
|   7|0x0000000080700000, 0x0000000080800000, 0x0000000080800000|100%| O|  |TAMS 0x0000000080800000, 0x0000000080800000| Untracked 
|   8|0x0000000080800000, 0x0000000080900000, 0x0000000080900000|100%| O|  |TAMS 0x0000000080900000, 0x0000000080900000| Untracked 
|   9|0x0000000080900000, 0x0000000080a00000, 0x0000000080a00000|100%| O|  |TAMS 0x0000000080a00000, 0x0000000080a00000| Untracked 
|  10|0x0000000080a00000, 0x0000000080b00000, 0x0000000080b00000|100%| O|  |TAMS 0x0000000080b00000, 0x0000000080b00000| Untracked 
|  11|0x0000000080b00000, 0x0000000080c00000, 0x0000000080c00000|100%| O|  |TAMS 0x0000000080c00000, 0x0000000080c00000| Untracked 
|  12|0x0000000080c00000, 0x0000000080cb1200, 0x0000000080d00000| 69%| O|  |TAMS 0x0000000080cb1200, 0x0000000080cb1200| Untracked 
|  13|0x0000000080d00000, 0x0000000080d00000, 0x0000000080e00000|  0%| F|  |TAMS 0x0000000080d00000, 0x0000000080d00000| Untracked 
|  14|0x0000000080e00000, 0x0000000080e00000, 0x0000000080f00000|  0%| F|  |TAMS 0x0000000080e00000, 0x0000000080e00000| Untracked 
|  15|0x0000000080f00000, 0x0000000080f00000, 0x0000000081000000|  0%| F|  |TAMS 0x0000000080f00000, 0x0000000080f00000| Untracked 
|  16|0x0000000081000000, 0x0000000081000000, 0x0000000081100000|  0%| F|  |TAMS 0x0000000081000000, 0x0000000081000000| Untracked 
|  17|0x0000000081100000, 0x0000000081100000, 0x0000000081200000|  0%| F|  |TAMS 0x0000000081100000, 0x0000000081100000| Untracked 
|  18|0x0000000081200000, 0x0000000081200000, 0x0000000081300000|  0%| F|  |TAMS 0x0000000081200000, 0x0000000081200000| Untracked 
|  19|0x0000000081300000, 0x0000000081300000, 0x0000000081400000|  0%| F|  |TAMS 0x0000000081300000, 0x0000000081300000| Untracked 
|  20|0x0000000081400000, 0x0000000081400000, 0x0000000081500000|  0%| F|  |TAMS 0x0000000081400000, 0x0000000081400000| Untracked 
|  21|0x0000000081500000, 0x0000000081500000, 0x0000000081600000|  0%| F|  |TAMS 0x0000000081500000, 0x0000000081500000| Untracked 
|  22|0x0000000081600000, 0x0000000081600000, 0x0000000081700000|  0%| F|  |TAMS 0x0000000081600000, 0x0000000081600000| Untracked 
|  23|0x0000000081700000, 0x0000000081700000, 0x0000000081800000|  0%| F|  |TAMS 0x0000000081700000, 0x0000000081700000| Untracked 
|  24|0x0000000081800000, 0x0000000081800000, 0x0000000081900000|  0%| F|  |TAMS 0x0000000081800000, 0x0000000081800000| Untracked 
|  25|0x0000000081900000, 0x0000000081900000, 0x0000000081a00000|  0%| F|  |TAMS 0x0000000081900000, 0x0000000081900000| Untracked 
|  26|0x0000000081a00000, 0x0000000081a00000, 0x0000000081b00000|  0%| F|  |TAMS 0x0000000081a00000, 0x0000000081a00000| Untracked 
|  27|0x0000000081b00000, 0x0000000081b00000, 0x0000000081c00000|  0%| F|  |TAMS 0x0000000081b00000, 0x0000000081b00000| Untracked 
|  28|0x0000000081c00000, 0x0000000081c00000, 0x0000000081d00000|  0%| F|  |TAMS 0x0000000081c00000, 0x0000000081c00000| Untracked 
|  29|0x0000000081d00000, 0x0000000081d00000, 0x0000000081e00000|  0%| F|  |TAMS 0x0000000081d00000, 0x0000000081d00000| Untracked 
|  30|0x0000000081e00000, 0x0000000081e00000, 0x0000000081f00000|  0%| F|  |TAMS 0x0000000081e00000, 0x0000000081e00000| Untracked 
|  31|0x0000000081f00000, 0x0000000081f00000, 0x0000000082000000|  0%| F|  |TAMS 0x0000000081f00000, 0x0000000081f00000| Untracked 
|  32|0x0000000082000000, 0x0000000082000000, 0x0000000082100000|  0%| F|  |TAMS 0x0000000082000000, 0x0000000082000000| Untracked 
|  33|0x0000000082100000, 0x0000000082100000, 0x0000000082200000|  0%| F|  |TAMS 0x0000000082100000, 0x0000000082100000| Untracked 
|  34|0x0000000082200000, 0x0000000082200000, 0x0000000082300000|  0%| F|  |TAMS 0x0000000082200000, 0x0000000082200000| Untracked 
|  35|0x0000000082300000, 0x0000000082300000, 0x0000000082400000|  0%| F|  |TAMS 0x0000000082300000, 0x0000000082300000| Untracked 
|  36|0x0000000082400000, 0x0000000082400000, 0x0000000082500000|  0%| F|  |TAMS 0x0000000082400000, 0x0000000082400000| Untracked 
|  37|0x0000000082500000, 0x0000000082500000, 0x0000000082600000|  0%| F|  |TAMS 0x0000000082500000, 0x0000000082500000| Untracked 
|  38|0x0000000082600000, 0x0000000082600000, 0x0000000082700000|  0%| F|  |TAMS 0x0000000082600000, 0x0000000082600000| Untracked 
|  39|0x0000000082700000, 0x0000000082700000, 0x0000000082800000|  0%| F|  |TAMS 0x0000000082700000, 0x0000000082700000| Untracked 
|  40|0x0000000082800000, 0x0000000082800000, 0x0000000082900000|  0%| F|  |TAMS 0x0000000082800000, 0x0000000082800000| Untracked 
|  41|0x0000000082900000, 0x0000000082900000, 0x0000000082a00000|  0%| F|  |TAMS 0x0000000082900000, 0x0000000082900000| Untracked 
|  42|0x0000000082a00000, 0x0000000082a00000, 0x0000000082b00000|  0%| F|  |TAMS 0x0000000082a00000, 0x0000000082a00000| Untracked 
|  43|0x0000000082b00000, 0x0000000082b00000, 0x0000000082c00000|  0%| F|  |TAMS 0x0000000082b00000, 0x0000000082b00000| Untracked 
|  44|0x0000000082c00000, 0x0000000082c00000, 0x0000000082d00000|  0%| F|  |TAMS 0x0000000082c00000, 0x0000000082c00000| Untracked 
|  45|0x0000000082d00000, 0x0000000082d00000, 0x0000000082e00000|  0%| F|  |TAMS 0x0000000082d00000, 0x0000000082d00000| Untracked 
|  46|0x0000000082e00000, 0x0000000082e00000, 0x0000000082f00000|  0%| F|  |TAMS 0x0000000082e00000, 0x0000000082e00000| Untracked 
|  47|0x0000000082f00000, 0x0000000082f00000, 0x0000000083000000|  0%| F|  |TAMS 0x0000000082f00000, 0x0000000082f00000| Untracked 
|  48|0x0000000083000000, 0x0000000083000000, 0x0000000083100000|  0%| F|  |TAMS 0x0000000083000000, 0x0000000083000000| Untracked 
|  49|0x0000000083100000, 0x0000000083100000, 0x0000000083200000|  0%| F|  |TAMS 0x0000000083100000, 0x0000000083100000| Untracked 
|  50|0x0000000083200000, 0x0000000083200000, 0x0000000083300000|  0%| F|  |TAMS 0x0000000083200000, 0x0000000083200000| Untracked 
|  51|0x0000000083300000, 0x0000000083300000, 0x0000000083400000|  0%| F|  |TAMS 0x0000000083300000, 0x0000000083300000| Untracked 
|  52|0x0000000083400000, 0x0000000083400000, 0x0000000083500000|  0%| F|  |TAMS 0x0000000083400000, 0x0000000083400000| Untracked 
|  53|0x0000000083500000, 0x0000000083500000, 0x0000000083600000|  0%| F|  |TAMS 0x0000000083500000, 0x0000000083500000| Untracked 
|  54|0x0000000083600000, 0x0000000083600000, 0x0000000083700000|  0%| F|  |TAMS 0x0000000083600000, 0x0000000083600000| Untracked 
|  55|0x0000000083700000, 0x0000000083700000, 0x0000000083800000|  0%| F|  |TAMS 0x0000000083700000, 0x0000000083700000| Untracked 
|  56|0x0000000083800000, 0x0000000083800000, 0x0000000083900000|  0%| F|  |TAMS 0x0000000083800000, 0x0000000083800000| Untracked 
|  57|0x0000000083900000, 0x0000000083900000, 0x0000000083a00000|  0%| F|  |TAMS 0x0000000083900000, 0x0000000083900000| Untracked 
|  58|0x0000000083a00000, 0x0000000083a00000, 0x0000000083b00000|  0%| F|  |TAMS 0x0000000083a00000, 0x0000000083a00000| Untracked 
|  59|0x0000000083b00000, 0x0000000083b00000, 0x0000000083c00000|  0%| F|  |TAMS 0x0000000083b00000, 0x0000000083b00000| Untracked 
|  60|0x0000000083c00000, 0x0000000083c00000, 0x0000000083d00000|  0%| F|  |TAMS 0x0000000083c00000, 0x0000000083c00000| Untracked 
|  61|0x0000000083d00000, 0x0000000083d00000, 0x0000000083e00000|  0%| F|  |TAMS 0x0000000083d00000, 0x0000000083d00000| Untracked 
|  62|0x0000000083e00000, 0x0000000083e00000, 0x0000000083f00000|  0%| F|  |TAMS 0x0000000083e00000, 0x0000000083e00000| Untracked 
|  63|0x0000000083f00000, 0x0000000083f00000, 0x0000000084000000|  0%| F|  |TAMS 0x0000000083f00000, 0x0000000083f00000| Untracked 
|  64|0x0000000084000000, 0x0000000084000000, 0x0000000084100000|  0%| F|  |TAMS 0x0000000084000000, 0x0000000084000000| Untracked 
|  65|0x0000000084100000, 0x0000000084100000, 0x0000000084200000|  0%| F|  |TAMS 0x0000000084100000, 0x0000000084100000| Untracked 
|  66|0x0000000084200000, 0x0000000084200000, 0x0000000084300000|  0%| F|  |TAMS 0x0000000084200000, 0x0000000084200000| Untracked 
|  67|0x0000000084300000, 0x0000000084300000, 0x0000000084400000|  0%| F|  |TAMS 0x0000000084300000, 0x0000000084300000| Untracked 
|  68|0x0000000084400000, 0x0000000084400000, 0x0000000084500000|  0%| F|  |TAMS 0x0000000084400000, 0x0000000084400000| Untracked 
|  69|0x0000000084500000, 0x0000000084500000, 0x0000000084600000|  0%| F|  |TAMS 0x0000000084500000, 0x0000000084500000| Untracked 
|  70|0x0000000084600000, 0x0000000084600000, 0x0000000084700000|  0%| F|  |TAMS 0x0000000084600000, 0x0000000084600000| Untracked 
|  71|0x0000000084700000, 0x0000000084700000, 0x0000000084800000|  0%| F|  |TAMS 0x0000000084700000, 0x0000000084700000| Untracked 
|  72|0x0000000084800000, 0x0000000084800000, 0x0000000084900000|  0%| F|  |TAMS 0x0000000084800000, 0x0000000084800000| Untracked 
|  73|0x0000000084900000, 0x0000000084900000, 0x0000000084a00000|  0%| F|  |TAMS 0x0000000084900000, 0x0000000084900000| Untracked 
|  74|0x0000000084a00000, 0x0000000084a00000, 0x0000000084b00000|  0%| F|  |TAMS 0x0000000084a00000, 0x0000000084a00000| Untracked 
|  75|0x0000000084b00000, 0x0000000084b00000, 0x0000000084c00000|  0%| F|  |TAMS 0x0000000084b00000, 0x0000000084b00000| Untracked 
|  76|0x0000000084c00000, 0x0000000084c00000, 0x0000000084d00000|  0%| F|  |TAMS 0x0000000084c00000, 0x0000000084c00000| Untracked 
|  77|0x0000000084d00000, 0x0000000084d00000, 0x0000000084e00000|  0%| F|  |TAMS 0x0000000084d00000, 0x0000000084d00000| Untracked 
|  78|0x0000000084e00000, 0x0000000084e00000, 0x0000000084f00000|  0%| F|  |TAMS 0x0000000084e00000, 0x0000000084e00000| Untracked 
|  79|0x0000000084f00000, 0x0000000084f00000, 0x0000000085000000|  0%| F|  |TAMS 0x0000000084f00000, 0x0000000084f00000| Untracked 
|  80|0x0000000085000000, 0x0000000085000000, 0x0000000085100000|  0%| F|  |TAMS 0x0000000085000000, 0x0000000085000000| Untracked 
|  81|0x0000000085100000, 0x0000000085100000, 0x0000000085200000|  0%| F|  |TAMS 0x0000000085100000, 0x0000000085100000| Untracked 
|  82|0x0000000085200000, 0x0000000085200000, 0x0000000085300000|  0%| F|  |TAMS 0x0000000085200000, 0x0000000085200000| Untracked 
|  83|0x0000000085300000, 0x0000000085300000, 0x0000000085400000|  0%| F|  |TAMS 0x0000000085300000, 0x0000000085300000| Untracked 
|  84|0x0000000085400000, 0x0000000085400000, 0x0000000085500000|  0%| F|  |TAMS 0x0000000085400000, 0x0000000085400000| Untracked 
|  85|0x0000000085500000, 0x0000000085500000, 0x0000000085600000|  0%| F|  |TAMS 0x0000000085500000, 0x0000000085500000| Untracked 
|  86|0x0000000085600000, 0x0000000085600000, 0x0000000085700000|  0%| F|  |TAMS 0x0000000085600000, 0x0000000085600000| Untracked 
|  87|0x0000000085700000, 0x0000000085700000, 0x0000000085800000|  0%| F|  |TAMS 0x0000000085700000, 0x0000000085700000| Untracked 
|  88|0x0000000085800000, 0x0000000085800000, 0x0000000085900000|  0%| F|  |TAMS 0x0000000085800000, 0x0000000085800000| Untracked 
|  89|0x0000000085900000, 0x0000000085900000, 0x0000000085a00000|  0%| F|  |TAMS 0x0000000085900000, 0x0000000085900000| Untracked 
|  90|0x0000000085a00000, 0x0000000085a00000, 0x0000000085b00000|  0%| F|  |TAMS 0x0000000085a00000, 0x0000000085a00000| Untracked 
|  91|0x0000000085b00000, 0x0000000085b00000, 0x0000000085c00000|  0%| F|  |TAMS 0x0000000085b00000, 0x0000000085b00000| Untracked 
|  92|0x0000000085c00000, 0x0000000085c00000, 0x0000000085d00000|  0%| F|  |TAMS 0x0000000085c00000, 0x0000000085c00000| Untracked 
|  93|0x0000000085d00000, 0x0000000085d00000, 0x0000000085e00000|  0%| F|  |TAMS 0x0000000085d00000, 0x0000000085d00000| Untracked 
|  94|0x0000000085e00000, 0x0000000085e00000, 0x0000000085f00000|  0%| F|  |TAMS 0x0000000085e00000, 0x0000000085e00000| Untracked 
|  95|0x0000000085f00000, 0x0000000085f00000, 0x0000000086000000|  0%| F|  |TAMS 0x0000000085f00000, 0x0000000085f00000| Untracked 
|  96|0x0000000086000000, 0x0000000086000000, 0x0000000086100000|  0%| F|  |TAMS 0x0000000086000000, 0x0000000086000000| Untracked 
|  97|0x0000000086100000, 0x0000000086100000, 0x0000000086200000|  0%| F|  |TAMS 0x0000000086100000, 0x0000000086100000| Untracked 
|  98|0x0000000086200000, 0x0000000086200000, 0x0000000086300000|  0%| F|  |TAMS 0x0000000086200000, 0x0000000086200000| Untracked 
|  99|0x0000000086300000, 0x0000000086300000, 0x0000000086400000|  0%| F|  |TAMS 0x0000000086300000, 0x0000000086300000| Untracked 
| 100|0x0000000086400000, 0x0000000086400000, 0x0000000086500000|  0%| F|  |TAMS 0x0000000086400000, 0x0000000086400000| Untracked 
| 101|0x0000000086500000, 0x0000000086500000, 0x0000000086600000|  0%| F|  |TAMS 0x0000000086500000, 0x0000000086500000| Untracked 
| 102|0x0000000086600000, 0x0000000086600000, 0x0000000086700000|  0%| F|  |TAMS 0x0000000086600000, 0x0000000086600000| Untracked 
| 103|0x0000000086700000, 0x0000000086700000, 0x0000000086800000|  0%| F|  |TAMS 0x0000000086700000, 0x0000000086700000| Untracked 
| 104|0x0000000086800000, 0x0000000086800000, 0x0000000086900000|  0%| F|  |TAMS 0x0000000086800000, 0x0000000086800000| Untracked 
| 105|0x0000000086900000, 0x0000000086900000, 0x0000000086a00000|  0%| F|  |TAMS 0x0000000086900000, 0x0000000086900000| Untracked 
| 106|0x0000000086a00000, 0x0000000086a00000, 0x0000000086b00000|  0%| F|  |TAMS 0x0000000086a00000, 0x0000000086a00000| Untracked 
| 107|0x0000000086b00000, 0x0000000086b00000, 0x0000000086c00000|  0%| F|  |TAMS 0x0000000086b00000, 0x0000000086b00000| Untracked 
| 108|0x0000000086c00000, 0x0000000086c00000, 0x0000000086d00000|  0%| F|  |TAMS 0x0000000086c00000, 0x0000000086c00000| Untracked 
| 109|0x0000000086d00000, 0x0000000086d00000, 0x0000000086e00000|  0%| F|  |TAMS 0x0000000086d00000, 0x0000000086d00000| Untracked 
| 110|0x0000000086e00000, 0x0000000086e00000, 0x0000000086f00000|  0%| F|  |TAMS 0x0000000086e00000, 0x0000000086e00000| Untracked 
| 111|0x0000000086f00000, 0x0000000086f00000, 0x0000000087000000|  0%| F|  |TAMS 0x0000000086f00000, 0x0000000086f00000| Untracked 
| 112|0x0000000087000000, 0x0000000087000000, 0x0000000087100000|  0%| F|  |TAMS 0x0000000087000000, 0x0000000087000000| Untracked 
| 113|0x0000000087100000, 0x0000000087100000, 0x0000000087200000|  0%| F|  |TAMS 0x0000000087100000, 0x0000000087100000| Untracked 
| 114|0x0000000087200000, 0x0000000087200000, 0x0000000087300000|  0%| F|  |TAMS 0x0000000087200000, 0x0000000087200000| Untracked 
| 115|0x0000000087300000, 0x0000000087300000, 0x0000000087400000|  0%| F|  |TAMS 0x0000000087300000, 0x0000000087300000| Untracked 
| 116|0x0000000087400000, 0x0000000087400000, 0x0000000087500000|  0%| F|  |TAMS 0x0000000087400000, 0x0000000087400000| Untracked 
| 117|0x0000000087500000, 0x0000000087500000, 0x0000000087600000|  0%| F|  |TAMS 0x0000000087500000, 0x0000000087500000| Untracked 
| 118|0x0000000087600000, 0x0000000087600000, 0x0000000087700000|  0%| F|  |TAMS 0x0000000087600000, 0x0000000087600000| Untracked 
| 119|0x0000000087700000, 0x0000000087700000, 0x0000000087800000|  0%| F|  |TAMS 0x0000000087700000, 0x0000000087700000| Untracked 
| 120|0x0000000087800000, 0x0000000087800000, 0x0000000087900000|  0%| F|  |TAMS 0x0000000087800000, 0x0000000087800000| Untracked 
| 121|0x0000000087900000, 0x0000000087900000, 0x0000000087a00000|  0%| F|  |TAMS 0x0000000087900000, 0x0000000087900000| Untracked 
| 122|0x0000000087a00000, 0x0000000087a00000, 0x0000000087b00000|  0%| F|  |TAMS 0x0000000087a00000, 0x0000000087a00000| Untracked 
| 123|0x0000000087b00000, 0x0000000087b00000, 0x0000000087c00000|  0%| F|  |TAMS 0x0000000087b00000, 0x0000000087b00000| Untracked 
| 124|0x0000000087c00000, 0x0000000087c00000, 0x0000000087d00000|  0%| F|  |TAMS 0x0000000087c00000, 0x0000000087c00000| Untracked 
| 125|0x0000000087d00000, 0x0000000087d00000, 0x0000000087e00000|  0%| F|  |TAMS 0x0000000087d00000, 0x0000000087d00000| Untracked 
| 126|0x0000000087e00000, 0x0000000087e00000, 0x0000000087f00000|  0%| F|  |TAMS 0x0000000087e00000, 0x0000000087e00000| Untracked 
| 127|0x0000000087f00000, 0x0000000087f00000, 0x0000000088000000|  0%| F|  |TAMS 0x0000000087f00000, 0x0000000087f00000| Untracked 
| 128|0x0000000088000000, 0x0000000088000000, 0x0000000088100000|  0%| F|  |TAMS 0x0000000088000000, 0x0000000088000000| Untracked 
| 129|0x0000000088100000, 0x0000000088100000, 0x0000000088200000|  0%| F|  |TAMS 0x0000000088100000, 0x0000000088100000| Untracked 
| 130|0x0000000088200000, 0x0000000088200000, 0x0000000088300000|  0%| F|  |TAMS 0x0000000088200000, 0x0000000088200000| Untracked 
| 131|0x0000000088300000, 0x0000000088300000, 0x0000000088400000|  0%| F|  |TAMS 0x0000000088300000, 0x0000000088300000| Untracked 
| 132|0x0000000088400000, 0x0000000088400000, 0x0000000088500000|  0%| F|  |TAMS 0x0000000088400000, 0x0000000088400000| Untracked 
| 133|0x0000000088500000, 0x0000000088500000, 0x0000000088600000|  0%| F|  |TAMS 0x0000000088500000, 0x0000000088500000| Untracked 
| 134|0x0000000088600000, 0x0000000088600000, 0x0000000088700000|  0%| F|  |TAMS 0x0000000088600000, 0x0000000088600000| Untracked 
| 135|0x0000000088700000, 0x0000000088700000, 0x0000000088800000|  0%| F|  |TAMS 0x0000000088700000, 0x0000000088700000| Untracked 
| 136|0x0000000088800000, 0x0000000088800000, 0x0000000088900000|  0%| F|  |TAMS 0x0000000088800000, 0x0000000088800000| Untracked 
| 137|0x0000000088900000, 0x0000000088900000, 0x0000000088a00000|  0%| F|  |TAMS 0x0000000088900000, 0x0000000088900000| Untracked 
| 138|0x0000000088a00000, 0x0000000088a00000, 0x0000000088b00000|  0%| F|  |TAMS 0x0000000088a00000, 0x0000000088a00000| Untracked 
| 139|0x0000000088b00000, 0x0000000088b00000, 0x0000000088c00000|  0%| F|  |TAMS 0x0000000088b00000, 0x0000000088b00000| Untracked 
| 140|0x0000000088c00000, 0x0000000088c00000, 0x0000000088d00000|  0%| F|  |TAMS 0x0000000088c00000, 0x0000000088c00000| Untracked 
| 141|0x0000000088d00000, 0x0000000088d00000, 0x0000000088e00000|  0%| F|  |TAMS 0x0000000088d00000, 0x0000000088d00000| Untracked 
| 142|0x0000000088e00000, 0x0000000088e00000, 0x0000000088f00000|  0%| F|  |TAMS 0x0000000088e00000, 0x0000000088e00000| Untracked 
| 143|0x0000000088f00000, 0x0000000088f00000, 0x0000000089000000|  0%| F|  |TAMS 0x0000000088f00000, 0x0000000088f00000| Untracked 
| 144|0x0000000089000000, 0x0000000089000000, 0x0000000089100000|  0%| F|  |TAMS 0x0000000089000000, 0x0000000089000000| Untracked 
| 145|0x0000000089100000, 0x0000000089100000, 0x0000000089200000|  0%| F|  |TAMS 0x0000000089100000, 0x0000000089100000| Untracked 
| 146|0x0000000089200000, 0x0000000089200000, 0x0000000089300000|  0%| F|  |TAMS 0x0000000089200000, 0x0000000089200000| Untracked 
| 147|0x0000000089300000, 0x0000000089300000, 0x0000000089400000|  0%| F|  |TAMS 0x0000000089300000, 0x0000000089300000| Untracked 
| 148|0x0000000089400000, 0x0000000089400000, 0x0000000089500000|  0%| F|  |TAMS 0x0000000089400000, 0x0000000089400000| Untracked 
| 149|0x0000000089500000, 0x0000000089500000, 0x0000000089600000|  0%| F|  |TAMS 0x0000000089500000, 0x0000000089500000| Untracked 
| 150|0x0000000089600000, 0x0000000089600000, 0x0000000089700000|  0%| F|  |TAMS 0x0000000089600000, 0x0000000089600000| Untracked 
| 151|0x0000000089700000, 0x0000000089700000, 0x0000000089800000|  0%| F|  |TAMS 0x0000000089700000, 0x0000000089700000| Untracked 
| 152|0x0000000089800000, 0x0000000089800000, 0x0000000089900000|  0%| F|  |TAMS 0x0000000089800000, 0x0000000089800000| Untracked 
| 153|0x0000000089900000, 0x0000000089900000, 0x0000000089a00000|  0%| F|  |TAMS 0x0000000089900000, 0x0000000089900000| Untracked 
| 154|0x0000000089a00000, 0x0000000089a80000, 0x0000000089b00000| 50%| S|CS|TAMS 0x0000000089a00000, 0x0000000089a00000| Complete 
| 155|0x0000000089b00000, 0x0000000089c00000, 0x0000000089c00000|100%| S|CS|TAMS 0x0000000089b00000, 0x0000000089b00000| Complete 
| 156|0x0000000089c00000, 0x0000000089d00000, 0x0000000089d00000|100%| S|CS|TAMS 0x0000000089c00000, 0x0000000089c00000| Complete 
| 157|0x0000000089d00000, 0x0000000089e00000, 0x0000000089e00000|100%| S|CS|TAMS 0x0000000089d00000, 0x0000000089d00000| Complete 
| 158|0x0000000089e00000, 0x0000000089f00000, 0x0000000089f00000|100%| S|CS|TAMS 0x0000000089e00000, 0x0000000089e00000| Complete 
| 159|0x0000000089f00000, 0x000000008a000000, 0x000000008a000000|100%| S|CS|TAMS 0x0000000089f00000, 0x0000000089f00000| Complete 
| 160|0x000000008a000000, 0x000000008a000000, 0x000000008a100000|  0%| F|  |TAMS 0x000000008a000000, 0x000000008a000000| Untracked 
| 161|0x000000008a100000, 0x000000008a100000, 0x000000008a200000|  0%| F|  |TAMS 0x000000008a100000, 0x000000008a100000| Untracked 
| 162|0x000000008a200000, 0x000000008a200000, 0x000000008a300000|  0%| F|  |TAMS 0x000000008a200000, 0x000000008a200000| Untracked 
| 163|0x000000008a300000, 0x000000008a300000, 0x000000008a400000|  0%| F|  |TAMS 0x000000008a300000, 0x000000008a300000| Untracked 
| 164|0x000000008a400000, 0x000000008a400000, 0x000000008a500000|  0%| F|  |TAMS 0x000000008a400000, 0x000000008a400000| Untracked 
| 165|0x000000008a500000, 0x000000008a500000, 0x000000008a600000|  0%| F|  |TAMS 0x000000008a500000, 0x000000008a500000| Untracked 
| 166|0x000000008a600000, 0x000000008a600000, 0x000000008a700000|  0%| F|  |TAMS 0x000000008a600000, 0x000000008a600000| Untracked 
| 167|0x000000008a700000, 0x000000008a700000, 0x000000008a800000|  0%| F|  |TAMS 0x000000008a700000, 0x000000008a700000| Untracked 
| 168|0x000000008a800000, 0x000000008a800000, 0x000000008a900000|  0%| F|  |TAMS 0x000000008a800000, 0x000000008a800000| Untracked 
| 169|0x000000008a900000, 0x000000008a900000, 0x000000008aa00000|  0%| F|  |TAMS 0x000000008a900000, 0x000000008a900000| Untracked 
| 170|0x000000008aa00000, 0x000000008aa00000, 0x000000008ab00000|  0%| F|  |TAMS 0x000000008aa00000, 0x000000008aa00000| Untracked 
| 171|0x000000008ab00000, 0x000000008ab00000, 0x000000008ac00000|  0%| F|  |TAMS 0x000000008ab00000, 0x000000008ab00000| Untracked 
| 172|0x000000008ac00000, 0x000000008ac00000, 0x000000008ad00000|  0%| F|  |TAMS 0x000000008ac00000, 0x000000008ac00000| Untracked 
| 173|0x000000008ad00000, 0x000000008ad00000, 0x000000008ae00000|  0%| F|  |TAMS 0x000000008ad00000, 0x000000008ad00000| Untracked 
| 174|0x000000008ae00000, 0x000000008ae00000, 0x000000008af00000|  0%| F|  |TAMS 0x000000008ae00000, 0x000000008ae00000| Untracked 
| 175|0x000000008af00000, 0x000000008af00000, 0x000000008b000000|  0%| F|  |TAMS 0x000000008af00000, 0x000000008af00000| Untracked 
| 176|0x000000008b000000, 0x000000008b000000, 0x000000008b100000|  0%| F|  |TAMS 0x000000008b000000, 0x000000008b000000| Untracked 
| 177|0x000000008b100000, 0x000000008b100000, 0x000000008b200000|  0%| F|  |TAMS 0x000000008b100000, 0x000000008b100000| Untracked 
| 178|0x000000008b200000, 0x000000008b200000, 0x000000008b300000|  0%| F|  |TAMS 0x000000008b200000, 0x000000008b200000| Untracked 
| 179|0x000000008b300000, 0x000000008b300000, 0x000000008b400000|  0%| F|  |TAMS 0x000000008b300000, 0x000000008b300000| Untracked 
| 180|0x000000008b400000, 0x000000008b400000, 0x000000008b500000|  0%| F|  |TAMS 0x000000008b400000, 0x000000008b400000| Untracked 
| 181|0x000000008b500000, 0x000000008b500000, 0x000000008b600000|  0%| F|  |TAMS 0x000000008b500000, 0x000000008b500000| Untracked 
| 182|0x000000008b600000, 0x000000008b600000, 0x000000008b700000|  0%| F|  |TAMS 0x000000008b600000, 0x000000008b600000| Untracked 
| 183|0x000000008b700000, 0x000000008b700000, 0x000000008b800000|  0%| F|  |TAMS 0x000000008b700000, 0x000000008b700000| Untracked 
| 184|0x000000008b800000, 0x000000008b800000, 0x000000008b900000|  0%| F|  |TAMS 0x000000008b800000, 0x000000008b800000| Untracked 

Card table byte_map: [0x000001f76ca30000,0x000001f76ce30000] _byte_map_base: 0x000001f76c630000

Marking Bits (Prev, Next): (CMBitMap*) 0x000001f755fc35a0, (CMBitMap*) 0x000001f755fc3568
 Prev Bits: [0x000001f76f230000, 0x000001f771230000)
 Next Bits: [0x000001f76d230000, 0x000001f76f230000)

Polling page: 0x000001f755760000

Metaspace:

Usage:
  Non-class:     35.96 MB capacity,    35.28 MB ( 98%) used,   544.99 KB (  1%) free+waste,   156.81 KB ( <1%) overhead. 
      Class:      5.68 MB capacity,     5.14 MB ( 90%) used,   477.59 KB (  8%) free+waste,    79.44 KB (  1%) overhead. 
       Both:     41.64 MB capacity,    40.42 MB ( 97%) used,  1022.58 KB (  2%) free+waste,   236.25 KB ( <1%) overhead. 

Virtual space:
  Non-class space:       48.00 MB reserved,      36.00 MB ( 75%) committed 
      Class space:        1.00 GB reserved,       5.75 MB ( <1%) committed 
             Both:        1.05 GB reserved,      41.75 MB (  4%) committed 

Chunk freelists:
   Non-Class:  4.75 KB
       Class:  768 bytes
        Both:  5.50 KB

CodeHeap 'non-profiled nmethods': size=120064Kb used=1719Kb max_used=1719Kb free=118344Kb
 bounds [0x000001f7650f0000, 0x000001f765360000, 0x000001f76c630000]
CodeHeap 'profiled nmethods': size=120000Kb used=8442Kb max_used=8442Kb free=111557Kb
 bounds [0x000001f75dbc0000, 0x000001f75e400000, 0x000001f7650f0000]
CodeHeap 'non-nmethods': size=5696Kb used=1162Kb max_used=1204Kb free=4533Kb
 bounds [0x000001f75d630000, 0x000001f75d8a0000, 0x000001f75dbc0000]
 total_blobs=4192 nmethods=3705 adapters=398
 compilation: enabled
              stopped_count=0, restarted_count=0
 full_count=0

Compilation events (10 events):
Event: 9.560 Thread 0x000001f773403000 3704       3       net.bytebuddy.description.ByteCodeElement$Token$TokenList::size (10 bytes)
Event: 9.560 Thread 0x000001f773403000 nmethod 3704 0x000001f75e3fc990 code [0x000001f75e3fcb40, 0x000001f75e3fcd08]
Event: 9.560 Thread 0x000001f773403000 3705       3       net.bytebuddy.description.ByteCodeElement$Token$TokenList::get (6 bytes)
Event: 9.560 Thread 0x000001f773403000 nmethod 3705 0x000001f75e3fce10 code [0x000001f75e3fcfc0, 0x000001f75e3fd2e8]
Event: 9.560 Thread 0x000001f773403000 3706       3       net.bytebuddy.description.ByteCodeElement$Token$TokenList::get (14 bytes)
Event: 9.561 Thread 0x000001f773403000 nmethod 3706 0x000001f75e3fd410 code [0x000001f75e3fd5c0, 0x000001f75e3fd888]
Event: 9.572 Thread 0x000001f773403000 3707       3       net.bytebuddy.description.ModifierReviewable$AbstractBase::<init> (5 bytes)
Event: 9.572 Thread 0x000001f773403000 nmethod 3707 0x000001f75e3fd990 code [0x000001f75e3fdb20, 0x000001f75e3fdc78]
Event: 9.573 Thread 0x000001f773403000 3708       3       net.bytebuddy.description.type.TypeDescription$ForLoadedType::of (30 bytes)
Event: 9.573 Thread 0x000001f773403000 nmethod 3708 0x000001f75e3fdd10 code [0x000001f75e3fdf20, 0x000001f75e3fe6f8]

GC Heap History (10 events):
Event: 6.185 GC heap before
{Heap before GC invocations=8 (full 0):
 garbage-first heap   total 157696K, used 67197K [0x0000000080000000, 0x0000000100000000)
  region size 1024K, 60 young (61440K), 5 survivors (5120K)
 Metaspace       used 31356K, capacity 32347K, committed 32640K, reserved 1077248K
  class space    used 3766K, capacity 4170K, committed 4224K, reserved 1048576K
}
Event: 6.204 GC heap after
{Heap after GC invocations=9 (full 0):
 garbage-first heap   total 157696K, used 13589K [0x0000000080000000, 0x0000000100000000)
  region size 1024K, 5 young (5120K), 5 survivors (5120K)
 Metaspace       used 31356K, capacity 32347K, committed 32640K, reserved 1077248K
  class space    used 3766K, capacity 4170K, committed 4224K, reserved 1048576K
}
Event: 6.782 GC heap before
{Heap before GC invocations=9 (full 0):
 garbage-first heap   total 157696K, used 39189K [0x0000000080000000, 0x0000000100000000)
  region size 1024K, 31 young (31744K), 5 survivors (5120K)
 Metaspace       used 34502K, capacity 35502K, committed 35584K, reserved 1081344K
  class space    used 4195K, capacity 4607K, committed 4608K, reserved 1048576K
}
Event: 6.799 GC heap after
{Heap after GC invocations=10 (full 0):
 garbage-first heap   total 189440K, used 14486K [0x0000000080000000, 0x0000000100000000)
  region size 1024K, 6 young (6144K), 6 survivors (6144K)
 Metaspace       used 34502K, capacity 35502K, committed 35584K, reserved 1081344K
  class space    used 4195K, capacity 4607K, committed 4608K, reserved 1048576K
}
Event: 8.912 GC heap before
{Heap before GC invocations=11 (full 0):
 garbage-first heap   total 189440K, used 102550K [0x0000000080000000, 0x0000000100000000)
  region size 1024K, 92 young (94208K), 6 survivors (6144K)
 Metaspace       used 38839K, capacity 40057K, committed 40192K, reserved 1083392K
  class space    used 4794K, capacity 5299K, committed 5376K, reserved 1048576K
}
Event: 8.947 GC heap after
{Heap after GC invocations=12 (full 0):
 garbage-first heap   total 189440K, used 19221K [0x0000000080000000, 0x0000000100000000)
  region size 1024K, 11 young (11264K), 11 survivors (11264K)
 Metaspace       used 38839K, capacity 40057K, committed 40192K, reserved 1083392K
  class space    used 4794K, capacity 5299K, committed 5376K, reserved 1048576K
}
Event: 8.976 GC heap before
{Heap before GC invocations=12 (full 0):
 garbage-first heap   total 189440K, used 20245K [0x0000000080000000, 0x0000000100000000)
  region size 1024K, 13 young (13312K), 11 survivors (11264K)
 Metaspace       used 38890K, capacity 40066K, committed 40192K, reserved 1089536K
  class space    used 4797K, capacity 5302K, committed 5376K, reserved 1048576K
}
Event: 9.016 GC heap after
{Heap after GC invocations=13 (full 0):
 garbage-first heap   total 189440K, used 19652K [0x0000000080000000, 0x0000000100000000)
  region size 1024K, 7 young (7168K), 7 survivors (7168K)
 Metaspace       used 38890K, capacity 40066K, committed 40192K, reserved 1089536K
  class space    used 4797K, capacity 5302K, committed 5376K, reserved 1048576K
}
Event: 9.585 GC heap before
{Heap before GC invocations=14 (full 0):
 garbage-first heap   total 189440K, used 37060K [0x0000000080000000, 0x0000000100000000)
  region size 1024K, 25 young (25600K), 7 survivors (7168K)
 Metaspace       used 41385K, capacity 42644K, committed 42752K, reserved 1095680K
  class space    used 5260K, capacity 5818K, committed 5888K, reserved 1048576K
}
Event: 9.601 GC heap after
{Heap after GC invocations=15 (full 0):
 garbage-first heap   total 189440K, used 18628K [0x0000000080000000, 0x0000000100000000)
  region size 1024K, 6 young (6144K), 6 survivors (6144K)
 Metaspace       used 41385K, capacity 42644K, committed 42752K, reserved 1095680K
  class space    used 5260K, capacity 5818K, committed 5888K, reserved 1048576K
}

Deoptimization events (10 events):
Event: 8.066 Thread 0x000001f755f88800 Uncommon trap: reason=class_check action=maybe_recompile pc=0x000001f76515f3b8 method=java.util.concurrent.ConcurrentHashMap.putVal(Ljava/lang/Object;Ljava/lang/Object;Z)Ljava/lang/Object; @ 159 c2
Event: 8.066 Thread 0x000001f755f88800 Uncommon trap: reason=class_check action=maybe_recompile pc=0x000001f76515f3b8 method=java.util.concurrent.ConcurrentHashMap.putVal(Ljava/lang/Object;Ljava/lang/Object;Z)Ljava/lang/Object; @ 159 c2
Event: 8.131 Thread 0x000001f755f88800 Uncommon trap: reason=unstable_if action=reinterpret pc=0x000001f7652756dc method=java.lang.reflect.Method.equals(Ljava/lang/Object;)Z @ 49 c2
Event: 8.263 Thread 0x000001f755f88800 Uncommon trap: reason=unstable_if action=reinterpret pc=0x000001f765248a90 method=org.springframework.beans.factory.support.AbstractBeanFactory.isTypeMatch(Ljava/lang/String;Lorg/springframework/core/ResolvableType;Z)Z @ 72 c2
Event: 8.865 Thread 0x000001f755f88800 Uncommon trap: reason=unstable_if action=reinterpret pc=0x000001f7651f0ac8 method=java.util.Properties$LineReader.readLine()I @ 221 c2
Event: 8.871 Thread 0x000001f755f88800 Uncommon trap: reason=unstable_if action=reinterpret pc=0x000001f7651dbb9c method=java.nio.Buffer.position(I)Ljava/nio/Buffer; @ 37 c2
Event: 8.880 Thread 0x000001f755f88800 Uncommon trap: reason=null_check action=make_not_entrant pc=0x000001f765231630 method=org.springframework.beans.factory.support.DefaultListableBeanFactory.getBeanDefinition(Ljava/lang/String;)Lorg/springframework/beans/factory/config/BeanDefinition; @ 10 
Event: 9.101 Thread 0x000001f755f88800 Uncommon trap: reason=unstable_if action=reinterpret pc=0x000001f7651a3ddc method=org.springframework.util.ConcurrentReferenceHashMap$Segment.clear()V @ 7 c2
Event: 9.127 Thread 0x000001f755f88800 Uncommon trap: reason=unstable_if action=reinterpret pc=0x000001f7651deafc method=java.util.LinkedHashMap.get(Ljava/lang/Object;)Ljava/lang/Object; @ 20 c2
Event: 9.311 Thread 0x000001f755f88800 Uncommon trap: reason=predicate action=maybe_recompile pc=0x000001f7652975b0 method=java.util.AbstractCollection.toArray([Ljava/lang/Object;)[Ljava/lang/Object; @ 43 c2

Classes redefined (0 events):
No events

Internal exceptions (10 events):
Event: 8.912 Thread 0x000001f755f88800 Exception <a 'java/lang/ClassNotFoundException'{0x0000000085df0448}: org/springframework/beans/factory/AwareCustomizer> (0x0000000085df0448) thrown at [./open/src/hotspot/share/classfile/systemDictionary.cpp, line 226]
Event: 8.947 Thread 0x000001f755f88800 Exception <a 'java/lang/ClassNotFoundException'{0x000000008b805440}: org/springframework/core/env/EnvironmentCapableCustomizer> (0x000000008b805440) thrown at [./open/src/hotspot/share/classfile/systemDictionary.cpp, line 226]
Event: 8.948 Thread 0x000001f755f88800 Exception <a 'java/lang/ClassNotFoundException'{0x000000008b81aba8}: org/springframework/context/EnvironmentAwareCustomizer> (0x000000008b81aba8) thrown at [./open/src/hotspot/share/classfile/systemDictionary.cpp, line 226]
Event: 8.949 Thread 0x000001f755f88800 Exception <a 'java/lang/ClassNotFoundException'{0x000000008b82edd8}: org/springframework/beans/factory/AwareCustomizer> (0x000000008b82edd8) thrown at [./open/src/hotspot/share/classfile/systemDictionary.cpp, line 226]
Event: 8.950 Thread 0x000001f755f88800 Exception <a 'java/lang/ClassNotFoundException'{0x000000008b83f4d0}: javax/servlet/ServletCustomizer> (0x000000008b83f4d0) thrown at [./open/src/hotspot/share/classfile/systemDictionary.cpp, line 226]
Event: 8.951 Thread 0x000001f755f88800 Exception <a 'java/lang/ClassNotFoundException'{0x000000008b853a10}: javax/servlet/ServletConfigCustomizer> (0x000000008b853a10) thrown at [./open/src/hotspot/share/classfile/systemDictionary.cpp, line 226]
Event: 9.120 Thread 0x000001f755f88800 Exception <a 'java/lang/ClassNotFoundException'{0x000000008b88e978}: java/lang/ObjectCustomizer> (0x000000008b88e978) thrown at [./open/src/hotspot/share/classfile/systemDictionary.cpp, line 226]
Event: 9.120 Thread 0x000001f755f88800 Exception <a 'java/lang/ClassNotFoundException'{0x000000008b8a7338}: com/training/springboot/Application/MyControllerTestCustomizer> (0x000000008b8a7338) thrown at [./open/src/hotspot/share/classfile/systemDictionary.cpp, line 226]
Event: 9.205 Thread 0x000001f755f88800 Exception <a 'java/lang/NoSuchMethodError'{0x000000008b779228}: java.lang.invoke.DirectMethodHandle$Holder.invokeSpecial(Ljava/lang/Object;Ljava/lang/Object;Ljava/lang/Object;Ljava/lang/Object;Ljava/lang/Object;I)Ljava/lang/Object;> (0x000000008b779228) t
Event: 9.206 Thread 0x000001f755f88800 Exception <a 'java/lang/NoSuchMethodError'{0x000000008b77c918}: java.lang.invoke.Invokers$Holder.linkToTargetMethod(Ljava/lang/Object;Ljava/lang/Object;Ljava/lang/Object;ILjava/lang/Object;)Ljava/lang/Object;> (0x000000008b77c918) thrown at [./open/src/ho

Events (10 events):
Event: 9.581 loading class net/bytebuddy/dynamic/scaffold/MethodGraph$Compiler$Default$Key$Store$Entry$Resolved done
Event: 9.581 loading class net/bytebuddy/dynamic/scaffold/MethodGraph$Compiler$Default$Key$Store$Entry$Ambiguous
Event: 9.581 loading class net/bytebuddy/dynamic/scaffold/MethodGraph$Compiler$Default$Key$Store$Entry$Ambiguous done
Event: 9.582 loading class net/bytebuddy/description/type/TypeList$Generic$ForDetachedTypes$WithResolvedErasure
Event: 9.582 loading class net/bytebuddy/description/type/TypeList$Generic$ForDetachedTypes$WithResolvedErasure done
Event: 9.583 loading class net/bytebuddy/description/type/TypeList$Generic$OfLoadedInterfaceTypes
Event: 9.583 loading class net/bytebuddy/description/type/TypeList$Generic$OfLoadedInterfaceTypes done
Event: 9.584 loading class net/bytebuddy/description/method/MethodList$TypeSubstituting
Event: 9.584 loading class net/bytebuddy/description/method/MethodList$TypeSubstituting done
Event: 9.584 Executing VM operation: CollectForMetadataAllocation


Dynamic libraries:
0x00007ff7fff90000 - 0x00007ff7fff9f000 	C:\Program Files\Java\jdk-11.0.15\bin\java.exe
0x00007ff89dab0000 - 0x00007ff89dca8000 	C:\Windows\SYSTEM32\ntdll.dll
0x00007ff89d0f0000 - 0x00007ff89d1ad000 	C:\Windows\System32\KERNEL32.DLL
0x00007ff89b4a0000 - 0x00007ff89b76e000 	C:\Windows\System32\KERNELBASE.dll
0x00007ff89b2a0000 - 0x00007ff89b3a0000 	C:\Windows\System32\ucrtbase.dll
0x00007ff8875e0000 - 0x00007ff8875f5000 	C:\Program Files\Java\jdk-11.0.15\bin\VCRUNTIME140.dll
0x00007ff887600000 - 0x00007ff887618000 	C:\Program Files\Java\jdk-11.0.15\bin\jli.dll
0x00007ff89d820000 - 0x00007ff89d8ce000 	C:\Windows\System32\ADVAPI32.dll
0x00007ff89d410000 - 0x00007ff89d4ae000 	C:\Windows\System32\msvcrt.dll
0x00007ff89bb10000 - 0x00007ff89bbac000 	C:\Windows\System32\sechost.dll
0x00007ff89d5c0000 - 0x00007ff89d6e5000 	C:\Windows\System32\RPCRT4.dll
0x00007ff89bbb0000 - 0x00007ff89bd50000 	C:\Windows\System32\USER32.dll
0x00007ff89b1d0000 - 0x00007ff89b1f2000 	C:\Windows\System32\win32u.dll
0x00007ff89d4b0000 - 0x00007ff89d4da000 	C:\Windows\System32\GDI32.dll
0x00007ff89b770000 - 0x00007ff89b87b000 	C:\Windows\System32\gdi32full.dll
0x00007ff887340000 - 0x00007ff8875da000 	C:\Windows\WinSxS\amd64_microsoft.windows.common-controls_6595b64144ccf1df_6.0.19041.1110_none_60b5254171f9507e\COMCTL32.dll
0x00007ff89b200000 - 0x00007ff89b29d000 	C:\Windows\System32\msvcp_win.dll
0x00007ff8930e0000 - 0x00007ff8930ea000 	C:\Windows\SYSTEM32\VERSION.dll
0x00007ff89c7c0000 - 0x00007ff89c7f0000 	C:\Windows\System32\IMM32.DLL
0x00007ff8872a0000 - 0x00007ff88733b000 	C:\Program Files\Java\jdk-11.0.15\bin\msvcp140.dll
0x00007ff886780000 - 0x00007ff887296000 	C:\Program Files\Java\jdk-11.0.15\bin\server\jvm.dll
0x00007ff89da60000 - 0x00007ff89da68000 	C:\Windows\System32\PSAPI.DLL
0x00007ff886770000 - 0x00007ff886779000 	C:\Windows\SYSTEM32\WSOCK32.dll
0x00007ff89d750000 - 0x00007ff89d7bb000 	C:\Windows\System32\WS2_32.dll
0x00007ff88f120000 - 0x00007ff88f147000 	C:\Windows\SYSTEM32\WINMM.dll
0x00007ff8990b0000 - 0x00007ff8990c2000 	C:\Windows\SYSTEM32\kernel.appcore.dll
0x00007ff885a70000 - 0x00007ff885a80000 	C:\Program Files\Java\jdk-11.0.15\bin\verify.dll
0x00007ff88f1a0000 - 0x00007ff88f384000 	C:\Windows\SYSTEM32\DBGHELP.DLL
0x00007ff88f020000 - 0x00007ff88f04c000 	C:\Windows\SYSTEM32\dbgcore.DLL
0x00007ff89b410000 - 0x00007ff89b492000 	C:\Windows\System32\bcryptPrimitives.dll
0x00007ff885a40000 - 0x00007ff885a68000 	C:\Program Files\Java\jdk-11.0.15\bin\java.dll
0x00007ff885a30000 - 0x00007ff885a3a000 	C:\Program Files\Java\jdk-11.0.15\bin\jimage.dll
0x00007ff8881e0000 - 0x00007ff8881ee000 	C:\Program Files\Java\jdk-11.0.15\bin\instrument.dll
0x00007ff885a10000 - 0x00007ff885a26000 	C:\Program Files\Java\jdk-11.0.15\bin\zip.dll
0x00007ff89c860000 - 0x00007ff89cfa4000 	C:\Windows\System32\SHELL32.dll
0x00007ff8992b0000 - 0x00007ff899a44000 	C:\Windows\SYSTEM32\windows.storage.dll
0x00007ff89bd50000 - 0x00007ff89c0a4000 	C:\Windows\System32\combase.dll
0x00007ff89aa80000 - 0x00007ff89aab0000 	C:\Windows\SYSTEM32\Wldp.dll
0x00007ff89d1b0000 - 0x00007ff89d25d000 	C:\Windows\System32\SHCORE.dll
0x00007ff89da00000 - 0x00007ff89da55000 	C:\Windows\System32\shlwapi.dll
0x00007ff89b110000 - 0x00007ff89b12f000 	C:\Windows\SYSTEM32\profapi.dll
0x00007ff885680000 - 0x00007ff885699000 	C:\Program Files\Java\jdk-11.0.15\bin\net.dll
0x00007ff892c80000 - 0x00007ff892d8a000 	C:\Windows\SYSTEM32\WINHTTP.dll
0x00007ff89a860000 - 0x00007ff89a8ca000 	C:\Windows\system32\mswsock.dll
0x00007ff885660000 - 0x00007ff885672000 	C:\Program Files\Java\jdk-11.0.15\bin\nio.dll
0x00007ff882c30000 - 0x00007ff882c4a000 	C:\Program Files\JetBrains\IntelliJ IDEA Community Edition 2022.2.1\bin\breakgen64.dll
0x00007ff885770000 - 0x00007ff885779000 	C:\Program Files\Java\jdk-11.0.15\bin\management.dll
0x00007ff885760000 - 0x00007ff88576b000 	C:\Program Files\Java\jdk-11.0.15\bin\management_ext.dll
0x00007ff88a780000 - 0x00007ff88a797000 	C:\Windows\system32\napinsp.dll
0x00007ff88a760000 - 0x00007ff88a77b000 	C:\Windows\system32\pnrpnsp.dll
0x00007ff88a740000 - 0x00007ff88a755000 	C:\Windows\system32\wshbth.dll
0x00007ff896a50000 - 0x00007ff896a6d000 	C:\Windows\system32\NLAapi.dll
0x00007ff89a570000 - 0x00007ff89a5ab000 	C:\Windows\SYSTEM32\IPHLPAPI.DLL
0x00007ff89a5b0000 - 0x00007ff89a67a000 	C:\Windows\SYSTEM32\DNSAPI.dll
0x00007ff89c850000 - 0x00007ff89c858000 	C:\Windows\System32\NSI.dll
0x00007ff88a720000 - 0x00007ff88a732000 	C:\Windows\System32\winrnr.dll
0x00007ff8928e0000 - 0x00007ff8928ea000 	C:\Windows\System32\rasadhlp.dll
0x00007ff892f00000 - 0x00007ff892f80000 	C:\Windows\System32\fwpuclnt.dll
0x00007ff89b8d0000 - 0x00007ff89b8f7000 	C:\Windows\System32\bcrypt.dll

dbghelp: loaded successfully - version: 4.0.5 - missing functions: none
symbol engine: initialized successfully - sym options: 0x614 - pdb path: .;C:\Program Files\Java\jdk-11.0.15\bin;C:\Windows\SYSTEM32;C:\Windows\WinSxS\amd64_microsoft.windows.common-controls_6595b64144ccf1df_6.0.19041.1110_none_60b5254171f9507e;C:\Program Files\Java\jdk-11.0.15\bin\server;C:\Program Files\JetBrains\IntelliJ IDEA Community Edition 2022.2.1\bin

VM Arguments:
jvm_args: -ea -Didea.test.cyclic.buffer.size=1048576 -javaagent:C:\Program Files\JetBrains\IntelliJ IDEA Community Edition 2022.2.1\lib\idea_rt.jar=64123:C:\Program Files\JetBrains\IntelliJ IDEA Community Edition 2022.2.1\bin -Dfile.encoding=UTF-8 
java_command: com.intellij.rt.junit.JUnitStarter -ideVersion5 -junit5 com.training.springboot.Application.MyControllerTest,MyController_basic
java_class_path (initial): C:\Users\sfjbs\.m2\repository\org\junit\platform\junit-platform-launcher\1.8.2\junit-platform-launcher-1.8.2.jar;C:\Program Files\JetBrains\IntelliJ IDEA Community Edition 2022.2.1\lib\idea_rt.jar;C:\Program Files\JetBrains\IntelliJ IDEA Community Edition 2022.2.1\plugins\junit\lib\junit5-rt.jar;C:\Program Files\JetBrains\IntelliJ IDEA Community Edition 2022.2.1\plugins\junit\lib\junit-rt.jar;C:\Users\sfjbs\Downloads\spring-boot-h2-main\spring-boot-h2-main\target\test-classes;C:\Users\sfjbs\Downloads\spring-boot-h2-main\spring-boot-h2-main\target\classes;C:\Users\sfjbs\.m2\repository\org\springframework\boot\spring-boot-starter-web\2.6.2\spring-boot-starter-web-2.6.2.jar;C:\Users\sfjbs\.m2\repository\org\springframework\boot\spring-boot-starter\2.6.2\spring-boot-starter-2.6.2.jar;C:\Users\sfjbs\.m2\repository\org\springframework\boot\spring-boot-starter-logging\2.6.2\spring-boot-starter-logging-2.6.2.jar;C:\Users\sfjbs\.m2\repository\ch\qos\logback\logback-classic\1.2.9\logback-classic-1.2.9.jar;C:\Users\sfjbs\.m2\repository\ch\qos\logback\logback-core\1.2.9\logback-core-1.2.9.jar;C:\Users\sfjbs\.m2\repository\org\apache\logging\log4j\log4j-to-slf4j\2.17.0\log4j-to-slf4j-2.17.0.jar;C:\Users\sfjbs\.m2\repository\org\apache\logging\log4j\log4j-api\2.17.0\log4j-api-2.17.0.jar;C:\Users\sfjbs\.m2\repository\org\slf4j\jul-to-slf4j\1.7.32\jul-to-slf4j-1.7.32.jar;C:\Users\sfjbs\.m2\repository\jakarta\annotation\jakarta.annotation-api\1.3.5\jakarta.annotation-api-1.3.5.jar;C:\Users\sfjbs\.m2\repository\org\yaml\snakeyaml\1.29\snakeyaml-1.29.jar;C:\Users\sfjbs\.m2\repository\org\springframework\boot\spring-boot-starter-json\2.6.2\spring-boot-starter-json-2.6.2.jar;C:\Users\sfjbs\.m2\repository\com\fasterxml\jackson\datatype\jackson-datatype-jdk8\2.13.1\jackson-datatype-jdk8-2.13.1.jar;C:\Users\sfjbs\.m2\repository\com\fasterxml\jackson\datatype\jackson-datatype-jsr310\2.13.1\jackson-datatype-jsr310-2.13.1.jar;C:\Users\sfjbs\.m2\repository\com\fast
Launcher Type: SUN_STANDARD

[Global flags]
     intx CICompilerCount                          = 2                                         {product} {ergonomic}
     uint ConcGCThreads                            = 1                                         {product} {ergonomic}
     uint G1ConcRefinementThreads                  = 2                                         {product} {ergonomic}
   size_t G1HeapRegionSize                         = 1048576                                   {product} {ergonomic}
    uintx GCDrainStackTargetSize                   = 64                                        {product} {ergonomic}
   size_t InitialHeapSize                          = 134217728                                 {product} {ergonomic}
   size_t MarkStackSize                            = 4194304                                   {product} {ergonomic}
   size_t MaxHeapSize                              = 2147483648                                {product} {ergonomic}
   size_t MaxNewSize                               = 1287651328                                {product} {ergonomic}
   size_t MinHeapDeltaBytes                        = 1048576                                   {product} {ergonomic}
    uintx NonNMethodCodeHeapSize                   = 5825164                                {pd product} {ergonomic}
    uintx NonProfiledCodeHeapSize                  = 122916538                              {pd product} {ergonomic}
    uintx ProfiledCodeHeapSize                     = 122916538                              {pd product} {ergonomic}
    uintx ReservedCodeCacheSize                    = 251658240                              {pd product} {ergonomic}
     bool SegmentedCodeCache                       = true                                      {product} {ergonomic}
     bool UseCompressedClassPointers               = true                                 {lp64_product} {ergonomic}
     bool UseCompressedOops                        = true                                 {lp64_product} {ergonomic}
     bool UseG1GC                                  = true                                      {product} {ergonomic}
     bool UseLargePagesIndividualAllocation        = false                                  {pd product} {ergonomic}

Logging:
Log output configuration:
 #0: stdout all=warning uptime,level,tags
 #1: stderr all=off uptime,level,tags

Environment Variables:
PATH=C:\Program Files\Common Files\Oracle\Java\javapath;C:\Windows\system32;C:\Windows;C:\Windows\System32\Wbem;C:\Windows\System32\WindowsPowerShell\v1.0\;C:\Windows\System32\OpenSSH\;C:\Program Files\PuTTY\;C:\Program Files\Git\cmd;C:\Program Files\Docker\Docker\resources\bin;C:\ProgramData\DockerDesktop\version-bin;C:\Users\sfjbs\Downloads\apache-maven-3.8.6-bin\apache-maven-3.8.6\bin;C:\Users\sfjbs\Downloads\apache-maven-3.8.6-bin\apache-maven-3.8.6\lib;C:\Users\sfjbs\AppData\Local\Microsoft\WindowsApps;C:\Program Files\JetBrains\IntelliJ IDEA Community Edition 2022.2.1\bin;
USERNAME=sfjbs
OS=Windows_NT
PROCESSOR_IDENTIFIER=Intel64 Family 6 Model 85 Stepping 7, GenuineIntel



---------------  S Y S T E M  ---------------

OS: Windows 10 , 64 bit Build 19041 (10.0.19041.1889)
Hyper-V role detected

CPU:total 2 (initial active 2) (1 cores per cpu, 2 threads per core) family 6 model 85 stepping 7 microcode 0xffffffff, cmov, cx8, fxsr, mmx, sse, sse2, sse3, ssse3, sse4.1, sse4.2, popcnt, avx, avx2, aes, clmul, erms, rtm, 3dnowpref, lzcnt, ht, tsc, bmi1, bmi2, adx, evex, fma

Memory: 4k page, system-wide physical 8190M (838M free)
TotalPageFile size 10238M (AvailPageFile size 4M)
current process WorkingSet (physical memory assigned to process): 254M, peak: 257M
current process commit charge ("private bytes"): 353M, peak: 356M

vm_info: Java HotSpot(TM) 64-Bit Server VM (11.0.15+8-LTS-149) for windows-amd64 JRE (11.0.15+8-LTS-149), built on Mar  9 2022 22:42:32 by "mach5one" with MS VC++ 15.9 (VS2017)

END.
