#
# There is insufficient memory for the Java Runtime Environment to continue.
# Native memory allocation (malloc) failed to allocate 737856 bytes for Chunk::new
# Possible reasons:
#   The system is out of physical RAM or swap space
#   The process is running with CompressedOops enabled, and the Java Heap may be blocking the growth of the native heap
# Possible solutions:
#   Reduce memory load on the system
#   Increase physical memory or swap space
#   Check if swap backing store is full
#   Decrease Java heap size (-Xmx/-Xms)
#   Decrease number of Java threads
#   Decrease Java thread stack sizes (-Xss)
#   Set larger code cache with -XX:ReservedCodeCacheSize=
#   JVM is running with Unscaled Compressed Oops mode in which the Java heap is
#     placed in the first 4GB address space. The Java Heap base address is the
#     maximum limit for the native heap growth. Please use -XX:HeapBaseMinAddress
#     to set the Java Heap base and to place the Java Heap above 4GB virtual address.
# This output file may be truncated or incomplete.
#
#  Out of Memory Error (./open/src/hotspot/share/memory/arena.cpp:197), pid=8716, tid=7436
#
# JRE version: Java(TM) SE Runtime Environment 18.9 (11.0.15+8) (build 11.0.15+8-LTS-149)
# Java VM: Java HotSpot(TM) 64-Bit Server VM 18.9 (11.0.15+8-LTS-149, mixed mode, tiered, compressed oops, g1 gc, windows-amd64)
# No core dump will be written. Minidumps are not enabled by default on client versions of Windows
#

---------------  S U M M A R Y ------------

Command Line: -javaagent:C:\Program Files\JetBrains\IntelliJ IDEA Community Edition 2022.2.1\lib\idea_rt.jar=51281:C:\Program Files\JetBrains\IntelliJ IDEA Community Edition 2022.2.1\bin -Dfile.encoding=UTF-8 com.training.springeurekaclient.SpringEurekaClientApplication

Host: Intel(R) Xeon(R) Platinum 8272CL CPU @ 2.60GHz, 2 cores, 7G,  Windows 10 , 64 bit Build 19041 (10.0.19041.1889)
Time: Tue Sep  6 04:39:36 2022 Coordinated Universal Time elapsed time: 3.625712 seconds (0d 0h 0m 3s)

---------------  T H R E A D  ---------------

Current thread (0x000001abff55f800):  JavaThread "C2 CompilerThread0" daemon [_thread_in_native, id=7436, stack(0x0000008a01900000,0x0000008a01a00000)]


Current CompileTask:
C2:   3625 2354   !   4       jdk.internal.loader.BuiltinClassLoader::loadClassOrNull (143 bytes)

Stack: [0x0000008a01900000,0x0000008a01a00000]
Native frames: (J=compiled Java code, j=interpreted, Vv=VM code, C=native code)
V  [jvm.dll+0x629d8a]
V  [jvm.dll+0x7638ff]
V  [jvm.dll+0x764fa9]
V  [jvm.dll+0x765633]
V  [jvm.dll+0x23d9c8]
V  [jvm.dll+0xb2a1c]
V  [jvm.dll+0xb2fdc]
V  [jvm.dll+0x2ae744]
V  [jvm.dll+0x53d4c6]
V  [jvm.dll+0x1f9f75]
V  [jvm.dll+0x1f762d]
V  [jvm.dll+0x177c51]
V  [jvm.dll+0x207026]
V  [jvm.dll+0x2051bb]
V  [jvm.dll+0x729820]
V  [jvm.dll+0x7223f4]
V  [jvm.dll+0x628c26]
C  [ucrtbase.dll+0x21bb2]
C  [KERNEL32.DLL+0x17034]
C  [ntdll.dll+0x52651]


---------------  P R O C E S S  ---------------

Threads class SMR info:
_java_thread_list=0x000001ab903e3c90, length=11, elements={
0x000001abef313000, 0x000001abff54b000, 0x000001abff54c800, 0x000001ab8f042800,
0x000001abff55a000, 0x000001abff55c800, 0x000001abff55f800, 0x000001abff589000,
0x000001abff58a000, 0x000001ab8f17d800, 0x000001ab8f2ec800
}

Java Threads: ( => current thread )
  0x000001abef313000 JavaThread "main" [_thread_in_vm, id=4060, stack(0x0000008a00c00000,0x0000008a00d00000)]
  0x000001abff54b000 JavaThread "Reference Handler" daemon [_thread_blocked, id=3672, stack(0x0000008a01400000,0x0000008a01500000)]
  0x000001abff54c800 JavaThread "Finalizer" daemon [_thread_blocked, id=5496, stack(0x0000008a01500000,0x0000008a01600000)]
  0x000001ab8f042800 JavaThread "Signal Dispatcher" daemon [_thread_blocked, id=11832, stack(0x0000008a01600000,0x0000008a01700000)]
  0x000001abff55a000 JavaThread "Attach Listener" daemon [_thread_blocked, id=12976, stack(0x0000008a01700000,0x0000008a01800000)]
  0x000001abff55c800 JavaThread "Service Thread" daemon [_thread_blocked, id=6736, stack(0x0000008a01800000,0x0000008a01900000)]
=>0x000001abff55f800 JavaThread "C2 CompilerThread0" daemon [_thread_in_native, id=7436, stack(0x0000008a01900000,0x0000008a01a00000)]
  0x000001abff589000 JavaThread "C1 CompilerThread0" daemon [_thread_in_vm, id=5400, stack(0x0000008a01a00000,0x0000008a01b00000)]
  0x000001abff58a000 JavaThread "Sweeper thread" daemon [_thread_blocked, id=4340, stack(0x0000008a01b00000,0x0000008a01c00000)]
  0x000001ab8f17d800 JavaThread "Common-Cleaner" daemon [_thread_blocked, id=5116, stack(0x0000008a01c00000,0x0000008a01d00000)]
  0x000001ab8f2ec800 JavaThread "Monitor Ctrl-Break" daemon [_thread_in_native, id=13160, stack(0x0000008a01d00000,0x0000008a01e00000)]

Other Threads:
  0x000001abff537800 VMThread "VM Thread" [stack: 0x0000008a01300000,0x0000008a01400000] [id=11508]
  0x000001ab8f2ed000 WatcherThread [stack: 0x0000008a01e00000,0x0000008a01f00000] [id=6720]
  0x000001abef328000 GCTaskThread "GC Thread#0" [stack: 0x0000008a00e00000,0x0000008a00f00000] [id=4220]
  0x000001ab8f353800 GCTaskThread "GC Thread#1" [stack: 0x0000008a01f00000,0x0000008a02000000] [id=2012]
  0x000001abef35a800 ConcurrentGCThread "G1 Main Marker" [stack: 0x0000008a00f00000,0x0000008a01000000] [id=10576]
  0x000001abef35d800 ConcurrentGCThread "G1 Conc#0" [stack: 0x0000008a01000000,0x0000008a01100000] [id=12820]
  0x000001abef3e3800 ConcurrentGCThread "G1 Refine#0" [stack: 0x0000008a01100000,0x0000008a01200000] [id=6236]
  0x000001abef3e5800 ConcurrentGCThread "G1 Young RemSet Sampling" [stack: 0x0000008a01200000,0x0000008a01300000] [id=12704]

Threads with active compile tasks:
C2 CompilerThread0   3642 2354   !   4       jdk.internal.loader.BuiltinClassLoader::loadClassOrNull (143 bytes)
C1 CompilerThread0   3642 2380       3       org.springframework.cglib.core.CodeEmitter::mark (9 bytes)

VM state:not at safepoint (normal execution)

VM Mutex/Monitor currently owned by a thread: None

Heap address: 0x0000000080000000, size: 2048 MB, Compressed Oops mode: 32-bit
Narrow klass base: 0x0000000000000000, Narrow klass shift: 3
Compressed class space size: 1073741824 Address: 0x0000000100000000

Heap:
 garbage-first heap   total 173056K, used 41429K [0x0000000080000000, 0x0000000100000000)
  region size 1024K, 38 young (38912K), 3 survivors (3072K)
 Metaspace       used 26925K, capacity 27577K, committed 27824K, reserved 1073152K
  class space    used 2996K, capacity 3240K, committed 3328K, reserved 1048576K
Heap Regions: E=young(eden), S=young(survivor), O=old, HS=humongous(starts), HC=humongous(continues), CS=collection set, F=free, A=archive, TAMS=top-at-mark-start (previous, next)
|   0|0x0000000080000000, 0x0000000080100000, 0x0000000080100000|100%| O|  |TAMS 0x0000000080100000, 0x0000000080000000| Untracked 
|   1|0x0000000080100000, 0x0000000080200000, 0x0000000080200000|100%| O|  |TAMS 0x0000000080200000, 0x0000000080100000| Untracked 
|   2|0x0000000080200000, 0x0000000080300000, 0x0000000080300000|100%| O|  |TAMS 0x0000000080300000, 0x0000000080200000| Untracked 
|   3|0x0000000080300000, 0x0000000080400000, 0x0000000080400000|100%| O|  |TAMS 0x0000000080400000, 0x0000000080300000| Untracked 
|   4|0x0000000080400000, 0x0000000080500000, 0x0000000080500000|100%| O|  |TAMS 0x0000000080500000, 0x0000000080400000| Untracked 
|   5|0x0000000080500000, 0x0000000080530400, 0x0000000080600000| 18%| O|  |TAMS 0x0000000080530400, 0x0000000080500000| Untracked 
|   6|0x0000000080600000, 0x0000000080600000, 0x0000000080700000|  0%| F|  |TAMS 0x0000000080600000, 0x0000000080600000| Untracked 
|   7|0x0000000080700000, 0x0000000080700000, 0x0000000080800000|  0%| F|  |TAMS 0x0000000080700000, 0x0000000080700000| Untracked 
|   8|0x0000000080800000, 0x0000000080800000, 0x0000000080900000|  0%| F|  |TAMS 0x0000000080800000, 0x0000000080800000| Untracked 
|   9|0x0000000080900000, 0x0000000080900000, 0x0000000080a00000|  0%| F|  |TAMS 0x0000000080900000, 0x0000000080900000| Untracked 
|  10|0x0000000080a00000, 0x0000000080a00000, 0x0000000080b00000|  0%| F|  |TAMS 0x0000000080a00000, 0x0000000080a00000| Untracked 
|  11|0x0000000080b00000, 0x0000000080b00000, 0x0000000080c00000|  0%| F|  |TAMS 0x0000000080b00000, 0x0000000080b00000| Untracked 
|  12|0x0000000080c00000, 0x0000000080c00000, 0x0000000080d00000|  0%| F|  |TAMS 0x0000000080c00000, 0x0000000080c00000| Untracked 
|  13|0x0000000080d00000, 0x0000000080d00000, 0x0000000080e00000|  0%| F|  |TAMS 0x0000000080d00000, 0x0000000080d00000| Untracked 
|  14|0x0000000080e00000, 0x0000000080e00000, 0x0000000080f00000|  0%| F|  |TAMS 0x0000000080e00000, 0x0000000080e00000| Untracked 
|  15|0x0000000080f00000, 0x0000000080f00000, 0x0000000081000000|  0%| F|  |TAMS 0x0000000080f00000, 0x0000000080f00000| Untracked 
|  16|0x0000000081000000, 0x0000000081000000, 0x0000000081100000|  0%| F|  |TAMS 0x0000000081000000, 0x0000000081000000| Untracked 
|  17|0x0000000081100000, 0x0000000081100000, 0x0000000081200000|  0%| F|  |TAMS 0x0000000081100000, 0x0000000081100000| Untracked 
|  18|0x0000000081200000, 0x0000000081200000, 0x0000000081300000|  0%| F|  |TAMS 0x0000000081200000, 0x0000000081200000| Untracked 
|  19|0x0000000081300000, 0x0000000081300000, 0x0000000081400000|  0%| F|  |TAMS 0x0000000081300000, 0x0000000081300000| Untracked 
|  20|0x0000000081400000, 0x0000000081400000, 0x0000000081500000|  0%| F|  |TAMS 0x0000000081400000, 0x0000000081400000| Untracked 
|  21|0x0000000081500000, 0x0000000081500000, 0x0000000081600000|  0%| F|  |TAMS 0x0000000081500000, 0x0000000081500000| Untracked 
|  22|0x0000000081600000, 0x0000000081600000, 0x0000000081700000|  0%| F|  |TAMS 0x0000000081600000, 0x0000000081600000| Untracked 
|  23|0x0000000081700000, 0x0000000081700000, 0x0000000081800000|  0%| F|  |TAMS 0x0000000081700000, 0x0000000081700000| Untracked 
|  24|0x0000000081800000, 0x0000000081800000, 0x0000000081900000|  0%| F|  |TAMS 0x0000000081800000, 0x0000000081800000| Untracked 
|  25|0x0000000081900000, 0x0000000081900000, 0x0000000081a00000|  0%| F|  |TAMS 0x0000000081900000, 0x0000000081900000| Untracked 
|  26|0x0000000081a00000, 0x0000000081a00000, 0x0000000081b00000|  0%| F|  |TAMS 0x0000000081a00000, 0x0000000081a00000| Untracked 
|  27|0x0000000081b00000, 0x0000000081b00000, 0x0000000081c00000|  0%| F|  |TAMS 0x0000000081b00000, 0x0000000081b00000| Untracked 
|  28|0x0000000081c00000, 0x0000000081c00000, 0x0000000081d00000|  0%| F|  |TAMS 0x0000000081c00000, 0x0000000081c00000| Untracked 
|  29|0x0000000081d00000, 0x0000000081d00000, 0x0000000081e00000|  0%| F|  |TAMS 0x0000000081d00000, 0x0000000081d00000| Untracked 
|  30|0x0000000081e00000, 0x0000000081e00000, 0x0000000081f00000|  0%| F|  |TAMS 0x0000000081e00000, 0x0000000081e00000| Untracked 
|  31|0x0000000081f00000, 0x0000000081f00000, 0x0000000082000000|  0%| F|  |TAMS 0x0000000081f00000, 0x0000000081f00000| Untracked 
|  32|0x0000000082000000, 0x0000000082000000, 0x0000000082100000|  0%| F|  |TAMS 0x0000000082000000, 0x0000000082000000| Untracked 
|  33|0x0000000082100000, 0x0000000082100000, 0x0000000082200000|  0%| F|  |TAMS 0x0000000082100000, 0x0000000082100000| Untracked 
|  34|0x0000000082200000, 0x0000000082200000, 0x0000000082300000|  0%| F|  |TAMS 0x0000000082200000, 0x0000000082200000| Untracked 
|  35|0x0000000082300000, 0x0000000082300000, 0x0000000082400000|  0%| F|  |TAMS 0x0000000082300000, 0x0000000082300000| Untracked 
|  36|0x0000000082400000, 0x0000000082400000, 0x0000000082500000|  0%| F|  |TAMS 0x0000000082400000, 0x0000000082400000| Untracked 
|  37|0x0000000082500000, 0x0000000082500000, 0x0000000082600000|  0%| F|  |TAMS 0x0000000082500000, 0x0000000082500000| Untracked 
|  38|0x0000000082600000, 0x0000000082600000, 0x0000000082700000|  0%| F|  |TAMS 0x0000000082600000, 0x0000000082600000| Untracked 
|  39|0x0000000082700000, 0x0000000082700000, 0x0000000082800000|  0%| F|  |TAMS 0x0000000082700000, 0x0000000082700000| Untracked 
|  40|0x0000000082800000, 0x0000000082800000, 0x0000000082900000|  0%| F|  |TAMS 0x0000000082800000, 0x0000000082800000| Untracked 
|  41|0x0000000082900000, 0x0000000082900000, 0x0000000082a00000|  0%| F|  |TAMS 0x0000000082900000, 0x0000000082900000| Untracked 
|  42|0x0000000082a00000, 0x0000000082a00000, 0x0000000082b00000|  0%| F|  |TAMS 0x0000000082a00000, 0x0000000082a00000| Untracked 
|  43|0x0000000082b00000, 0x0000000082b00000, 0x0000000082c00000|  0%| F|  |TAMS 0x0000000082b00000, 0x0000000082b00000| Untracked 
|  44|0x0000000082c00000, 0x0000000082c00000, 0x0000000082d00000|  0%| F|  |TAMS 0x0000000082c00000, 0x0000000082c00000| Untracked 
|  45|0x0000000082d00000, 0x0000000082d00000, 0x0000000082e00000|  0%| F|  |TAMS 0x0000000082d00000, 0x0000000082d00000| Untracked 
|  46|0x0000000082e00000, 0x0000000082e00000, 0x0000000082f00000|  0%| F|  |TAMS 0x0000000082e00000, 0x0000000082e00000| Untracked 
|  47|0x0000000082f00000, 0x0000000082f00000, 0x0000000083000000|  0%| F|  |TAMS 0x0000000082f00000, 0x0000000082f00000| Untracked 
|  48|0x0000000083000000, 0x0000000083000000, 0x0000000083100000|  0%| F|  |TAMS 0x0000000083000000, 0x0000000083000000| Untracked 
|  49|0x0000000083100000, 0x0000000083100000, 0x0000000083200000|  0%| F|  |TAMS 0x0000000083100000, 0x0000000083100000| Untracked 
|  50|0x0000000083200000, 0x0000000083200000, 0x0000000083300000|  0%| F|  |TAMS 0x0000000083200000, 0x0000000083200000| Untracked 
|  51|0x0000000083300000, 0x0000000083300000, 0x0000000083400000|  0%| F|  |TAMS 0x0000000083300000, 0x0000000083300000| Untracked 
|  52|0x0000000083400000, 0x0000000083400000, 0x0000000083500000|  0%| F|  |TAMS 0x0000000083400000, 0x0000000083400000| Untracked 
|  53|0x0000000083500000, 0x0000000083500000, 0x0000000083600000|  0%| F|  |TAMS 0x0000000083500000, 0x0000000083500000| Untracked 
|  54|0x0000000083600000, 0x0000000083600000, 0x0000000083700000|  0%| F|  |TAMS 0x0000000083600000, 0x0000000083600000| Untracked 
|  55|0x0000000083700000, 0x0000000083700000, 0x0000000083800000|  0%| F|  |TAMS 0x0000000083700000, 0x0000000083700000| Untracked 
|  56|0x0000000083800000, 0x0000000083800000, 0x0000000083900000|  0%| F|  |TAMS 0x0000000083800000, 0x0000000083800000| Untracked 
|  57|0x0000000083900000, 0x0000000083900000, 0x0000000083a00000|  0%| F|  |TAMS 0x0000000083900000, 0x0000000083900000| Untracked 
|  58|0x0000000083a00000, 0x0000000083a00000, 0x0000000083b00000|  0%| F|  |TAMS 0x0000000083a00000, 0x0000000083a00000| Untracked 
|  59|0x0000000083b00000, 0x0000000083b00000, 0x0000000083c00000|  0%| F|  |TAMS 0x0000000083b00000, 0x0000000083b00000| Untracked 
|  60|0x0000000083c00000, 0x0000000083c00000, 0x0000000083d00000|  0%| F|  |TAMS 0x0000000083c00000, 0x0000000083c00000| Untracked 
|  61|0x0000000083d00000, 0x0000000083d00000, 0x0000000083e00000|  0%| F|  |TAMS 0x0000000083d00000, 0x0000000083d00000| Untracked 
|  62|0x0000000083e00000, 0x0000000083e00000, 0x0000000083f00000|  0%| F|  |TAMS 0x0000000083e00000, 0x0000000083e00000| Untracked 
|  63|0x0000000083f00000, 0x0000000083f00000, 0x0000000084000000|  0%| F|  |TAMS 0x0000000083f00000, 0x0000000083f00000| Untracked 
|  64|0x0000000084000000, 0x0000000084000000, 0x0000000084100000|  0%| F|  |TAMS 0x0000000084000000, 0x0000000084000000| Untracked 
|  65|0x0000000084100000, 0x0000000084100000, 0x0000000084200000|  0%| F|  |TAMS 0x0000000084100000, 0x0000000084100000| Untracked 
|  66|0x0000000084200000, 0x0000000084200000, 0x0000000084300000|  0%| F|  |TAMS 0x0000000084200000, 0x0000000084200000| Untracked 
|  67|0x0000000084300000, 0x0000000084300000, 0x0000000084400000|  0%| F|  |TAMS 0x0000000084300000, 0x0000000084300000| Untracked 
|  68|0x0000000084400000, 0x0000000084400000, 0x0000000084500000|  0%| F|  |TAMS 0x0000000084400000, 0x0000000084400000| Untracked 
|  69|0x0000000084500000, 0x0000000084500000, 0x0000000084600000|  0%| F|  |TAMS 0x0000000084500000, 0x0000000084500000| Untracked 
|  70|0x0000000084600000, 0x0000000084600000, 0x0000000084700000|  0%| F|  |TAMS 0x0000000084600000, 0x0000000084600000| Untracked 
|  71|0x0000000084700000, 0x0000000084700000, 0x0000000084800000|  0%| F|  |TAMS 0x0000000084700000, 0x0000000084700000| Untracked 
|  72|0x0000000084800000, 0x0000000084800000, 0x0000000084900000|  0%| F|  |TAMS 0x0000000084800000, 0x0000000084800000| Untracked 
|  73|0x0000000084900000, 0x0000000084900000, 0x0000000084a00000|  0%| F|  |TAMS 0x0000000084900000, 0x0000000084900000| Untracked 
|  74|0x0000000084a00000, 0x0000000084a00000, 0x0000000084b00000|  0%| F|  |TAMS 0x0000000084a00000, 0x0000000084a00000| Untracked 
|  75|0x0000000084b00000, 0x0000000084b00000, 0x0000000084c00000|  0%| F|  |TAMS 0x0000000084b00000, 0x0000000084b00000| Untracked 
|  76|0x0000000084c00000, 0x0000000084c00000, 0x0000000084d00000|  0%| F|  |TAMS 0x0000000084c00000, 0x0000000084c00000| Untracked 
|  77|0x0000000084d00000, 0x0000000084d00000, 0x0000000084e00000|  0%| F|  |TAMS 0x0000000084d00000, 0x0000000084d00000| Untracked 
|  78|0x0000000084e00000, 0x0000000084e00000, 0x0000000084f00000|  0%| F|  |TAMS 0x0000000084e00000, 0x0000000084e00000| Untracked 
|  79|0x0000000084f00000, 0x0000000084f00000, 0x0000000085000000|  0%| F|  |TAMS 0x0000000084f00000, 0x0000000084f00000| Untracked 
|  80|0x0000000085000000, 0x0000000085000000, 0x0000000085100000|  0%| F|  |TAMS 0x0000000085000000, 0x0000000085000000| Untracked 
|  81|0x0000000085100000, 0x0000000085100000, 0x0000000085200000|  0%| F|  |TAMS 0x0000000085100000, 0x0000000085100000| Untracked 
|  82|0x0000000085200000, 0x0000000085200000, 0x0000000085300000|  0%| F|  |TAMS 0x0000000085200000, 0x0000000085200000| Untracked 
|  83|0x0000000085300000, 0x0000000085300000, 0x0000000085400000|  0%| F|  |TAMS 0x0000000085300000, 0x0000000085300000| Untracked 
|  84|0x0000000085400000, 0x0000000085400000, 0x0000000085500000|  0%| F|  |TAMS 0x0000000085400000, 0x0000000085400000| Untracked 
|  85|0x0000000085500000, 0x0000000085500000, 0x0000000085600000|  0%| F|  |TAMS 0x0000000085500000, 0x0000000085500000| Untracked 
|  86|0x0000000085600000, 0x0000000085600000, 0x0000000085700000|  0%| F|  |TAMS 0x0000000085600000, 0x0000000085600000| Untracked 
|  87|0x0000000085700000, 0x0000000085700000, 0x0000000085800000|  0%| F|  |TAMS 0x0000000085700000, 0x0000000085700000| Untracked 
|  88|0x0000000085800000, 0x0000000085800000, 0x0000000085900000|  0%| F|  |TAMS 0x0000000085800000, 0x0000000085800000| Untracked 
|  89|0x0000000085900000, 0x0000000085900000, 0x0000000085a00000|  0%| F|  |TAMS 0x0000000085900000, 0x0000000085900000| Untracked 
|  90|0x0000000085a00000, 0x0000000085a00000, 0x0000000085b00000|  0%| F|  |TAMS 0x0000000085a00000, 0x0000000085a00000| Untracked 
|  91|0x0000000085b00000, 0x0000000085b00000, 0x0000000085c00000|  0%| F|  |TAMS 0x0000000085b00000, 0x0000000085b00000| Untracked 
|  92|0x0000000085c00000, 0x0000000085c00000, 0x0000000085d00000|  0%| F|  |TAMS 0x0000000085c00000, 0x0000000085c00000| Untracked 
|  93|0x0000000085d00000, 0x0000000085d00000, 0x0000000085e00000|  0%| F|  |TAMS 0x0000000085d00000, 0x0000000085d00000| Untracked 
|  94|0x0000000085e00000, 0x0000000085e00000, 0x0000000085f00000|  0%| F|  |TAMS 0x0000000085e00000, 0x0000000085e00000| Untracked 
|  95|0x0000000085f00000, 0x0000000085f00000, 0x0000000086000000|  0%| F|  |TAMS 0x0000000085f00000, 0x0000000085f00000| Untracked 
|  96|0x0000000086000000, 0x0000000086000000, 0x0000000086100000|  0%| F|  |TAMS 0x0000000086000000, 0x0000000086000000| Untracked 
|  97|0x0000000086100000, 0x0000000086100000, 0x0000000086200000|  0%| F|  |TAMS 0x0000000086100000, 0x0000000086100000| Untracked 
|  98|0x0000000086200000, 0x0000000086200000, 0x0000000086300000|  0%| F|  |TAMS 0x0000000086200000, 0x0000000086200000| Untracked 
|  99|0x0000000086300000, 0x0000000086300000, 0x0000000086400000|  0%| F|  |TAMS 0x0000000086300000, 0x0000000086300000| Untracked 
| 100|0x0000000086400000, 0x0000000086400000, 0x0000000086500000|  0%| F|  |TAMS 0x0000000086400000, 0x0000000086400000| Untracked 
| 101|0x0000000086500000, 0x0000000086545300, 0x0000000086600000| 27%| S|CS|TAMS 0x0000000086500000, 0x0000000086500000| Complete 
| 102|0x0000000086600000, 0x0000000086700000, 0x0000000086700000|100%| S|CS|TAMS 0x0000000086600000, 0x0000000086600000| Complete 
| 103|0x0000000086700000, 0x0000000086800000, 0x0000000086800000|100%| S|CS|TAMS 0x0000000086700000, 0x0000000086700000| Complete 
| 104|0x0000000086800000, 0x0000000086800000, 0x0000000086900000|  0%| F|  |TAMS 0x0000000086800000, 0x0000000086800000| Untracked 
| 105|0x0000000086900000, 0x0000000086900000, 0x0000000086a00000|  0%| F|  |TAMS 0x0000000086900000, 0x0000000086900000| Untracked 
| 106|0x0000000086a00000, 0x0000000086a00000, 0x0000000086b00000|  0%| F|  |TAMS 0x0000000086a00000, 0x0000000086a00000| Untracked 
| 107|0x0000000086b00000, 0x0000000086b00000, 0x0000000086c00000|  0%| F|  |TAMS 0x0000000086b00000, 0x0000000086b00000| Untracked 
| 108|0x0000000086c00000, 0x0000000086c00000, 0x0000000086d00000|  0%| F|  |TAMS 0x0000000086c00000, 0x0000000086c00000| Untracked 
| 109|0x0000000086d00000, 0x0000000086d00000, 0x0000000086e00000|  0%| F|  |TAMS 0x0000000086d00000, 0x0000000086d00000| Untracked 
| 110|0x0000000086e00000, 0x0000000086e00000, 0x0000000086f00000|  0%| F|  |TAMS 0x0000000086e00000, 0x0000000086e00000| Untracked 
| 111|0x0000000086f00000, 0x0000000086f00000, 0x0000000087000000|  0%| F|  |TAMS 0x0000000086f00000, 0x0000000086f00000| Untracked 
| 112|0x0000000087000000, 0x0000000087000000, 0x0000000087100000|  0%| F|  |TAMS 0x0000000087000000, 0x0000000087000000| Untracked 
| 113|0x0000000087100000, 0x0000000087100000, 0x0000000087200000|  0%| F|  |TAMS 0x0000000087100000, 0x0000000087100000| Untracked 
| 114|0x0000000087200000, 0x0000000087200000, 0x0000000087300000|  0%| F|  |TAMS 0x0000000087200000, 0x0000000087200000| Untracked 
| 115|0x0000000087300000, 0x0000000087300000, 0x0000000087400000|  0%| F|  |TAMS 0x0000000087300000, 0x0000000087300000| Untracked 
| 116|0x0000000087400000, 0x0000000087400000, 0x0000000087500000|  0%| F|  |TAMS 0x0000000087400000, 0x0000000087400000| Untracked 
| 117|0x0000000087500000, 0x0000000087500000, 0x0000000087600000|  0%| F|  |TAMS 0x0000000087500000, 0x0000000087500000| Untracked 
| 118|0x0000000087600000, 0x0000000087600000, 0x0000000087700000|  0%| F|  |TAMS 0x0000000087600000, 0x0000000087600000| Untracked 
| 119|0x0000000087700000, 0x0000000087700000, 0x0000000087800000|  0%| F|  |TAMS 0x0000000087700000, 0x0000000087700000| Untracked 
| 120|0x0000000087800000, 0x0000000087800000, 0x0000000087900000|  0%| F|  |TAMS 0x0000000087800000, 0x0000000087800000| Untracked 
| 121|0x0000000087900000, 0x0000000087900000, 0x0000000087a00000|  0%| F|  |TAMS 0x0000000087900000, 0x0000000087900000| Untracked 
| 122|0x0000000087a00000, 0x0000000087a00000, 0x0000000087b00000|  0%| F|  |TAMS 0x0000000087a00000, 0x0000000087a00000| Untracked 
| 123|0x0000000087b00000, 0x0000000087b00000, 0x0000000087c00000|  0%| F|  |TAMS 0x0000000087b00000, 0x0000000087b00000| Untracked 
| 124|0x0000000087c00000, 0x0000000087c00000, 0x0000000087d00000|  0%| F|  |TAMS 0x0000000087c00000, 0x0000000087c00000| Untracked 
| 125|0x0000000087d00000, 0x0000000087d00000, 0x0000000087e00000|  0%| F|  |TAMS 0x0000000087d00000, 0x0000000087d00000| Untracked 
| 126|0x0000000087e00000, 0x0000000087e00000, 0x0000000087f00000|  0%| F|  |TAMS 0x0000000087e00000, 0x0000000087e00000| Untracked 
| 127|0x0000000087f00000, 0x0000000087f00000, 0x0000000088000000|  0%| F|  |TAMS 0x0000000087f00000, 0x0000000087f00000| Untracked 
| 128|0x0000000088000000, 0x0000000088000000, 0x0000000088100000|  0%| F|  |TAMS 0x0000000088000000, 0x0000000088000000| Untracked 
| 129|0x0000000088100000, 0x0000000088100000, 0x0000000088200000|  0%| F|  |TAMS 0x0000000088100000, 0x0000000088100000| Untracked 
| 130|0x0000000088200000, 0x0000000088200000, 0x0000000088300000|  0%| F|  |TAMS 0x0000000088200000, 0x0000000088200000| Untracked 
| 131|0x0000000088300000, 0x0000000088300000, 0x0000000088400000|  0%| F|  |TAMS 0x0000000088300000, 0x0000000088300000| Untracked 
| 132|0x0000000088400000, 0x0000000088400000, 0x0000000088500000|  0%| F|  |TAMS 0x0000000088400000, 0x0000000088400000| Untracked 
| 133|0x0000000088500000, 0x0000000088574090, 0x0000000088600000| 45%| E|  |TAMS 0x0000000088500000, 0x0000000088500000| Complete 
| 134|0x0000000088600000, 0x0000000088700000, 0x0000000088700000|100%| E|CS|TAMS 0x0000000088600000, 0x0000000088600000| Complete 
| 135|0x0000000088700000, 0x0000000088800000, 0x0000000088800000|100%| E|CS|TAMS 0x0000000088700000, 0x0000000088700000| Complete 
| 136|0x0000000088800000, 0x0000000088900000, 0x0000000088900000|100%| E|CS|TAMS 0x0000000088800000, 0x0000000088800000| Complete 
| 137|0x0000000088900000, 0x0000000088a00000, 0x0000000088a00000|100%| E|CS|TAMS 0x0000000088900000, 0x0000000088900000| Complete 
| 138|0x0000000088a00000, 0x0000000088b00000, 0x0000000088b00000|100%| E|CS|TAMS 0x0000000088a00000, 0x0000000088a00000| Complete 
| 139|0x0000000088b00000, 0x0000000088c00000, 0x0000000088c00000|100%| E|CS|TAMS 0x0000000088b00000, 0x0000000088b00000| Complete 
| 140|0x0000000088c00000, 0x0000000088d00000, 0x0000000088d00000|100%| E|CS|TAMS 0x0000000088c00000, 0x0000000088c00000| Complete 
| 141|0x0000000088d00000, 0x0000000088e00000, 0x0000000088e00000|100%| E|CS|TAMS 0x0000000088d00000, 0x0000000088d00000| Complete 
| 142|0x0000000088e00000, 0x0000000088f00000, 0x0000000088f00000|100%| E|CS|TAMS 0x0000000088e00000, 0x0000000088e00000| Complete 
| 143|0x0000000088f00000, 0x0000000089000000, 0x0000000089000000|100%| E|CS|TAMS 0x0000000088f00000, 0x0000000088f00000| Complete 
| 144|0x0000000089000000, 0x0000000089100000, 0x0000000089100000|100%| E|CS|TAMS 0x0000000089000000, 0x0000000089000000| Complete 
| 145|0x0000000089100000, 0x0000000089200000, 0x0000000089200000|100%| E|CS|TAMS 0x0000000089100000, 0x0000000089100000| Complete 
| 146|0x0000000089200000, 0x0000000089300000, 0x0000000089300000|100%| E|CS|TAMS 0x0000000089200000, 0x0000000089200000| Complete 
| 147|0x0000000089300000, 0x0000000089400000, 0x0000000089400000|100%| E|CS|TAMS 0x0000000089300000, 0x0000000089300000| Complete 
| 148|0x0000000089400000, 0x0000000089500000, 0x0000000089500000|100%| E|CS|TAMS 0x0000000089400000, 0x0000000089400000| Complete 
| 149|0x0000000089500000, 0x0000000089600000, 0x0000000089600000|100%| E|CS|TAMS 0x0000000089500000, 0x0000000089500000| Complete 
| 150|0x0000000089600000, 0x0000000089700000, 0x0000000089700000|100%| E|CS|TAMS 0x0000000089600000, 0x0000000089600000| Complete 
| 151|0x0000000089700000, 0x0000000089800000, 0x0000000089800000|100%| E|CS|TAMS 0x0000000089700000, 0x0000000089700000| Complete 
| 152|0x0000000089800000, 0x0000000089900000, 0x0000000089900000|100%| E|CS|TAMS 0x0000000089800000, 0x0000000089800000| Complete 
| 153|0x0000000089900000, 0x0000000089a00000, 0x0000000089a00000|100%| E|CS|TAMS 0x0000000089900000, 0x0000000089900000| Complete 
| 154|0x0000000089a00000, 0x0000000089b00000, 0x0000000089b00000|100%| E|CS|TAMS 0x0000000089a00000, 0x0000000089a00000| Complete 
| 155|0x0000000089b00000, 0x0000000089c00000, 0x0000000089c00000|100%| E|CS|TAMS 0x0000000089b00000, 0x0000000089b00000| Complete 
| 156|0x0000000089c00000, 0x0000000089d00000, 0x0000000089d00000|100%| E|CS|TAMS 0x0000000089c00000, 0x0000000089c00000| Complete 
| 157|0x0000000089d00000, 0x0000000089e00000, 0x0000000089e00000|100%| E|CS|TAMS 0x0000000089d00000, 0x0000000089d00000| Complete 
| 158|0x0000000089e00000, 0x0000000089f00000, 0x0000000089f00000|100%| E|CS|TAMS 0x0000000089e00000, 0x0000000089e00000| Complete 
| 159|0x0000000089f00000, 0x000000008a000000, 0x000000008a000000|100%| E|CS|TAMS 0x0000000089f00000, 0x0000000089f00000| Complete 
| 160|0x000000008a000000, 0x000000008a100000, 0x000000008a100000|100%| E|CS|TAMS 0x000000008a000000, 0x000000008a000000| Complete 
| 161|0x000000008a100000, 0x000000008a200000, 0x000000008a200000|100%| E|CS|TAMS 0x000000008a100000, 0x000000008a100000| Complete 
| 162|0x000000008a200000, 0x000000008a300000, 0x000000008a300000|100%| E|CS|TAMS 0x000000008a200000, 0x000000008a200000| Complete 
| 163|0x000000008a300000, 0x000000008a400000, 0x000000008a400000|100%| E|CS|TAMS 0x000000008a300000, 0x000000008a300000| Complete 
| 164|0x000000008a400000, 0x000000008a500000, 0x000000008a500000|100%| E|CS|TAMS 0x000000008a400000, 0x000000008a400000| Complete 
| 165|0x000000008a500000, 0x000000008a600000, 0x000000008a600000|100%| E|CS|TAMS 0x000000008a500000, 0x000000008a500000| Complete 
| 166|0x000000008a600000, 0x000000008a700000, 0x000000008a700000|100%| E|CS|TAMS 0x000000008a600000, 0x000000008a600000| Complete 
| 167|0x000000008a700000, 0x000000008a800000, 0x000000008a800000|100%| E|CS|TAMS 0x000000008a700000, 0x000000008a700000| Complete 
| 168|0x000000008a800000, 0x000000008a900000, 0x000000008a900000|100%| E|  |TAMS 0x000000008a800000, 0x000000008a800000| Complete 

Card table byte_map: [0x000001abf8970000,0x000001abf8d70000] _byte_map_base: 0x000001abf8570000

Marking Bits (Prev, Next): (CMBitMap*) 0x000001abef351a00, (CMBitMap*) 0x000001abef3519c8
 Prev Bits: [0x000001abfb170000, 0x000001abfd170000)
 Next Bits: [0x000001abf9170000, 0x000001abfb170000)

Polling page: 0x000001abef160000

Metaspace:

Usage:
  Non-class:     23.77 MB capacity,    23.37 MB ( 98%) used,   334.00 KB (  1%) free+waste,    69.44 KB ( <1%) overhead. 
      Class:      3.16 MB capacity,     2.93 MB ( 92%) used,   208.72 KB (  6%) free+waste,    34.50 KB (  1%) overhead. 
       Both:     26.93 MB capacity,    26.30 MB ( 98%) used,   542.72 KB (  2%) free+waste,   103.94 KB ( <1%) overhead. 

Virtual space:
  Non-class space:       24.00 MB reserved,      23.92 MB (>99%) committed 
      Class space:        1.00 GB reserved,       3.25 MB ( <1%) committed 
             Both:        1.02 GB reserved,      27.17 MB (  3%) committed 

Chunk freelists:
   Non-Class:  3.88 KB
       Class:  3.00 KB
        Both:  6.88 KB

CodeHeap 'non-profiled nmethods': size=120064Kb used=845Kb max_used=845Kb free=119218Kb
 bounds [0x000001ab87ac0000, 0x000001ab87d30000, 0x000001ab8f000000]
CodeHeap 'profiled nmethods': size=120000Kb used=5002Kb max_used=5002Kb free=114997Kb
 bounds [0x000001ab80590000, 0x000001ab80a80000, 0x000001ab87ac0000]
CodeHeap 'non-nmethods': size=5696Kb used=1156Kb max_used=1174Kb free=4539Kb
 bounds [0x000001ab80000000, 0x000001ab80270000, 0x000001ab80590000]
 total_blobs=2864 nmethods=2388 adapters=387
 compilation: enabled
              stopped_count=0, restarted_count=0
 full_count=0

Compilation events (10 events):
Event: 3.570 Thread 0x000001abff589000 2360       3       org.springframework.beans.factory.support.DefaultSingletonBeanRegistry::containsSingleton (11 bytes)
Event: 3.570 Thread 0x000001abff589000 nmethod 2360 0x000001ab80a60690 code [0x000001ab80a60840, 0x000001ab80a60a08]
Event: 3.570 Thread 0x000001abff589000 2361       3       java.util.IdentityHashMap::get (60 bytes)
Event: 3.571 Thread 0x000001abff589000 nmethod 2361 0x000001ab80a60b10 code [0x000001ab80a60ce0, 0x000001ab80a61128]
Event: 3.576 Thread 0x000001abff589000 2362       1       java.lang.reflect.Field::getDeclaringClass (5 bytes)
Event: 3.576 Thread 0x000001abff589000 nmethod 2362 0x000001ab87b92f10 code [0x000001ab87b930a0, 0x000001ab87b93158]
Event: 3.580 Thread 0x000001abff589000 2363       3       java.io.ByteArrayOutputStream::<init> (43 bytes)
Event: 3.581 Thread 0x000001abff589000 nmethod 2363 0x000001ab80a61390 code [0x000001ab80a61600, 0x000001ab80a62018]
Event: 3.606 Thread 0x000001abff589000 2364       3       sun.reflect.annotation.AnnotationType::getInstance (65 bytes)
Event: 3.607 Thread 0x000001abff589000 nmethod 2364 0x000001ab80a62390 code [0x000001ab80a62580, 0x000001ab80a62b88]

GC Heap History (10 events):
Event: 0.626 GC heap before
{Heap before GC invocations=0 (full 0):
 garbage-first heap   total 131072K, used 6144K [0x0000000080000000, 0x0000000100000000)
  region size 1024K, 7 young (7168K), 0 survivors (0K)
 Metaspace       used 6074K, capacity 6151K, committed 6272K, reserved 1056768K
  class space    used 520K, capacity 538K, committed 640K, reserved 1048576K
}
Event: 0.653 GC heap after
{Heap after GC invocations=1 (full 0):
 garbage-first heap   total 131072K, used 4141K [0x0000000080000000, 0x0000000100000000)
  region size 1024K, 1 young (1024K), 1 survivors (1024K)
 Metaspace       used 6074K, capacity 6151K, committed 6272K, reserved 1056768K
  class space    used 520K, capacity 538K, committed 640K, reserved 1048576K
}
Event: 0.988 GC heap before
{Heap before GC invocations=1 (full 0):
 garbage-first heap   total 131072K, used 9261K [0x0000000080000000, 0x0000000100000000)
  region size 1024K, 6 young (6144K), 1 survivors (1024K)
 Metaspace       used 9128K, capacity 9267K, committed 9344K, reserved 1058816K
  class space    used 819K, capacity 874K, committed 896K, reserved 1048576K
}
Event: 0.993 GC heap after
{Heap after GC invocations=2 (full 0):
 garbage-first heap   total 131072K, used 5334K [0x0000000080000000, 0x0000000100000000)
  region size 1024K, 1 young (1024K), 1 survivors (1024K)
 Metaspace       used 9128K, capacity 9267K, committed 9344K, reserved 1058816K
  class space    used 819K, capacity 874K, committed 896K, reserved 1048576K
}
Event: 1.354 GC heap before
{Heap before GC invocations=2 (full 0):
 garbage-first heap   total 131072K, used 15574K [0x0000000080000000, 0x0000000100000000)
  region size 1024K, 11 young (11264K), 1 survivors (1024K)
 Metaspace       used 12045K, capacity 12214K, committed 12288K, reserved 1060864K
  class space    used 1181K, capacity 1265K, committed 1280K, reserved 1048576K
}
Event: 1.360 GC heap after
{Heap after GC invocations=3 (full 0):
 garbage-first heap   total 131072K, used 6002K [0x0000000080000000, 0x0000000100000000)
  region size 1024K, 2 young (2048K), 2 survivors (2048K)
 Metaspace       used 12045K, capacity 12214K, committed 12288K, reserved 1060864K
  class space    used 1181K, capacity 1265K, committed 1280K, reserved 1048576K
}
Event: 1.810 GC heap before
{Heap before GC invocations=3 (full 0):
 garbage-first heap   total 131072K, used 20338K [0x0000000080000000, 0x0000000100000000)
  region size 1024K, 17 young (17408K), 2 survivors (2048K)
 Metaspace       used 15958K, capacity 16275K, committed 16384K, reserved 1064960K
  class space    used 1588K, capacity 1733K, committed 1792K, reserved 1048576K
}
Event: 1.817 GC heap after
{Heap after GC invocations=4 (full 0):
 garbage-first heap   total 131072K, used 6770K [0x0000000080000000, 0x0000000100000000)
  region size 1024K, 2 young (2048K), 2 survivors (2048K)
 Metaspace       used 15958K, capacity 16275K, committed 16384K, reserved 1064960K
  class space    used 1588K, capacity 1733K, committed 1792K, reserved 1048576K
}
Event: 2.376 GC heap before
{Heap before GC invocations=4 (full 0):
 garbage-first heap   total 131072K, used 28274K [0x0000000080000000, 0x0000000100000000)
  region size 1024K, 24 young (24576K), 2 survivors (2048K)
 Metaspace       used 20755K, capacity 21186K, committed 21296K, reserved 1069056K
  class space    used 2235K, capacity 2408K, committed 2432K, reserved 1048576K
}
Event: 2.385 GC heap after
{Heap after GC invocations=5 (full 0):
 garbage-first heap   total 173056K, used 7637K [0x0000000080000000, 0x0000000100000000)
  region size 1024K, 3 young (3072K), 3 survivors (3072K)
 Metaspace       used 20755K, capacity 21186K, committed 21296K, reserved 1069056K
  class space    used 2235K, capacity 2408K, committed 2432K, reserved 1048576K
}

Deoptimization events (10 events):
Event: 2.694 Thread 0x000001abef313000 Uncommon trap: reason=profile_predicate action=maybe_recompile pc=0x000001ab87b4b9d0 method=org.springframework.boot.context.properties.source.ConfigurationPropertyName$Elements.canShortcutWithSource(Lorg/springframework/boot/context/properties/source/Con
Event: 2.694 Thread 0x000001abef313000 Uncommon trap: reason=profile_predicate action=maybe_recompile pc=0x000001ab87b4b9d0 method=org.springframework.boot.context.properties.source.ConfigurationPropertyName$Elements.canShortcutWithSource(Lorg/springframework/boot/context/properties/source/Con
Event: 2.694 Thread 0x000001abef313000 Uncommon trap: reason=profile_predicate action=maybe_recompile pc=0x000001ab87b4b9d0 method=org.springframework.boot.context.properties.source.ConfigurationPropertyName$Elements.canShortcutWithSource(Lorg/springframework/boot/context/properties/source/Con
Event: 2.695 Thread 0x000001abef313000 Uncommon trap: reason=profile_predicate action=maybe_recompile pc=0x000001ab87b4b9d0 method=org.springframework.boot.context.properties.source.ConfigurationPropertyName$Elements.canShortcutWithSource(Lorg/springframework/boot/context/properties/source/Con
Event: 2.730 Thread 0x000001ab8ff6d000 Uncommon trap: reason=unstable_if action=reinterpret pc=0x000001ab87b5a1b8 method=com.sun.org.apache.xerces.internal.util.SymbolTable.addSymbol([CII)Ljava/lang/String; @ 38 c2
Event: 2.768 Thread 0x000001abef313000 Uncommon trap: reason=unstable_if action=reinterpret pc=0x000001ab87b03d00 method=java.util.HashMap.getNode(ILjava/lang/Object;)Ljava/util/HashMap$Node; @ 129 c2
Event: 2.769 Thread 0x000001abef313000 Uncommon trap: reason=unstable_if action=reinterpret pc=0x000001ab87afe08c method=java.util.HashMap.getNode(ILjava/lang/Object;)Ljava/util/HashMap$Node; @ 129 c2
Event: 3.119 Thread 0x000001abef313000 Uncommon trap: reason=unstable_if action=reinterpret pc=0x000001ab87b71354 method=java.lang.String.startsWith(Ljava/lang/String;I)Z @ 1 c2
Event: 3.123 Thread 0x000001abef313000 Uncommon trap: reason=unstable_if action=reinterpret pc=0x000001ab87b0a864 method=java.util.concurrent.ConcurrentHashMap.get(Ljava/lang/Object;)Ljava/lang/Object; @ 76 c2
Event: 3.532 Thread 0x000001abef313000 Uncommon trap: reason=bimorphic_or_optimized_type_check action=maybe_recompile pc=0x000001ab87b735d4 method=java.util.HashMap.putVal(ILjava/lang/Object;Ljava/lang/Object;ZZ)Ljava/lang/Object; @ 203 c2

Classes redefined (0 events):
No events

Internal exceptions (10 events):
Event: 3.135 Thread 0x000001abef313000 Exception <a 'java/lang/ClassNotFoundException'{0x000000008953eec8}: org/springframework/core/OrderedCustomizer> (0x000000008953eec8) thrown at [./open/src/hotspot/share/classfile/systemDictionary.cpp, line 226]
Event: 3.136 Thread 0x000001abef313000 Exception <a 'java/lang/ClassNotFoundException'{0x000000008954b6c0}: org/springframework/context/ResourceLoaderAwareCustomizer> (0x000000008954b6c0) thrown at [./open/src/hotspot/share/classfile/systemDictionary.cpp, line 226]
Event: 3.137 Thread 0x000001abef313000 Exception <a 'java/lang/ClassNotFoundException'{0x0000000089557448}: org/springframework/beans/factory/AwareCustomizer> (0x0000000089557448) thrown at [./open/src/hotspot/share/classfile/systemDictionary.cpp, line 226]
Event: 3.138 Thread 0x000001abef313000 Exception <a 'java/lang/ClassNotFoundException'{0x0000000089563978}: org/springframework/beans/factory/BeanClassLoaderAwareCustomizer> (0x0000000089563978) thrown at [./open/src/hotspot/share/classfile/systemDictionary.cpp, line 226]
Event: 3.139 Thread 0x000001abef313000 Exception <a 'java/lang/ClassNotFoundException'{0x000000008956f718}: org/springframework/beans/factory/AwareCustomizer> (0x000000008956f718) thrown at [./open/src/hotspot/share/classfile/systemDictionary.cpp, line 226]
Event: 3.139 Thread 0x000001abef313000 Exception <a 'java/lang/ClassNotFoundException'{0x000000008957b0c8}: org/springframework/context/EnvironmentAwareCustomizer> (0x000000008957b0c8) thrown at [./open/src/hotspot/share/classfile/systemDictionary.cpp, line 226]
Event: 3.140 Thread 0x000001abef313000 Exception <a 'java/lang/ClassNotFoundException'{0x0000000089586db8}: org/springframework/beans/factory/AwareCustomizer> (0x0000000089586db8) thrown at [./open/src/hotspot/share/classfile/systemDictionary.cpp, line 226]
Event: 3.381 Thread 0x000001abef313000 Exception <a 'java/lang/NoSuchMethodError'{0x0000000088d28948}: java.lang.invoke.DirectMethodHandle$Holder.invokeSpecial(Ljava/lang/Object;Ljava/lang/Object;Ljava/lang/Object;Ljava/lang/Object;Ljava/lang/Object;)I> (0x0000000088d28948) thrown at [./open/s
Event: 3.394 Thread 0x000001abef313000 Exception <a 'java/lang/NoSuchMethodError'{0x0000000088d429a0}: java.lang.invoke.DirectMethodHandle$Holder.invokeInterface(Ljava/lang/Object;Ljava/lang/Object;Ljava/lang/Object;Ljava/lang/Object;)V> (0x0000000088d429a0) thrown at [./open/src/hotspot/share
Event: 3.611 Thread 0x000001abef313000 Exception <a 'java/lang/NoSuchMethodError'{0x0000000088652000}: org.slf4j.impl.StaticMDCBinder.getSingleton()Lorg/slf4j/impl/StaticMDCBinder;> (0x0000000088652000) thrown at [./open/src/hotspot/share/interpreter/linkResolver.cpp, line 772]

Events (10 events):
Event: 3.616 loading class org/springframework/cglib/proxy/MethodProxy$FastClassInfo
Event: 3.616 loading class org/springframework/cglib/proxy/MethodProxy$FastClassInfo done
Event: 3.617 loading class org/springframework/cglib/reflect/FastClass$Generator
Event: 3.617 loading class org/springframework/cglib/reflect/FastClass$Generator done
Event: 3.620 loading class org/springframework/cglib/reflect/FastClass
Event: 3.620 loading class org/springframework/cglib/reflect/FastClass done
Event: 3.621 loading class org/springframework/cglib/reflect/FastClassEmitter
Event: 3.621 loading class org/springframework/cglib/reflect/FastClassEmitter done
Event: 3.622 loading class org/springframework/cglib/reflect/FastClassEmitter$1
Event: 3.622 loading class org/springframework/cglib/reflect/FastClassEmitter$1 done


Dynamic libraries:
0x00007ff6224f0000 - 0x00007ff6224ff000 	C:\Program Files\Java\jdk-11.0.15\bin\java.exe
0x00007ffd52fb0000 - 0x00007ffd531a8000 	C:\Windows\SYSTEM32\ntdll.dll
0x00007ffd52df0000 - 0x00007ffd52ead000 	C:\Windows\System32\KERNEL32.DLL
0x00007ffd50ad0000 - 0x00007ffd50d9e000 	C:\Windows\System32\KERNELBASE.dll
0x00007ffd506d0000 - 0x00007ffd507d0000 	C:\Windows\System32\ucrtbase.dll
0x00007ffd3cd90000 - 0x00007ffd3cda8000 	C:\Program Files\Java\jdk-11.0.15\bin\jli.dll
0x00007ffd51e50000 - 0x00007ffd51efe000 	C:\Windows\System32\ADVAPI32.dll
0x00007ffd527c0000 - 0x00007ffd5285e000 	C:\Windows\System32\msvcrt.dll
0x00007ffd51870000 - 0x00007ffd5190c000 	C:\Windows\System32\sechost.dll
0x00007ffd52620000 - 0x00007ffd52745000 	C:\Windows\System32\RPCRT4.dll
0x00007ffd52410000 - 0x00007ffd525b0000 	C:\Windows\System32\USER32.dll
0x00007ffd508f0000 - 0x00007ffd50912000 	C:\Windows\System32\win32u.dll
0x00007ffd51f00000 - 0x00007ffd51f2a000 	C:\Windows\System32\GDI32.dll
0x00007ffd509c0000 - 0x00007ffd50acb000 	C:\Windows\System32\gdi32full.dll
0x00007ffd50920000 - 0x00007ffd509bd000 	C:\Windows\System32\msvcp_win.dll
0x00007ffd3cd70000 - 0x00007ffd3cd85000 	C:\Program Files\Java\jdk-11.0.15\bin\VCRUNTIME140.dll
0x00007ffd3cad0000 - 0x00007ffd3cd6a000 	C:\Windows\WinSxS\amd64_microsoft.windows.common-controls_6595b64144ccf1df_6.0.19041.1110_none_60b5254171f9507e\COMCTL32.dll
0x00007ffd48b00000 - 0x00007ffd48b0a000 	C:\Windows\SYSTEM32\VERSION.dll
0x00007ffd52ee0000 - 0x00007ffd52f10000 	C:\Windows\System32\IMM32.DLL
0x00007ffd3ca30000 - 0x00007ffd3cacb000 	C:\Program Files\Java\jdk-11.0.15\bin\msvcp140.dll
0x00007ffd3bf10000 - 0x00007ffd3ca26000 	C:\Program Files\Java\jdk-11.0.15\bin\server\jvm.dll
0x00007ffd52ed0000 - 0x00007ffd52ed8000 	C:\Windows\System32\PSAPI.DLL
0x00007ffd3bf00000 - 0x00007ffd3bf09000 	C:\Windows\SYSTEM32\WSOCK32.dll
0x00007ffd52750000 - 0x00007ffd527bb000 	C:\Windows\System32\WS2_32.dll
0x00007ffd448e0000 - 0x00007ffd44907000 	C:\Windows\SYSTEM32\WINMM.dll
0x00007ffd4e5b0000 - 0x00007ffd4e5c2000 	C:\Windows\SYSTEM32\kernel.appcore.dll
0x00007ffd3bde0000 - 0x00007ffd3bdf0000 	C:\Program Files\Java\jdk-11.0.15\bin\verify.dll
0x00007ffd44980000 - 0x00007ffd44b64000 	C:\Windows\SYSTEM32\DBGHELP.DLL
0x00007ffd447d0000 - 0x00007ffd447fc000 	C:\Windows\SYSTEM32\dbgcore.DLL
0x00007ffd50e20000 - 0x00007ffd50ea2000 	C:\Windows\System32\bcryptPrimitives.dll
0x00007ffd3bdb0000 - 0x00007ffd3bdd8000 	C:\Program Files\Java\jdk-11.0.15\bin\java.dll
0x00007ffd3bda0000 - 0x00007ffd3bdaa000 	C:\Program Files\Java\jdk-11.0.15\bin\jimage.dll
0x00007ffd47390000 - 0x00007ffd4739e000 	C:\Program Files\Java\jdk-11.0.15\bin\instrument.dll
0x00007ffd3bd80000 - 0x00007ffd3bd96000 	C:\Program Files\Java\jdk-11.0.15\bin\zip.dll
0x00007ffd510a0000 - 0x00007ffd517e4000 	C:\Windows\System32\SHELL32.dll
0x00007ffd4e7b0000 - 0x00007ffd4ef44000 	C:\Windows\SYSTEM32\windows.storage.dll
0x00007ffd529e0000 - 0x00007ffd52d34000 	C:\Windows\System32\combase.dll
0x00007ffd4ff80000 - 0x00007ffd4ffb0000 	C:\Windows\SYSTEM32\Wldp.dll
0x00007ffd528d0000 - 0x00007ffd5297d000 	C:\Windows\System32\SHCORE.dll
0x00007ffd52980000 - 0x00007ffd529d5000 	C:\Windows\System32\shlwapi.dll
0x00007ffd50610000 - 0x00007ffd5062f000 	C:\Windows\SYSTEM32\profapi.dll
0x00007ffd3b840000 - 0x00007ffd3b859000 	C:\Program Files\Java\jdk-11.0.15\bin\net.dll
0x00007ffd48180000 - 0x00007ffd4828a000 	C:\Windows\SYSTEM32\WINHTTP.dll
0x00007ffd4fd60000 - 0x00007ffd4fdca000 	C:\Windows\system32\mswsock.dll
0x00007ffd3b820000 - 0x00007ffd3b832000 	C:\Program Files\Java\jdk-11.0.15\bin\nio.dll
0x00007ffd37fb0000 - 0x00007ffd37fca000 	C:\Program Files\JetBrains\IntelliJ IDEA Community Edition 2022.2.1\bin\breakgen64.dll
0x00007ffd4fa70000 - 0x00007ffd4faab000 	C:\Windows\SYSTEM32\IPHLPAPI.DLL
0x00007ffd52860000 - 0x00007ffd52868000 	C:\Windows\System32\NSI.dll
0x00007ffd491f0000 - 0x00007ffd49207000 	C:\Windows\SYSTEM32\dhcpcsvc6.DLL
0x00007ffd491d0000 - 0x00007ffd491ed000 	C:\Windows\SYSTEM32\dhcpcsvc.DLL
0x00007ffd4fac0000 - 0x00007ffd4fb8a000 	C:\Windows\SYSTEM32\DNSAPI.dll
0x00007ffd47e30000 - 0x00007ffd47e3a000 	C:\Windows\System32\rasadhlp.dll
0x00007ffd48400000 - 0x00007ffd48480000 	C:\Windows\System32\fwpuclnt.dll
0x00007ffd50da0000 - 0x00007ffd50dc7000 	C:\Windows\System32\bcrypt.dll
0x00007ffd39310000 - 0x00007ffd39319000 	C:\Program Files\Java\jdk-11.0.15\bin\management.dll
0x00007ffd39100000 - 0x00007ffd3910b000 	C:\Program Files\Java\jdk-11.0.15\bin\management_ext.dll
0x00007ffd3faa0000 - 0x00007ffd3fab7000 	C:\Windows\system32\napinsp.dll
0x00007ffd3e530000 - 0x00007ffd3e54b000 	C:\Windows\system32\pnrpnsp.dll
0x00007ffd3e3a0000 - 0x00007ffd3e3b5000 	C:\Windows\system32\wshbth.dll
0x00007ffd4c070000 - 0x00007ffd4c08d000 	C:\Windows\system32\NLAapi.dll
0x00007ffd3e380000 - 0x00007ffd3e392000 	C:\Windows\System32\winrnr.dll

dbghelp: loaded successfully - version: 4.0.5 - missing functions: none
symbol engine: initialized successfully - sym options: 0x614 - pdb path: .;C:\Program Files\Java\jdk-11.0.15\bin;C:\Windows\SYSTEM32;C:\Windows\WinSxS\amd64_microsoft.windows.common-controls_6595b64144ccf1df_6.0.19041.1110_none_60b5254171f9507e;C:\Program Files\Java\jdk-11.0.15\bin\server;C:\Program Files\JetBrains\IntelliJ IDEA Community Edition 2022.2.1\bin

VM Arguments:
jvm_args: -javaagent:C:\Program Files\JetBrains\IntelliJ IDEA Community Edition 2022.2.1\lib\idea_rt.jar=51281:C:\Program Files\JetBrains\IntelliJ IDEA Community Edition 2022.2.1\bin -Dfile.encoding=UTF-8 
java_command: com.training.springeurekaclient.SpringEurekaClientApplication
java_class_path (initial): C:\Users\sfjbs\Downloads\eureka-naming-server-main\eureka-naming-server-main\spring-eureka-client\target\classes;C:\Users\sfjbs\.m2\repository\org\springframework\cloud\spring-cloud-starter-netflix-eureka-client\3.1.3\spring-cloud-starter-netflix-eureka-client-3.1.3.jar;C:\Users\sfjbs\.m2\repository\org\springframework\cloud\spring-cloud-starter\2.1.0.RELEASE\spring-cloud-starter-2.1.0.RELEASE.jar;C:\Users\sfjbs\.m2\repository\org\springframework\cloud\spring-cloud-context\2.1.0.RELEASE\spring-cloud-context-2.1.0.RELEASE.jar;C:\Users\sfjbs\.m2\repository\org\springframework\security\spring-security-crypto\5.1.5.RELEASE\spring-security-crypto-5.1.5.RELEASE.jar;C:\Users\sfjbs\.m2\repository\org\springframework\cloud\spring-cloud-commons\2.1.0.RELEASE\spring-cloud-commons-2.1.0.RELEASE.jar;C:\Users\sfjbs\.m2\repository\org\springframework\security\spring-security-rsa\1.0.7.RELEASE\spring-security-rsa-1.0.7.RELEASE.jar;C:\Users\sfjbs\.m2\repository\org\bouncycastle\bcpkix-jdk15on\1.60\bcpkix-jdk15on-1.60.jar;C:\Users\sfjbs\.m2\repository\org\bouncycastle\bcprov-jdk15on\1.60\bcprov-jdk15on-1.60.jar;C:\Users\sfjbs\.m2\repository\org\springframework\cloud\spring-cloud-netflix-eureka-client\2.1.0.RELEASE\spring-cloud-netflix-eureka-client-2.1.0.RELEASE.jar;C:\Users\sfjbs\.m2\repository\org\springframework\cloud\spring-cloud-netflix-hystrix\2.1.0.RELEASE\spring-cloud-netflix-hystrix-2.1.0.RELEASE.jar;C:\Users\sfjbs\.m2\repository\org\springframework\boot\spring-boot-starter-aop\2.1.4.RELEASE\spring-boot-starter-aop-2.1.4.RELEASE.jar;C:\Users\sfjbs\.m2\repository\org\aspectj\aspectjweaver\1.9.2\aspectjweaver-1.9.2.jar;C:\Users\sfjbs\.m2\repository\com\netflix\eureka\eureka-client\1.9.8\eureka-client-1.9.8.jar;C:\Users\sfjbs\.m2\repository\org\codehaus\jettison\jettison\1.3.7\jettison-1.3.7.jar;C:\Users\sfjbs\.m2\repository\stax\stax-api\1.0.1\stax-api-1.0.1.jar;C:\Users\sfjbs\.m2\repository\com\netflix\netflix-commons\netflix-eventbus\0.3.0\netfli
Launcher Type: SUN_STANDARD

[Global flags]
     intx CICompilerCount                          = 2                                         {product} {ergonomic}
     uint ConcGCThreads                            = 1                                         {product} {ergonomic}
     uint G1ConcRefinementThreads                  = 2                                         {product} {ergonomic}
   size_t G1HeapRegionSize                         = 1048576                                   {product} {ergonomic}
    uintx GCDrainStackTargetSize                   = 64                                        {product} {ergonomic}
   size_t InitialHeapSize                          = 134217728                                 {product} {ergonomic}
   size_t MarkStackSize                            = 4194304                                   {product} {ergonomic}
   size_t MaxHeapSize                              = 2147483648                                {product} {ergonomic}
   size_t MaxNewSize                               = 1287651328                                {product} {ergonomic}
   size_t MinHeapDeltaBytes                        = 1048576                                   {product} {ergonomic}
    uintx NonNMethodCodeHeapSize                   = 5825164                                {pd product} {ergonomic}
    uintx NonProfiledCodeHeapSize                  = 122916538                              {pd product} {ergonomic}
    uintx ProfiledCodeHeapSize                     = 122916538                              {pd product} {ergonomic}
    uintx ReservedCodeCacheSize                    = 251658240                              {pd product} {ergonomic}
     bool SegmentedCodeCache                       = true                                      {product} {ergonomic}
     bool UseCompressedClassPointers               = true                                 {lp64_product} {ergonomic}
     bool UseCompressedOops                        = true                                 {lp64_product} {ergonomic}
     bool UseG1GC                                  = true                                      {product} {ergonomic}
     bool UseLargePagesIndividualAllocation        = false                                  {pd product} {ergonomic}

Logging:
Log output configuration:
 #0: stdout all=warning uptime,level,tags
 #1: stderr all=off uptime,level,tags

Environment Variables:
PATH=C:\Program Files\Common Files\Oracle\Java\javapath;C:\Windows\system32;C:\Windows;C:\Windows\System32\Wbem;C:\Windows\System32\WindowsPowerShell\v1.0\;C:\Windows\System32\OpenSSH\;C:\Program Files\PuTTY\;C:\Program Files\Git\cmd;C:\Program Files\Docker\Docker\resources\bin;C:\ProgramData\DockerDesktop\version-bin;C:\Users\sfjbs\Downloads\apache-maven-3.8.6-bin\apache-maven-3.8.6\bin;C:\Users\sfjbs\Downloads\apache-maven-3.8.6-bin\apache-maven-3.8.6\lib;C:\Users\sfjbs\AppData\Local\Microsoft\WindowsApps;C:\Program Files\JetBrains\IntelliJ IDEA Community Edition 2022.2.1\bin;;C:\Users\sfjbs\Downloads\apache-maven-3.8.6-bin\apache-maven-3.8.6\bin;C:\Users\sfjbs\Downloads\apache-maven-3.8.6-bin\apache-maven-3.8.6\lib;
USERNAME=sfjbs
OS=Windows_NT
PROCESSOR_IDENTIFIER=Intel64 Family 6 Model 85 Stepping 7, GenuineIntel



---------------  S Y S T E M  ---------------

OS: Windows 10 , 64 bit Build 19041 (10.0.19041.1889)
Hyper-V role detected

CPU:total 2 (initial active 2) (1 cores per cpu, 2 threads per core) family 6 model 85 stepping 7 microcode 0xffffffff, cmov, cx8, fxsr, mmx, sse, sse2, sse3, ssse3, sse4.1, sse4.2, popcnt, avx, avx2, aes, clmul, erms, rtm, 3dnowpref, lzcnt, ht, tsc, bmi1, bmi2, adx, evex, fma

Memory: 4k page, system-wide physical 8190M (1160M free)
TotalPageFile size 10238M (AvailPageFile size 5M)
current process WorkingSet (physical memory assigned to process): 151M, peak: 151M
current process commit charge ("private bytes"): 283M, peak: 283M

vm_info: Java HotSpot(TM) 64-Bit Server VM (11.0.15+8-LTS-149) for windows-amd64 JRE (11.0.15+8-LTS-149), built on Mar  9 2022 22:42:32 by "mach5one" with MS VC++ 15.9 (VS2017)

END.
