#
# There is insufficient memory for the Java Runtime Environment to continue.
# Native memory allocation (malloc) failed to allocate 1048576 bytes for AllocateHeap
# Possible reasons:
#   The system is out of physical RAM or swap space
#   The process is running with CompressedOops enabled, and the Java Heap may be blocking the growth of the native heap
# Possible solutions:
#   Reduce memory load on the system
#   Increase physical memory or swap space
#   Check if swap backing store is full
#   Decrease Java heap size (-Xmx/-Xms)
#   Decrease number of Java threads
#   Decrease Java thread stack sizes (-Xss)
#   Set larger code cache with -XX:ReservedCodeCacheSize=
#   JVM is running with Unscaled Compressed Oops mode in which the Java heap is
#     placed in the first 4GB address space. The Java Heap base address is the
#     maximum limit for the native heap growth. Please use -XX:HeapBaseMinAddress
#     to set the Java Heap base and to place the Java Heap above 4GB virtual address.
# This output file may be truncated or incomplete.
#
#  Out of Memory Error (./open/src/hotspot/share/memory/allocation.cpp:46), pid=1852, tid=3272
#
# JRE version: Java(TM) SE Runtime Environment 18.9 (11.0.15+8) (build 11.0.15+8-LTS-149)
# Java VM: Java HotSpot(TM) 64-Bit Server VM 18.9 (11.0.15+8-LTS-149, mixed mode, tiered, compressed oops, g1 gc, windows-amd64)
# No core dump will be written. Minidumps are not enabled by default on client versions of Windows
#

---------------  S U M M A R Y ------------

Command Line: -javaagent:C:\Program Files\JetBrains\IntelliJ IDEA Community Edition 2022.2.1\lib\idea_rt.jar=51201:C:\Program Files\JetBrains\IntelliJ IDEA Community Edition 2022.2.1\bin -Dfile.encoding=UTF-8 com.training.springeurekaserver.SpringEurekaServerApplication

Host: Intel(R) Xeon(R) Platinum 8272CL CPU @ 2.60GHz, 2 cores, 7G,  Windows 10 , 64 bit Build 19041 (10.0.19041.1889)
Time: Tue Sep  6 04:34:03 2022 Coordinated Universal Time elapsed time: 6.187097 seconds (0d 0h 0m 6s)

---------------  T H R E A D  ---------------

Current thread (0x00000234a66dc000):  VMThread "VM Thread" [stack: 0x0000005591200000,0x0000005591300000] [id=3272]

Stack: [0x0000005591200000,0x0000005591300000]
[error occurred during error reporting (printing stack bounds), id 0xc0000005, EXCEPTION_ACCESS_VIOLATION (0xc0000005) at pc=0x0000023490ac10e7]

Native frames: (J=compiled Java code, j=interpreted, Vv=VM code, C=native code)
V  [jvm.dll+0x629d8a]
V  [jvm.dll+0x7638ff]
V  [jvm.dll+0x764fa9]
V  [jvm.dll+0x765595]
V  [jvm.dll+0x76554b]
V  [jvm.dll+0x629273]
V  [jvm.dll+0x629988]
C  [ntdll.dll+0xa229f]
C  [ntdll.dll+0x51454]
C  [ntdll.dll+0xa0dce]
C  0x0000023490ac10e7

VM_Operation (0x0000005590cfd3b0): CollectForMetadataAllocation, mode: safepoint, requested by thread 0x0000023489419800


---------------  P R O C E S S  ---------------

Threads class SMR info:
_java_thread_list=0x00000234a8ee7e70, length=11, elements={
0x0000023489419800, 0x00000234a66ef800, 0x00000234a66f9800, 0x00000234a66ec800,
0x00000234a66fe000, 0x00000234a66ff000, 0x00000234a6702800, 0x00000234a70ad000,
0x00000234a70c0800, 0x00000234a71f4000, 0x00000234a7838000
}

Java Threads: ( => current thread )
  0x0000023489419800 JavaThread "main" [_thread_blocked, id=6936, stack(0x0000005590c00000,0x0000005590d00000)]
  0x00000234a66ef800 JavaThread "Reference Handler" daemon [_thread_blocked, id=4604, stack(0x0000005591300000,0x0000005591400000)]
  0x00000234a66f9800 JavaThread "Finalizer" daemon [_thread_blocked, id=9380, stack(0x0000005591400000,0x0000005591500000)]
  0x00000234a66ec800 JavaThread "Signal Dispatcher" daemon [_thread_blocked, id=9248, stack(0x0000005591500000,0x0000005591600000)]
  0x00000234a66fe000 JavaThread "Attach Listener" daemon [_thread_blocked, id=11688, stack(0x0000005591600000,0x0000005591700000)]
  0x00000234a66ff000 JavaThread "Service Thread" daemon [_thread_blocked, id=10728, stack(0x0000005591700000,0x0000005591800000)]
  0x00000234a6702800 JavaThread "C2 CompilerThread0" daemon [_thread_blocked, id=9996, stack(0x0000005591800000,0x0000005591900000)]
  0x00000234a70ad000 JavaThread "C1 CompilerThread0" daemon [_thread_blocked, id=9208, stack(0x0000005591900000,0x0000005591a00000)]
  0x00000234a70c0800 JavaThread "Sweeper thread" daemon [_thread_blocked, id=2532, stack(0x0000005591a00000,0x0000005591b00000)]
  0x00000234a71f4000 JavaThread "Common-Cleaner" daemon [_thread_blocked, id=13004, stack(0x0000005591b00000,0x0000005591c00000)]
  0x00000234a7838000 JavaThread "Monitor Ctrl-Break" daemon [_thread_in_native, id=11432, stack(0x0000005591d00000,0x0000005591e00000)]

Other Threads:
=>0x00000234a66dc000 VMThread "VM Thread" [stack: 0x0000005591200000,0x0000005591300000] [id=3272]
  0x00000234a7839000 WatcherThread [stack: 0x0000005591e00000,0x0000005591f00000] [id=3900]
  0x000002348942e800 GCTaskThread "GC Thread#0" [stack: 0x0000005590d00000,0x0000005590e00000] [id=12084]
  0x00000234a742e800 GCTaskThread "GC Thread#1" [stack: 0x0000005591c00000,0x0000005591d00000] [id=11992]
  0x000002348945e800 ConcurrentGCThread "G1 Main Marker" [stack: 0x0000005590e00000,0x0000005590f00000] [id=3700]
  0x0000023489462000 ConcurrentGCThread "G1 Conc#0" [stack: 0x0000005590f00000,0x0000005591000000] [id=6872]
  0x00000234894e7800 ConcurrentGCThread "G1 Refine#0" [stack: 0x0000005591000000,0x0000005591100000] [id=12424]
  0x00000234894e9800 ConcurrentGCThread "G1 Young RemSet Sampling" [stack: 0x0000005591100000,0x0000005591200000] [id=4964]

Threads with active compile tasks:

VM state:at safepoint (normal execution)

VM Mutex/Monitor currently owned by a thread:  ([mutex/lock_event])
[0x00000234894147d0] Threads_lock - owner thread: 0x00000234a66dc000
[0x0000023489413150] Heap_lock - owner thread: 0x0000023489419800

Heap address: 0x0000000080000000, size: 2048 MB, Compressed Oops mode: 32-bit
Narrow klass base: 0x0000000000000000, Narrow klass shift: 3
Compressed class space size: 1073741824 Address: 0x0000000100000000

Heap:
 garbage-first heap   total 157696K, used 11709K [0x0000000080000000, 0x0000000100000000)
  region size 1024K, 6 young (6144K), 6 survivors (6144K)
 Metaspace       used 31709K, capacity 32375K, committed 32384K, reserved 1085440K
  class space    used 3688K, capacity 3959K, committed 3968K, reserved 1048576K
Heap Regions: E=young(eden), S=young(survivor), O=old, HS=humongous(starts), HC=humongous(continues), CS=collection set, F=free, A=archive, TAMS=top-at-mark-start (previous, next)
|   0|0x0000000080000000, 0x0000000080100000, 0x0000000080100000|100%| O|  |TAMS 0x0000000080100000, 0x0000000080100000| Untracked 
|   1|0x0000000080100000, 0x0000000080200000, 0x0000000080200000|100%| O|  |TAMS 0x0000000080200000, 0x0000000080200000| Untracked 
|   2|0x0000000080200000, 0x0000000080300000, 0x0000000080300000|100%| O|  |TAMS 0x0000000080300000, 0x0000000080300000| Untracked 
|   3|0x0000000080300000, 0x0000000080400000, 0x0000000080400000|100%| O|  |TAMS 0x0000000080400000, 0x0000000080400000| Untracked 
|   4|0x0000000080400000, 0x0000000080500000, 0x0000000080500000|100%| O|  |TAMS 0x0000000080500000, 0x0000000080500000| Untracked 
|   5|0x0000000080500000, 0x0000000080600000, 0x0000000080600000|100%| O|  |TAMS 0x0000000080600000, 0x0000000080600000| Untracked 
|   6|0x0000000080600000, 0x0000000080620600, 0x0000000080700000| 12%| O|  |TAMS 0x0000000080620600, 0x0000000080620600| Untracked 
|   7|0x0000000080700000, 0x0000000080700000, 0x0000000080800000|  0%| F|  |TAMS 0x0000000080700000, 0x0000000080700000| Untracked 
|   8|0x0000000080800000, 0x0000000080800000, 0x0000000080900000|  0%| F|  |TAMS 0x0000000080800000, 0x0000000080800000| Untracked 
|   9|0x0000000080900000, 0x0000000080900000, 0x0000000080a00000|  0%| F|  |TAMS 0x0000000080900000, 0x0000000080900000| Untracked 
|  10|0x0000000080a00000, 0x0000000080a00000, 0x0000000080b00000|  0%| F|  |TAMS 0x0000000080a00000, 0x0000000080a00000| Untracked 
|  11|0x0000000080b00000, 0x0000000080b00000, 0x0000000080c00000|  0%| F|  |TAMS 0x0000000080b00000, 0x0000000080b00000| Untracked 
|  12|0x0000000080c00000, 0x0000000080c00000, 0x0000000080d00000|  0%| F|  |TAMS 0x0000000080c00000, 0x0000000080c00000| Untracked 
|  13|0x0000000080d00000, 0x0000000080d00000, 0x0000000080e00000|  0%| F|  |TAMS 0x0000000080d00000, 0x0000000080d00000| Untracked 
|  14|0x0000000080e00000, 0x0000000080e00000, 0x0000000080f00000|  0%| F|  |TAMS 0x0000000080e00000, 0x0000000080e00000| Untracked 
|  15|0x0000000080f00000, 0x0000000080f00000, 0x0000000081000000|  0%| F|  |TAMS 0x0000000080f00000, 0x0000000080f00000| Untracked 
|  16|0x0000000081000000, 0x0000000081000000, 0x0000000081100000|  0%| F|  |TAMS 0x0000000081000000, 0x0000000081000000| Untracked 
|  17|0x0000000081100000, 0x0000000081100000, 0x0000000081200000|  0%| F|  |TAMS 0x0000000081100000, 0x0000000081100000| Untracked 
|  18|0x0000000081200000, 0x0000000081200000, 0x0000000081300000|  0%| F|  |TAMS 0x0000000081200000, 0x0000000081200000| Untracked 
|  19|0x0000000081300000, 0x0000000081300000, 0x0000000081400000|  0%| F|  |TAMS 0x0000000081300000, 0x0000000081300000| Untracked 
|  20|0x0000000081400000, 0x0000000081400000, 0x0000000081500000|  0%| F|  |TAMS 0x0000000081400000, 0x0000000081400000| Untracked 
|  21|0x0000000081500000, 0x0000000081500000, 0x0000000081600000|  0%| F|  |TAMS 0x0000000081500000, 0x0000000081500000| Untracked 
|  22|0x0000000081600000, 0x0000000081600000, 0x0000000081700000|  0%| F|  |TAMS 0x0000000081600000, 0x0000000081600000| Untracked 
|  23|0x0000000081700000, 0x0000000081700000, 0x0000000081800000|  0%| F|  |TAMS 0x0000000081700000, 0x0000000081700000| Untracked 
|  24|0x0000000081800000, 0x0000000081800000, 0x0000000081900000|  0%| F|  |TAMS 0x0000000081800000, 0x0000000081800000| Untracked 
|  25|0x0000000081900000, 0x0000000081900000, 0x0000000081a00000|  0%| F|  |TAMS 0x0000000081900000, 0x0000000081900000| Untracked 
|  26|0x0000000081a00000, 0x0000000081a00000, 0x0000000081b00000|  0%| F|  |TAMS 0x0000000081a00000, 0x0000000081a00000| Untracked 
|  27|0x0000000081b00000, 0x0000000081b00000, 0x0000000081c00000|  0%| F|  |TAMS 0x0000000081b00000, 0x0000000081b00000| Untracked 
|  28|0x0000000081c00000, 0x0000000081c00000, 0x0000000081d00000|  0%| F|  |TAMS 0x0000000081c00000, 0x0000000081c00000| Untracked 
|  29|0x0000000081d00000, 0x0000000081d00000, 0x0000000081e00000|  0%| F|  |TAMS 0x0000000081d00000, 0x0000000081d00000| Untracked 
|  30|0x0000000081e00000, 0x0000000081e00000, 0x0000000081f00000|  0%| F|  |TAMS 0x0000000081e00000, 0x0000000081e00000| Untracked 
|  31|0x0000000081f00000, 0x0000000081f00000, 0x0000000082000000|  0%| F|  |TAMS 0x0000000081f00000, 0x0000000081f00000| Untracked 
|  32|0x0000000082000000, 0x0000000082000000, 0x0000000082100000|  0%| F|  |TAMS 0x0000000082000000, 0x0000000082000000| Untracked 
|  33|0x0000000082100000, 0x0000000082100000, 0x0000000082200000|  0%| F|  |TAMS 0x0000000082100000, 0x0000000082100000| Untracked 
|  34|0x0000000082200000, 0x0000000082200000, 0x0000000082300000|  0%| F|  |TAMS 0x0000000082200000, 0x0000000082200000| Untracked 
|  35|0x0000000082300000, 0x0000000082300000, 0x0000000082400000|  0%| F|  |TAMS 0x0000000082300000, 0x0000000082300000| Untracked 
|  36|0x0000000082400000, 0x0000000082400000, 0x0000000082500000|  0%| F|  |TAMS 0x0000000082400000, 0x0000000082400000| Untracked 
|  37|0x0000000082500000, 0x0000000082500000, 0x0000000082600000|  0%| F|  |TAMS 0x0000000082500000, 0x0000000082500000| Untracked 
|  38|0x0000000082600000, 0x0000000082600000, 0x0000000082700000|  0%| F|  |TAMS 0x0000000082600000, 0x0000000082600000| Untracked 
|  39|0x0000000082700000, 0x0000000082700000, 0x0000000082800000|  0%| F|  |TAMS 0x0000000082700000, 0x0000000082700000| Untracked 
|  40|0x0000000082800000, 0x0000000082800000, 0x0000000082900000|  0%| F|  |TAMS 0x0000000082800000, 0x0000000082800000| Untracked 
|  41|0x0000000082900000, 0x0000000082900000, 0x0000000082a00000|  0%| F|  |TAMS 0x0000000082900000, 0x0000000082900000| Untracked 
|  42|0x0000000082a00000, 0x0000000082a00000, 0x0000000082b00000|  0%| F|  |TAMS 0x0000000082a00000, 0x0000000082a00000| Untracked 
|  43|0x0000000082b00000, 0x0000000082b00000, 0x0000000082c00000|  0%| F|  |TAMS 0x0000000082b00000, 0x0000000082b00000| Untracked 
|  44|0x0000000082c00000, 0x0000000082c00000, 0x0000000082d00000|  0%| F|  |TAMS 0x0000000082c00000, 0x0000000082c00000| Untracked 
|  45|0x0000000082d00000, 0x0000000082d00000, 0x0000000082e00000|  0%| F|  |TAMS 0x0000000082d00000, 0x0000000082d00000| Untracked 
|  46|0x0000000082e00000, 0x0000000082e00000, 0x0000000082f00000|  0%| F|  |TAMS 0x0000000082e00000, 0x0000000082e00000| Untracked 
|  47|0x0000000082f00000, 0x0000000082f00000, 0x0000000083000000|  0%| F|  |TAMS 0x0000000082f00000, 0x0000000082f00000| Untracked 
|  48|0x0000000083000000, 0x0000000083000000, 0x0000000083100000|  0%| F|  |TAMS 0x0000000083000000, 0x0000000083000000| Untracked 
|  49|0x0000000083100000, 0x0000000083100000, 0x0000000083200000|  0%| F|  |TAMS 0x0000000083100000, 0x0000000083100000| Untracked 
|  50|0x0000000083200000, 0x0000000083200000, 0x0000000083300000|  0%| F|  |TAMS 0x0000000083200000, 0x0000000083200000| Untracked 
|  51|0x0000000083300000, 0x0000000083300000, 0x0000000083400000|  0%| F|  |TAMS 0x0000000083300000, 0x0000000083300000| Untracked 
|  52|0x0000000083400000, 0x0000000083400000, 0x0000000083500000|  0%| F|  |TAMS 0x0000000083400000, 0x0000000083400000| Untracked 
|  53|0x0000000083500000, 0x0000000083500000, 0x0000000083600000|  0%| F|  |TAMS 0x0000000083500000, 0x0000000083500000| Untracked 
|  54|0x0000000083600000, 0x0000000083600000, 0x0000000083700000|  0%| F|  |TAMS 0x0000000083600000, 0x0000000083600000| Untracked 
|  55|0x0000000083700000, 0x0000000083700000, 0x0000000083800000|  0%| F|  |TAMS 0x0000000083700000, 0x0000000083700000| Untracked 
|  56|0x0000000083800000, 0x0000000083800000, 0x0000000083900000|  0%| F|  |TAMS 0x0000000083800000, 0x0000000083800000| Untracked 
|  57|0x0000000083900000, 0x0000000083900000, 0x0000000083a00000|  0%| F|  |TAMS 0x0000000083900000, 0x0000000083900000| Untracked 
|  58|0x0000000083a00000, 0x0000000083a00000, 0x0000000083b00000|  0%| F|  |TAMS 0x0000000083a00000, 0x0000000083a00000| Untracked 
|  59|0x0000000083b00000, 0x0000000083b00000, 0x0000000083c00000|  0%| F|  |TAMS 0x0000000083b00000, 0x0000000083b00000| Untracked 
|  60|0x0000000083c00000, 0x0000000083c00000, 0x0000000083d00000|  0%| F|  |TAMS 0x0000000083c00000, 0x0000000083c00000| Untracked 
|  61|0x0000000083d00000, 0x0000000083d00000, 0x0000000083e00000|  0%| F|  |TAMS 0x0000000083d00000, 0x0000000083d00000| Untracked 
|  62|0x0000000083e00000, 0x0000000083e00000, 0x0000000083f00000|  0%| F|  |TAMS 0x0000000083e00000, 0x0000000083e00000| Untracked 
|  63|0x0000000083f00000, 0x0000000083f00000, 0x0000000084000000|  0%| F|  |TAMS 0x0000000083f00000, 0x0000000083f00000| Untracked 
|  64|0x0000000084000000, 0x0000000084000000, 0x0000000084100000|  0%| F|  |TAMS 0x0000000084000000, 0x0000000084000000| Untracked 
|  65|0x0000000084100000, 0x0000000084100000, 0x0000000084200000|  0%| F|  |TAMS 0x0000000084100000, 0x0000000084100000| Untracked 
|  66|0x0000000084200000, 0x0000000084200000, 0x0000000084300000|  0%| F|  |TAMS 0x0000000084200000, 0x0000000084200000| Untracked 
|  67|0x0000000084300000, 0x0000000084300000, 0x0000000084400000|  0%| F|  |TAMS 0x0000000084300000, 0x0000000084300000| Untracked 
|  68|0x0000000084400000, 0x0000000084400000, 0x0000000084500000|  0%| F|  |TAMS 0x0000000084400000, 0x0000000084400000| Untracked 
|  69|0x0000000084500000, 0x0000000084500000, 0x0000000084600000|  0%| F|  |TAMS 0x0000000084500000, 0x0000000084500000| Untracked 
|  70|0x0000000084600000, 0x0000000084600000, 0x0000000084700000|  0%| F|  |TAMS 0x0000000084600000, 0x0000000084600000| Untracked 
|  71|0x0000000084700000, 0x0000000084700000, 0x0000000084800000|  0%| F|  |TAMS 0x0000000084700000, 0x0000000084700000| Untracked 
|  72|0x0000000084800000, 0x0000000084800000, 0x0000000084900000|  0%| F|  |TAMS 0x0000000084800000, 0x0000000084800000| Untracked 
|  73|0x0000000084900000, 0x0000000084900000, 0x0000000084a00000|  0%| F|  |TAMS 0x0000000084900000, 0x0000000084900000| Untracked 
|  74|0x0000000084a00000, 0x0000000084a00000, 0x0000000084b00000|  0%| F|  |TAMS 0x0000000084a00000, 0x0000000084a00000| Untracked 
|  75|0x0000000084b00000, 0x0000000084b00000, 0x0000000084c00000|  0%| F|  |TAMS 0x0000000084b00000, 0x0000000084b00000| Untracked 
|  76|0x0000000084c00000, 0x0000000084c00000, 0x0000000084d00000|  0%| F|  |TAMS 0x0000000084c00000, 0x0000000084c00000| Untracked 
|  77|0x0000000084d00000, 0x0000000084d00000, 0x0000000084e00000|  0%| F|  |TAMS 0x0000000084d00000, 0x0000000084d00000| Untracked 
|  78|0x0000000084e00000, 0x0000000084e00000, 0x0000000084f00000|  0%| F|  |TAMS 0x0000000084e00000, 0x0000000084e00000| Untracked 
|  79|0x0000000084f00000, 0x0000000084f00000, 0x0000000085000000|  0%| F|  |TAMS 0x0000000084f00000, 0x0000000084f00000| Untracked 
|  80|0x0000000085000000, 0x0000000085000000, 0x0000000085100000|  0%| F|  |TAMS 0x0000000085000000, 0x0000000085000000| Untracked 
|  81|0x0000000085100000, 0x0000000085100000, 0x0000000085200000|  0%| F|  |TAMS 0x0000000085100000, 0x0000000085100000| Untracked 
|  82|0x0000000085200000, 0x0000000085200000, 0x0000000085300000|  0%| F|  |TAMS 0x0000000085200000, 0x0000000085200000| Untracked 
|  83|0x0000000085300000, 0x0000000085300000, 0x0000000085400000|  0%| F|  |TAMS 0x0000000085300000, 0x0000000085300000| Untracked 
|  84|0x0000000085400000, 0x0000000085400000, 0x0000000085500000|  0%| F|  |TAMS 0x0000000085400000, 0x0000000085400000| Untracked 
|  85|0x0000000085500000, 0x0000000085500000, 0x0000000085600000|  0%| F|  |TAMS 0x0000000085500000, 0x0000000085500000| Untracked 
|  86|0x0000000085600000, 0x0000000085600000, 0x0000000085700000|  0%| F|  |TAMS 0x0000000085600000, 0x0000000085600000| Untracked 
|  87|0x0000000085700000, 0x0000000085700000, 0x0000000085800000|  0%| F|  |TAMS 0x0000000085700000, 0x0000000085700000| Untracked 
|  88|0x0000000085800000, 0x0000000085800000, 0x0000000085900000|  0%| F|  |TAMS 0x0000000085800000, 0x0000000085800000| Untracked 
|  89|0x0000000085900000, 0x0000000085900000, 0x0000000085a00000|  0%| F|  |TAMS 0x0000000085900000, 0x0000000085900000| Untracked 
|  90|0x0000000085a00000, 0x0000000085a00000, 0x0000000085b00000|  0%| F|  |TAMS 0x0000000085a00000, 0x0000000085a00000| Untracked 
|  91|0x0000000085b00000, 0x0000000085b00000, 0x0000000085c00000|  0%| F|  |TAMS 0x0000000085b00000, 0x0000000085b00000| Untracked 
|  92|0x0000000085c00000, 0x0000000085c00000, 0x0000000085d00000|  0%| F|  |TAMS 0x0000000085c00000, 0x0000000085c00000| Untracked 
|  93|0x0000000085d00000, 0x0000000085d00000, 0x0000000085e00000|  0%| F|  |TAMS 0x0000000085d00000, 0x0000000085d00000| Untracked 
|  94|0x0000000085e00000, 0x0000000085e00000, 0x0000000085f00000|  0%| F|  |TAMS 0x0000000085e00000, 0x0000000085e00000| Untracked 
|  95|0x0000000085f00000, 0x0000000085f00000, 0x0000000086000000|  0%| F|  |TAMS 0x0000000085f00000, 0x0000000085f00000| Untracked 
|  96|0x0000000086000000, 0x0000000086000000, 0x0000000086100000|  0%| F|  |TAMS 0x0000000086000000, 0x0000000086000000| Untracked 
|  97|0x0000000086100000, 0x0000000086100000, 0x0000000086200000|  0%| F|  |TAMS 0x0000000086100000, 0x0000000086100000| Untracked 
|  98|0x0000000086200000, 0x0000000086200000, 0x0000000086300000|  0%| F|  |TAMS 0x0000000086200000, 0x0000000086200000| Untracked 
|  99|0x0000000086300000, 0x0000000086300000, 0x0000000086400000|  0%| F|  |TAMS 0x0000000086300000, 0x0000000086300000| Untracked 
| 100|0x0000000086400000, 0x0000000086400000, 0x0000000086500000|  0%| F|  |TAMS 0x0000000086400000, 0x0000000086400000| Untracked 
| 101|0x0000000086500000, 0x0000000086500000, 0x0000000086600000|  0%| F|  |TAMS 0x0000000086500000, 0x0000000086500000| Untracked 
| 102|0x0000000086600000, 0x0000000086600000, 0x0000000086700000|  0%| F|  |TAMS 0x0000000086600000, 0x0000000086600000| Untracked 
| 103|0x0000000086700000, 0x0000000086700000, 0x0000000086800000|  0%| F|  |TAMS 0x0000000086700000, 0x0000000086700000| Untracked 
| 104|0x0000000086800000, 0x0000000086800000, 0x0000000086900000|  0%| F|  |TAMS 0x0000000086800000, 0x0000000086800000| Untracked 
| 105|0x0000000086900000, 0x0000000086900000, 0x0000000086a00000|  0%| F|  |TAMS 0x0000000086900000, 0x0000000086900000| Untracked 
| 106|0x0000000086a00000, 0x0000000086a00000, 0x0000000086b00000|  0%| F|  |TAMS 0x0000000086a00000, 0x0000000086a00000| Untracked 
| 107|0x0000000086b00000, 0x0000000086b00000, 0x0000000086c00000|  0%| F|  |TAMS 0x0000000086b00000, 0x0000000086b00000| Untracked 
| 108|0x0000000086c00000, 0x0000000086c00000, 0x0000000086d00000|  0%| F|  |TAMS 0x0000000086c00000, 0x0000000086c00000| Untracked 
| 109|0x0000000086d00000, 0x0000000086d00000, 0x0000000086e00000|  0%| F|  |TAMS 0x0000000086d00000, 0x0000000086d00000| Untracked 
| 110|0x0000000086e00000, 0x0000000086e00000, 0x0000000086f00000|  0%| F|  |TAMS 0x0000000086e00000, 0x0000000086e00000| Untracked 
| 111|0x0000000086f00000, 0x0000000086f00000, 0x0000000087000000|  0%| F|  |TAMS 0x0000000086f00000, 0x0000000086f00000| Untracked 
| 112|0x0000000087000000, 0x0000000087000000, 0x0000000087100000|  0%| F|  |TAMS 0x0000000087000000, 0x0000000087000000| Untracked 
| 113|0x0000000087100000, 0x0000000087100000, 0x0000000087200000|  0%| F|  |TAMS 0x0000000087100000, 0x0000000087100000| Untracked 
| 114|0x0000000087200000, 0x000000008724f020, 0x0000000087300000| 30%| S|CS|TAMS 0x0000000087200000, 0x0000000087200000| Complete 
| 115|0x0000000087300000, 0x0000000087300000, 0x0000000087400000|  0%| F|  |TAMS 0x0000000087300000, 0x0000000087300000| Untracked 
| 116|0x0000000087400000, 0x0000000087400000, 0x0000000087500000|  0%| F|  |TAMS 0x0000000087400000, 0x0000000087400000| Untracked 
| 117|0x0000000087500000, 0x0000000087500000, 0x0000000087600000|  0%| F|  |TAMS 0x0000000087500000, 0x0000000087500000| Untracked 
| 118|0x0000000087600000, 0x0000000087600000, 0x0000000087700000|  0%| F|  |TAMS 0x0000000087600000, 0x0000000087600000| Untracked 
| 119|0x0000000087700000, 0x0000000087800000, 0x0000000087800000|100%| S|CS|TAMS 0x0000000087700000, 0x0000000087700000| Complete 
| 120|0x0000000087800000, 0x0000000087900000, 0x0000000087900000|100%| S|CS|TAMS 0x0000000087800000, 0x0000000087800000| Complete 
| 121|0x0000000087900000, 0x0000000087a00000, 0x0000000087a00000|100%| S|CS|TAMS 0x0000000087900000, 0x0000000087900000| Complete 
| 122|0x0000000087a00000, 0x0000000087b00000, 0x0000000087b00000|100%| S|CS|TAMS 0x0000000087a00000, 0x0000000087a00000| Complete 
| 123|0x0000000087b00000, 0x0000000087c00000, 0x0000000087c00000|100%| S|CS|TAMS 0x0000000087b00000, 0x0000000087b00000| Complete 
| 124|0x0000000087c00000, 0x0000000087c00000, 0x0000000087d00000|  0%| F|  |TAMS 0x0000000087c00000, 0x0000000087c00000| Untracked 
| 125|0x0000000087d00000, 0x0000000087d00000, 0x0000000087e00000|  0%| F|  |TAMS 0x0000000087d00000, 0x0000000087d00000| Untracked 
| 126|0x0000000087e00000, 0x0000000087e00000, 0x0000000087f00000|  0%| F|  |TAMS 0x0000000087e00000, 0x0000000087e00000| Untracked 
| 127|0x0000000087f00000, 0x0000000087f00000, 0x0000000088000000|  0%| F|  |TAMS 0x0000000087f00000, 0x0000000087f00000| Untracked 
| 128|0x0000000088000000, 0x0000000088000000, 0x0000000088100000|  0%| F|  |TAMS 0x0000000088000000, 0x0000000088000000| Untracked 
| 129|0x0000000088100000, 0x0000000088100000, 0x0000000088200000|  0%| F|  |TAMS 0x0000000088100000, 0x0000000088100000| Untracked 
| 130|0x0000000088200000, 0x0000000088200000, 0x0000000088300000|  0%| F|  |TAMS 0x0000000088200000, 0x0000000088200000| Untracked 
| 131|0x0000000088300000, 0x0000000088300000, 0x0000000088400000|  0%| F|  |TAMS 0x0000000088300000, 0x0000000088300000| Untracked 
| 132|0x0000000088400000, 0x0000000088400000, 0x0000000088500000|  0%| F|  |TAMS 0x0000000088400000, 0x0000000088400000| Untracked 
| 133|0x0000000088500000, 0x0000000088500000, 0x0000000088600000|  0%| F|  |TAMS 0x0000000088500000, 0x0000000088500000| Untracked 
| 134|0x0000000088600000, 0x0000000088600000, 0x0000000088700000|  0%| F|  |TAMS 0x0000000088600000, 0x0000000088600000| Untracked 
| 135|0x0000000088700000, 0x0000000088700000, 0x0000000088800000|  0%| F|  |TAMS 0x0000000088700000, 0x0000000088700000| Untracked 
| 136|0x0000000088800000, 0x0000000088800000, 0x0000000088900000|  0%| F|  |TAMS 0x0000000088800000, 0x0000000088800000| Untracked 
| 137|0x0000000088900000, 0x0000000088900000, 0x0000000088a00000|  0%| F|  |TAMS 0x0000000088900000, 0x0000000088900000| Untracked 
| 138|0x0000000088a00000, 0x0000000088a00000, 0x0000000088b00000|  0%| F|  |TAMS 0x0000000088a00000, 0x0000000088a00000| Untracked 
| 139|0x0000000088b00000, 0x0000000088b00000, 0x0000000088c00000|  0%| F|  |TAMS 0x0000000088b00000, 0x0000000088b00000| Untracked 
| 140|0x0000000088c00000, 0x0000000088c00000, 0x0000000088d00000|  0%| F|  |TAMS 0x0000000088c00000, 0x0000000088c00000| Untracked 
| 141|0x0000000088d00000, 0x0000000088d00000, 0x0000000088e00000|  0%| F|  |TAMS 0x0000000088d00000, 0x0000000088d00000| Untracked 
| 142|0x0000000088e00000, 0x0000000088e00000, 0x0000000088f00000|  0%| F|  |TAMS 0x0000000088e00000, 0x0000000088e00000| Untracked 
| 143|0x0000000088f00000, 0x0000000088f00000, 0x0000000089000000|  0%| F|  |TAMS 0x0000000088f00000, 0x0000000088f00000| Untracked 
| 144|0x0000000089000000, 0x0000000089000000, 0x0000000089100000|  0%| F|  |TAMS 0x0000000089000000, 0x0000000089000000| Untracked 
| 145|0x0000000089100000, 0x0000000089100000, 0x0000000089200000|  0%| F|  |TAMS 0x0000000089100000, 0x0000000089100000| Untracked 
| 146|0x0000000089200000, 0x0000000089200000, 0x0000000089300000|  0%| F|  |TAMS 0x0000000089200000, 0x0000000089200000| Untracked 
| 147|0x0000000089300000, 0x0000000089300000, 0x0000000089400000|  0%| F|  |TAMS 0x0000000089300000, 0x0000000089300000| Untracked 
| 148|0x0000000089400000, 0x0000000089400000, 0x0000000089500000|  0%| F|  |TAMS 0x0000000089400000, 0x0000000089400000| Untracked 
| 149|0x0000000089500000, 0x0000000089500000, 0x0000000089600000|  0%| F|  |TAMS 0x0000000089500000, 0x0000000089500000| Untracked 
| 150|0x0000000089600000, 0x0000000089600000, 0x0000000089700000|  0%| F|  |TAMS 0x0000000089600000, 0x0000000089600000| Untracked 
| 151|0x0000000089700000, 0x0000000089700000, 0x0000000089800000|  0%| F|  |TAMS 0x0000000089700000, 0x0000000089700000| Untracked 
| 152|0x0000000089800000, 0x0000000089800000, 0x0000000089900000|  0%| F|  |TAMS 0x0000000089800000, 0x0000000089800000| Untracked 
| 153|0x0000000089900000, 0x0000000089900000, 0x0000000089a00000|  0%| F|  |TAMS 0x0000000089900000, 0x0000000089900000| Untracked 

Card table byte_map: [0x000002349fac0000,0x000002349fec0000] _byte_map_base: 0x000002349f6c0000

Marking Bits (Prev, Next): (CMBitMap*) 0x0000023489455dd0, (CMBitMap*) 0x0000023489455d98
 Prev Bits: [0x00000234a22c0000, 0x00000234a42c0000)
 Next Bits: [0x00000234a02c0000, 0x00000234a22c0000)

Polling page: 0x0000023487300000

Metaspace:

Usage:
  Non-class:     27.75 MB capacity,    27.36 MB ( 99%) used,   315.79 KB (  1%) free+waste,    79.13 KB ( <1%) overhead. 
      Class:      3.87 MB capacity,     3.60 MB ( 93%) used,   231.41 KB (  6%) free+waste,    38.75 KB ( <1%) overhead. 
       Both:     31.62 MB capacity,    30.97 MB ( 98%) used,   547.20 KB (  2%) free+waste,   117.88 KB ( <1%) overhead. 

Virtual space:
  Non-class space:       36.00 MB reserved,      27.75 MB ( 77%) committed 
      Class space:        1.00 GB reserved,       3.88 MB ( <1%) committed 
             Both:        1.04 GB reserved,      31.63 MB (  3%) committed 

Chunk freelists:
   Non-Class:  0 bytes
       Class:  1.13 KB
        Both:  1.13 KB

CodeHeap 'non-profiled nmethods': size=120064Kb used=1082Kb max_used=1082Kb free=118981Kb
 bounds [0x0000023498580000, 0x00000234987f0000, 0x000002349fac0000]
CodeHeap 'profiled nmethods': size=120000Kb used=6096Kb max_used=6096Kb free=113903Kb
 bounds [0x0000023491050000, 0x0000023491650000, 0x0000023498580000]
CodeHeap 'non-nmethods': size=5696Kb used=1160Kb max_used=1198Kb free=4535Kb
 bounds [0x0000023490ac0000, 0x0000023490d30000, 0x0000023491050000]
 total_blobs=3306 nmethods=2816 adapters=401
 compilation: enabled
              stopped_count=0, restarted_count=0
 full_count=0

Compilation events (10 events):
Event: 6.139 Thread 0x00000234a70ad000 nmethod 2814 0x0000023491640f10 code [0x00000234916412e0, 0x00000234916434c8]
Event: 6.149 Thread 0x00000234a6702800 nmethod 2803 0x000002349868ce10 code [0x000002349868cfe0, 0x000002349868dcd0]
Event: 6.150 Thread 0x00000234a70ad000 2815       3       ch.qos.logback.classic.Logger::isTraceEnabled (6 bytes)
Event: 6.150 Thread 0x00000234a70ad000 nmethod 2815 0x0000023491643d90 code [0x0000023491643f40, 0x0000023491644088]
Event: 6.150 Thread 0x00000234a70ad000 2816       1       org.springframework.boot.logging.DeferredLog$Line::getLevel (5 bytes)
Event: 6.150 Thread 0x00000234a70ad000 nmethod 2816 0x000002349868e110 code [0x000002349868e2a0, 0x000002349868e358]
Event: 6.150 Thread 0x00000234a70ad000 2817       1       org.springframework.boot.logging.DeferredLog$Line::getMessage (5 bytes)
Event: 6.150 Thread 0x00000234a70ad000 nmethod 2817 0x000002349868e410 code [0x000002349868e5a0, 0x000002349868e658]
Event: 6.150 Thread 0x00000234a70ad000 2818       1       org.springframework.boot.logging.DeferredLog$Line::getThrowable (5 bytes)
Event: 6.150 Thread 0x00000234a70ad000 nmethod 2818 0x000002349868e710 code [0x000002349868e8a0, 0x000002349868e958]

GC Heap History (10 events):
Event: 2.353 GC heap before
{Heap before GC invocations=3 (full 0):
 garbage-first heap   total 131072K, used 19659K [0x0000000080000000, 0x0000000100000000)
  region size 1024K, 15 young (15360K), 2 survivors (2048K)
 Metaspace       used 14333K, capacity 14617K, committed 14848K, reserved 1062912K
  class space    used 1404K, capacity 1512K, committed 1536K, reserved 1048576K
}
Event: 2.360 GC heap after
{Heap after GC invocations=4 (full 0):
 garbage-first heap   total 131072K, used 7262K [0x0000000080000000, 0x0000000100000000)
  region size 1024K, 2 young (2048K), 2 survivors (2048K)
 Metaspace       used 14333K, capacity 14617K, committed 14848K, reserved 1062912K
  class space    used 1404K, capacity 1512K, committed 1536K, reserved 1048576K
}
Event: 3.423 GC heap before
{Heap before GC invocations=4 (full 0):
 garbage-first heap   total 131072K, used 26718K [0x0000000080000000, 0x0000000100000000)
  region size 1024K, 22 young (22528K), 2 survivors (2048K)
 Metaspace       used 18170K, capacity 18486K, committed 18560K, reserved 1064960K
  class space    used 1977K, capacity 2104K, committed 2176K, reserved 1048576K
}
Event: 3.436 GC heap after
{Heap after GC invocations=5 (full 0):
 garbage-first heap   total 157696K, used 8245K [0x0000000080000000, 0x0000000100000000)
  region size 1024K, 2 young (2048K), 2 survivors (2048K)
 Metaspace       used 18170K, capacity 18486K, committed 18560K, reserved 1064960K
  class space    used 1977K, capacity 2104K, committed 2176K, reserved 1048576K
}
Event: 3.892 GC heap before
{Heap before GC invocations=5 (full 0):
 garbage-first heap   total 157696K, used 21557K [0x0000000080000000, 0x0000000100000000)
  region size 1024K, 16 young (16384K), 2 survivors (2048K)
 Metaspace       used 20783K, capacity 21158K, committed 21296K, reserved 1069056K
  class space    used 2291K, capacity 2468K, committed 2560K, reserved 1048576K
}
Event: 3.900 GC heap after
{Heap after GC invocations=6 (full 0):
 garbage-first heap   total 157696K, used 8680K [0x0000000080000000, 0x0000000100000000)
  region size 1024K, 3 young (3072K), 3 survivors (3072K)
 Metaspace       used 20783K, capacity 21158K, committed 21296K, reserved 1069056K
  class space    used 2291K, capacity 2468K, committed 2560K, reserved 1048576K
}
Event: 4.681 GC heap before
{Heap before GC invocations=7 (full 0):
 garbage-first heap   total 157696K, used 40424K [0x0000000080000000, 0x0000000100000000)
  region size 1024K, 35 young (35840K), 3 survivors (3072K)
 Metaspace       used 27288K, capacity 27894K, committed 28032K, reserved 1073152K
  class space    used 3121K, capacity 3338K, committed 3456K, reserved 1048576K
}
Event: 4.692 GC heap after
{Heap after GC invocations=8 (full 0):
 garbage-first heap   total 157696K, used 9989K [0x0000000080000000, 0x0000000100000000)
  region size 1024K, 4 young (4096K), 4 survivors (4096K)
 Metaspace       used 27288K, capacity 27894K, committed 28032K, reserved 1073152K
  class space    used 3121K, capacity 3338K, committed 3456K, reserved 1048576K
}
Event: 6.163 GC heap before
{Heap before GC invocations=8 (full 0):
 garbage-first heap   total 157696K, used 39685K [0x0000000080000000, 0x0000000100000000)
  region size 1024K, 34 young (34816K), 4 survivors (4096K)
 Metaspace       used 31709K, capacity 32375K, committed 32384K, reserved 1083392K
  class space    used 3688K, capacity 3959K, committed 3968K, reserved 1048576K
}
Event: 6.178 GC heap after
{Heap after GC invocations=9 (full 0):
 garbage-first heap   total 157696K, used 11709K [0x0000000080000000, 0x0000000100000000)
  region size 1024K, 6 young (6144K), 6 survivors (6144K)
 Metaspace       used 31709K, capacity 32375K, committed 32384K, reserved 1083392K
  class space    used 3688K, capacity 3959K, committed 3968K, reserved 1048576K
}

Deoptimization events (10 events):
Event: 4.149 Thread 0x00000234a8493000 Uncommon trap: reason=unstable_if action=reinterpret pc=0x000002349860f4c8 method=jdk.internal.org.objectweb.asm.Frame.push(Ljdk/internal/org/objectweb/asm/ClassWriter;Ljava/lang/String;)V @ 18 c2
Event: 4.319 Thread 0x00000234a8493000 Uncommon trap: reason=unstable_if action=reinterpret pc=0x000002349862149c method=java.nio.Buffer.position(I)Ljava/nio/Buffer; @ 37 c2
Event: 4.325 Thread 0x00000234a8493000 Uncommon trap: reason=unstable_if action=reinterpret pc=0x000002349861fb1c method=java.nio.Buffer.position(I)Ljava/nio/Buffer; @ 37 c2
Event: 4.604 Thread 0x00000234a8493000 Uncommon trap: reason=unstable_if action=reinterpret pc=0x0000023498643798 method=com.sun.org.apache.xerces.internal.impl.XMLEntityScanner.scanLiteral(ILcom/sun/org/apache/xerces/internal/xni/XMLString;Z)I @ 189 c2
Event: 4.638 Thread 0x00000234a8493000 Uncommon trap: reason=unstable_if action=reinterpret pc=0x0000023498642d78 method=com.sun.org.apache.xerces.internal.impl.XMLEntityScanner.checkBeforeLoad(Lcom/sun/xml/internal/stream/Entity$ScannedEntity;II)I @ 18 c2
Event: 4.752 Thread 0x00000234a8493000 Uncommon trap: reason=unstable_if action=reinterpret pc=0x0000023498645a04 method=com.sun.org.apache.xerces.internal.impl.XMLEntityScanner.skipSpaces()Z @ 128 c2
Event: 5.722 Thread 0x0000023489419800 Uncommon trap: reason=unstable_if action=reinterpret pc=0x00000234985e55d8 method=org.springframework.util.ConcurrentReferenceHashMap$Segment.clear()V @ 4 c2
Event: 5.949 Thread 0x0000023489419800 Uncommon trap: reason=unstable_if action=reinterpret pc=0x00000234985d8d28 method=java.lang.StringBuilder.toString()Ljava/lang/String; @ 4 c2
Event: 5.988 Thread 0x0000023489419800 Uncommon trap: reason=intrinsic_or_type_checked_inlining action=make_not_entrant pc=0x0000023498682fd8 method=java.util.Arrays.copyOf([Ljava/lang/Object;ILjava/lang/Class;)[Ljava/lang/Object; @ 35 c2
Event: 6.033 Thread 0x0000023489419800 Uncommon trap: reason=unstable_if action=reinterpret pc=0x000002349861a794 method=java.net.URL.<init>(Ljava/net/URL;Ljava/lang/String;Ljava/net/URLStreamHandler;)V @ 347 c2

Classes redefined (0 events):
No events

Internal exceptions (10 events):
Event: 5.093 Thread 0x00000234a8493000 Exception <a 'java/lang/IncompatibleClassChangeError'{0x00000000896c7240}: Found class java.lang.Object, but interface was expected> (0x00000000896c7240) thrown at [./open/src/hotspot/share/interpreter/linkResolver.cpp, line 838]
Event: 5.191 Thread 0x0000023489419800 Exception <a 'java/lang/NoSuchMethodError'{0x000000008937a7c8}: java.lang.invoke.DirectMethodHandle$Holder.invokeSpecial(Ljava/lang/Object;Ljava/lang/Object;Ljava/lang/Object;Ljava/lang/Object;Ljava/lang/Object;)I> (0x000000008937a7c8) thrown at [./open/s
Event: 5.196 Thread 0x0000023489419800 Exception <a 'java/lang/NoSuchMethodError'{0x0000000089396d68}: java.lang.invoke.DirectMethodHandle$Holder.invokeInterface(Ljava/lang/Object;Ljava/lang/Object;Ljava/lang/Object;Ljava/lang/Object;)V> (0x0000000089396d68) thrown at [./open/src/hotspot/share
Event: 5.227 Thread 0x00000234a8493000 Exception <a 'java/lang/NoSuchMethodError'{0x00000000892085b8}: java.lang.invoke.DirectMethodHandle$Holder.invokeStatic(Ljava/lang/Object;Ljava/lang/Object;Ljava/lang/Object;Ljava/lang/Object;Ljava/lang/Object;Ljava/lang/Object;Ljava/lang/Object;Ljava/lan
Event: 5.231 Thread 0x00000234a8493000 Exception <a 'java/lang/NoSuchMethodError'{0x0000000089226538}: java.lang.invoke.DirectMethodHandle$Holder.invokeStatic(Ljava/lang/Object;Ljava/lang/Object;Ljava/lang/Object;Ljava/lang/Object;Ljava/lang/Object;Ljava/lang/Object;Ljava/lang/Object;Ljava/lan
Event: 5.234 Thread 0x00000234a8493000 Exception <a 'java/lang/NoSuchMethodError'{0x0000000089245568}: java.lang.invoke.DirectMethodHandle$Holder.invokeStatic(Ljava/lang/Object;Ljava/lang/Object;Ljava/lang/Object;Ljava/lang/Object;Ljava/lang/Object;Ljava/lang/Object;Ljava/lang/Object;Ljava/lan
Event: 5.275 Thread 0x00000234a8493000 Exception <a 'java/lang/NoSuchMethodError'{0x0000000089265cc0}: java.lang.invoke.DirectMethodHandle$Holder.invokeStatic(Ljava/lang/Object;Ljava/lang/Object;Ljava/lang/Object;Ljava/lang/Object;Ljava/lang/Object;Ljava/lang/Object;Ljava/lang/Object;Ljava/lan
Event: 5.343 Thread 0x00000234a8493000 Exception <a 'java/lang/NoSuchMethodError'{0x000000008903ffd0}: java.lang.invoke.DirectMethodHandle$Holder.invokeStatic(Ljava/lang/Object;Ljava/lang/Object;Ljava/lang/Object;Ljava/lang/Object;Ljava/lang/Object;)V> (0x000000008903ffd0) thrown at [./open/sr
Event: 5.573 Thread 0x0000023489419800 Exception <a 'java/lang/NoSuchMethodError'{0x0000000088afe600}: org.slf4j.impl.StaticMDCBinder.getSingleton()Lorg/slf4j/impl/StaticMDCBinder;> (0x0000000088afe600) thrown at [./open/src/hotspot/share/interpreter/linkResolver.cpp, line 772]
Event: 6.052 Thread 0x0000023489419800 Exception <a 'java/lang/NoClassDefFoundError'{0x0000000087d19af0}: org/springframework/jdbc/CannotGetJdbcConnectionException> (0x0000000087d19af0) thrown at [./open/src/hotspot/share/classfile/systemDictionary.cpp, line 215]

Events (10 events):
Event: 6.160 loading class org/springframework/web/context/request/RequestAttributes done
Event: 6.161 loading class org/springframework/web/context/support/WebApplicationContextUtils$WebRequestObjectFactory
Event: 6.161 loading class org/springframework/web/context/support/WebApplicationContextUtils$WebRequestObjectFactory done
Event: 6.162 loading class org/springframework/beans/factory/config/Scope
Event: 6.162 loading class org/springframework/beans/factory/config/Scope done
Event: 6.162 loading class org/springframework/beans/factory/config/Scope
Event: 6.162 loading class org/springframework/beans/factory/config/Scope done
Event: 6.162 loading class org/springframework/boot/web/servlet/context/ServletWebServerApplicationContext$ExistingWebApplicationScopes
Event: 6.162 loading class org/springframework/boot/web/servlet/context/ServletWebServerApplicationContext$ExistingWebApplicationScopes done
Event: 6.163 Executing VM operation: CollectForMetadataAllocation


Dynamic libraries:
0x00007ff6224f0000 - 0x00007ff6224ff000 	C:\Program Files\Java\jdk-11.0.15\bin\java.exe
0x00007ffd52fb0000 - 0x00007ffd531a8000 	C:\Windows\SYSTEM32\ntdll.dll
0x00007ffd52df0000 - 0x00007ffd52ead000 	C:\Windows\System32\KERNEL32.DLL
0x00007ffd50ad0000 - 0x00007ffd50d9e000 	C:\Windows\System32\KERNELBASE.dll
0x00007ffd506d0000 - 0x00007ffd507d0000 	C:\Windows\System32\ucrtbase.dll
0x00007ffd3cd90000 - 0x00007ffd3cda8000 	C:\Program Files\Java\jdk-11.0.15\bin\jli.dll
0x00007ffd51e50000 - 0x00007ffd51efe000 	C:\Windows\System32\ADVAPI32.dll
0x00007ffd527c0000 - 0x00007ffd5285e000 	C:\Windows\System32\msvcrt.dll
0x00007ffd51870000 - 0x00007ffd5190c000 	C:\Windows\System32\sechost.dll
0x00007ffd52620000 - 0x00007ffd52745000 	C:\Windows\System32\RPCRT4.dll
0x00007ffd52410000 - 0x00007ffd525b0000 	C:\Windows\System32\USER32.dll
0x00007ffd508f0000 - 0x00007ffd50912000 	C:\Windows\System32\win32u.dll
0x00007ffd51f00000 - 0x00007ffd51f2a000 	C:\Windows\System32\GDI32.dll
0x00007ffd509c0000 - 0x00007ffd50acb000 	C:\Windows\System32\gdi32full.dll
0x00007ffd50920000 - 0x00007ffd509bd000 	C:\Windows\System32\msvcp_win.dll
0x00007ffd3cd70000 - 0x00007ffd3cd85000 	C:\Program Files\Java\jdk-11.0.15\bin\VCRUNTIME140.dll
0x00007ffd3cad0000 - 0x00007ffd3cd6a000 	C:\Windows\WinSxS\amd64_microsoft.windows.common-controls_6595b64144ccf1df_6.0.19041.1110_none_60b5254171f9507e\COMCTL32.dll
0x00007ffd48b00000 - 0x00007ffd48b0a000 	C:\Windows\SYSTEM32\VERSION.dll
0x00007ffd52ee0000 - 0x00007ffd52f10000 	C:\Windows\System32\IMM32.DLL
0x00007ffd3ca30000 - 0x00007ffd3cacb000 	C:\Program Files\Java\jdk-11.0.15\bin\msvcp140.dll
0x00007ffd3bf10000 - 0x00007ffd3ca26000 	C:\Program Files\Java\jdk-11.0.15\bin\server\jvm.dll
0x00007ffd52ed0000 - 0x00007ffd52ed8000 	C:\Windows\System32\PSAPI.DLL
0x00007ffd448e0000 - 0x00007ffd44907000 	C:\Windows\SYSTEM32\WINMM.dll
0x00007ffd3bf00000 - 0x00007ffd3bf09000 	C:\Windows\SYSTEM32\WSOCK32.dll
0x00007ffd52750000 - 0x00007ffd527bb000 	C:\Windows\System32\WS2_32.dll
0x00007ffd4e5b0000 - 0x00007ffd4e5c2000 	C:\Windows\SYSTEM32\kernel.appcore.dll
0x00007ffd3bde0000 - 0x00007ffd3bdf0000 	C:\Program Files\Java\jdk-11.0.15\bin\verify.dll
0x00007ffd44980000 - 0x00007ffd44b64000 	C:\Windows\SYSTEM32\DBGHELP.DLL
0x00007ffd447d0000 - 0x00007ffd447fc000 	C:\Windows\SYSTEM32\dbgcore.DLL
0x00007ffd50e20000 - 0x00007ffd50ea2000 	C:\Windows\System32\bcryptPrimitives.dll
0x00007ffd3bdb0000 - 0x00007ffd3bdd8000 	C:\Program Files\Java\jdk-11.0.15\bin\java.dll
0x00007ffd3bda0000 - 0x00007ffd3bdaa000 	C:\Program Files\Java\jdk-11.0.15\bin\jimage.dll
0x00007ffd47390000 - 0x00007ffd4739e000 	C:\Program Files\Java\jdk-11.0.15\bin\instrument.dll
0x00007ffd3bd80000 - 0x00007ffd3bd96000 	C:\Program Files\Java\jdk-11.0.15\bin\zip.dll
0x00007ffd510a0000 - 0x00007ffd517e4000 	C:\Windows\System32\SHELL32.dll
0x00007ffd4e7b0000 - 0x00007ffd4ef44000 	C:\Windows\SYSTEM32\windows.storage.dll
0x00007ffd529e0000 - 0x00007ffd52d34000 	C:\Windows\System32\combase.dll
0x00007ffd4ff80000 - 0x00007ffd4ffb0000 	C:\Windows\SYSTEM32\Wldp.dll
0x00007ffd528d0000 - 0x00007ffd5297d000 	C:\Windows\System32\SHCORE.dll
0x00007ffd52980000 - 0x00007ffd529d5000 	C:\Windows\System32\shlwapi.dll
0x00007ffd50610000 - 0x00007ffd5062f000 	C:\Windows\SYSTEM32\profapi.dll
0x00007ffd3b840000 - 0x00007ffd3b859000 	C:\Program Files\Java\jdk-11.0.15\bin\net.dll
0x00007ffd48180000 - 0x00007ffd4828a000 	C:\Windows\SYSTEM32\WINHTTP.dll
0x00007ffd4fd60000 - 0x00007ffd4fdca000 	C:\Windows\system32\mswsock.dll
0x00007ffd3b820000 - 0x00007ffd3b832000 	C:\Program Files\Java\jdk-11.0.15\bin\nio.dll
0x00007ffd37fb0000 - 0x00007ffd37fca000 	C:\Program Files\JetBrains\IntelliJ IDEA Community Edition 2022.2.1\bin\breakgen64.dll
0x00007ffd4fa70000 - 0x00007ffd4faab000 	C:\Windows\SYSTEM32\IPHLPAPI.DLL
0x00007ffd52860000 - 0x00007ffd52868000 	C:\Windows\System32\NSI.dll
0x00007ffd491f0000 - 0x00007ffd49207000 	C:\Windows\SYSTEM32\dhcpcsvc6.DLL
0x00007ffd491d0000 - 0x00007ffd491ed000 	C:\Windows\SYSTEM32\dhcpcsvc.DLL
0x00007ffd4fac0000 - 0x00007ffd4fb8a000 	C:\Windows\SYSTEM32\DNSAPI.dll
0x00007ffd47e30000 - 0x00007ffd47e3a000 	C:\Windows\System32\rasadhlp.dll
0x00007ffd48400000 - 0x00007ffd48480000 	C:\Windows\System32\fwpuclnt.dll
0x00007ffd50da0000 - 0x00007ffd50dc7000 	C:\Windows\System32\bcrypt.dll
0x00007ffd39310000 - 0x00007ffd39319000 	C:\Program Files\Java\jdk-11.0.15\bin\management.dll
0x00007ffd39100000 - 0x00007ffd3910b000 	C:\Program Files\Java\jdk-11.0.15\bin\management_ext.dll
0x00007ffd3faa0000 - 0x00007ffd3fab7000 	C:\Windows\system32\napinsp.dll
0x00007ffd3e530000 - 0x00007ffd3e54b000 	C:\Windows\system32\pnrpnsp.dll
0x00007ffd3e3a0000 - 0x00007ffd3e3b5000 	C:\Windows\system32\wshbth.dll
0x00007ffd4c070000 - 0x00007ffd4c08d000 	C:\Windows\system32\NLAapi.dll
0x00007ffd3e380000 - 0x00007ffd3e392000 	C:\Windows\System32\winrnr.dll

dbghelp: loaded successfully - version: 4.0.5 - missing functions: none
symbol engine: initialized successfully - sym options: 0x614 - pdb path: .;C:\Program Files\Java\jdk-11.0.15\bin;C:\Windows\SYSTEM32;C:\Windows\WinSxS\amd64_microsoft.windows.common-controls_6595b64144ccf1df_6.0.19041.1110_none_60b5254171f9507e;C:\Program Files\Java\jdk-11.0.15\bin\server;C:\Program Files\JetBrains\IntelliJ IDEA Community Edition 2022.2.1\bin

VM Arguments:
jvm_args: -javaagent:C:\Program Files\JetBrains\IntelliJ IDEA Community Edition 2022.2.1\lib\idea_rt.jar=51201:C:\Program Files\JetBrains\IntelliJ IDEA Community Edition 2022.2.1\bin -Dfile.encoding=UTF-8 
java_command: com.training.springeurekaserver.SpringEurekaServerApplication
java_class_path (initial): C:\Users\sfjbs\Downloads\eureka-naming-server-main\eureka-naming-server-main\spring-eureka-server\target\classes;C:\Users\sfjbs\.m2\repository\org\springframework\cloud\spring-cloud-starter-netflix-eureka-server\3.1.3\spring-cloud-starter-netflix-eureka-server-3.1.3.jar;C:\Users\sfjbs\.m2\repository\org\springframework\cloud\spring-cloud-starter\2.1.0.RELEASE\spring-cloud-starter-2.1.0.RELEASE.jar;C:\Users\sfjbs\.m2\repository\org\springframework\cloud\spring-cloud-context\2.1.0.RELEASE\spring-cloud-context-2.1.0.RELEASE.jar;C:\Users\sfjbs\.m2\repository\org\springframework\security\spring-security-crypto\5.1.4.RELEASE\spring-security-crypto-5.1.4.RELEASE.jar;C:\Users\sfjbs\.m2\repository\org\springframework\cloud\spring-cloud-commons\2.1.0.RELEASE\spring-cloud-commons-2.1.0.RELEASE.jar;C:\Users\sfjbs\.m2\repository\org\springframework\security\spring-security-rsa\1.0.7.RELEASE\spring-security-rsa-1.0.7.RELEASE.jar;C:\Users\sfjbs\.m2\repository\org\bouncycastle\bcpkix-jdk15on\1.60\bcpkix-jdk15on-1.60.jar;C:\Users\sfjbs\.m2\repository\org\bouncycastle\bcprov-jdk15on\1.60\bcprov-jdk15on-1.60.jar;C:\Users\sfjbs\.m2\repository\org\springframework\cloud\spring-cloud-netflix-eureka-server\2.1.0.RELEASE\spring-cloud-netflix-eureka-server-2.1.0.RELEASE.jar;C:\Users\sfjbs\.m2\repository\org\springframework\boot\spring-boot-starter-web\2.1.3.RELEASE\spring-boot-starter-web-2.1.3.RELEASE.jar;C:\Users\sfjbs\.m2\repository\org\springframework\boot\spring-boot-starter-json\2.1.3.RELEASE\spring-boot-starter-json-2.1.3.RELEASE.jar;C:\Users\sfjbs\.m2\repository\com\fasterxml\jackson\datatype\jackson-datatype-jdk8\2.9.8\jackson-datatype-jdk8-2.9.8.jar;C:\Users\sfjbs\.m2\repository\com\fasterxml\jackson\datatype\jackson-datatype-jsr310\2.9.8\jackson-datatype-jsr310-2.9.8.jar;C:\Users\sfjbs\.m2\repository\com\fasterxml\jackson\module\jackson-module-parameter-names\2.9.8\jackson-module-parameter-names-2.9.8.jar;C:\Users\sfjbs\.m2\repository\org\springframewo
Launcher Type: SUN_STANDARD

[Global flags]
     intx CICompilerCount                          = 2                                         {product} {ergonomic}
     uint ConcGCThreads                            = 1                                         {product} {ergonomic}
     uint G1ConcRefinementThreads                  = 2                                         {product} {ergonomic}
   size_t G1HeapRegionSize                         = 1048576                                   {product} {ergonomic}
    uintx GCDrainStackTargetSize                   = 64                                        {product} {ergonomic}
   size_t InitialHeapSize                          = 134217728                                 {product} {ergonomic}
   size_t MarkStackSize                            = 4194304                                   {product} {ergonomic}
   size_t MaxHeapSize                              = 2147483648                                {product} {ergonomic}
   size_t MaxNewSize                               = 1287651328                                {product} {ergonomic}
   size_t MinHeapDeltaBytes                        = 1048576                                   {product} {ergonomic}
    uintx NonNMethodCodeHeapSize                   = 5825164                                {pd product} {ergonomic}
    uintx NonProfiledCodeHeapSize                  = 122916538                              {pd product} {ergonomic}
    uintx ProfiledCodeHeapSize                     = 122916538                              {pd product} {ergonomic}
    uintx ReservedCodeCacheSize                    = 251658240                              {pd product} {ergonomic}
     bool SegmentedCodeCache                       = true                                      {product} {ergonomic}
     bool UseCompressedClassPointers               = true                                 {lp64_product} {ergonomic}
     bool UseCompressedOops                        = true                                 {lp64_product} {ergonomic}
     bool UseG1GC                                  = true                                      {product} {ergonomic}
     bool UseLargePagesIndividualAllocation        = false                                  {pd product} {ergonomic}

Logging:
Log output configuration:
 #0: stdout all=warning uptime,level,tags
 #1: stderr all=off uptime,level,tags

Environment Variables:
PATH=C:\Program Files\Common Files\Oracle\Java\javapath;C:\Windows\system32;C:\Windows;C:\Windows\System32\Wbem;C:\Windows\System32\WindowsPowerShell\v1.0\;C:\Windows\System32\OpenSSH\;C:\Program Files\PuTTY\;C:\Program Files\Git\cmd;C:\Program Files\Docker\Docker\resources\bin;C:\ProgramData\DockerDesktop\version-bin;C:\Users\sfjbs\Downloads\apache-maven-3.8.6-bin\apache-maven-3.8.6\bin;C:\Users\sfjbs\Downloads\apache-maven-3.8.6-bin\apache-maven-3.8.6\lib;C:\Users\sfjbs\AppData\Local\Microsoft\WindowsApps;C:\Program Files\JetBrains\IntelliJ IDEA Community Edition 2022.2.1\bin;;C:\Users\sfjbs\Downloads\apache-maven-3.8.6-bin\apache-maven-3.8.6\bin;C:\Users\sfjbs\Downloads\apache-maven-3.8.6-bin\apache-maven-3.8.6\lib;
USERNAME=sfjbs
OS=Windows_NT
PROCESSOR_IDENTIFIER=Intel64 Family 6 Model 85 Stepping 7, GenuineIntel



---------------  S Y S T E M  ---------------

OS: Windows 10 , 64 bit Build 19041 (10.0.19041.1889)
Hyper-V role detected

CPU:total 2 (initial active 2) (1 cores per cpu, 2 threads per core) family 6 model 85 stepping 7 microcode 0xffffffff, cmov, cx8, fxsr, mmx, sse, sse2, sse3, ssse3, sse4.1, sse4.2, popcnt, avx, avx2, aes, clmul, erms, rtm, 3dnowpref, lzcnt, ht, tsc, bmi1, bmi2, adx, evex, fma

Memory: 4k page, system-wide physical 8190M (1342M free)
TotalPageFile size 10238M (AvailPageFile size 3M)
current process WorkingSet (physical memory assigned to process): 154M, peak: 154M
current process commit charge ("private bytes"): 281M, peak: 282M

vm_info: Java HotSpot(TM) 64-Bit Server VM (11.0.15+8-LTS-149) for windows-amd64 JRE (11.0.15+8-LTS-149), built on Mar  9 2022 22:42:32 by "mach5one" with MS VC++ 15.9 (VS2017)

END.
