#
# There is insufficient memory for the Java Runtime Environment to continue.
# Native memory allocation (malloc) failed to allocate 1788496 bytes for Chunk::new
# Possible reasons:
#   The system is out of physical RAM or swap space
#   The process is running with CompressedOops enabled, and the Java Heap may be blocking the growth of the native heap
# Possible solutions:
#   Reduce memory load on the system
#   Increase physical memory or swap space
#   Check if swap backing store is full
#   Decrease Java heap size (-Xmx/-Xms)
#   Decrease number of Java threads
#   Decrease Java thread stack sizes (-Xss)
#   Set larger code cache with -XX:ReservedCodeCacheSize=
#   JVM is running with Unscaled Compressed Oops mode in which the Java heap is
#     placed in the first 4GB address space. The Java Heap base address is the
#     maximum limit for the native heap growth. Please use -XX:HeapBaseMinAddress
#     to set the Java Heap base and to place the Java Heap above 4GB virtual address.
# This output file may be truncated or incomplete.
#
#  Out of Memory Error (./open/src/hotspot/share/memory/arena.cpp:197), pid=13136, tid=10588
#
# JRE version: Java(TM) SE Runtime Environment 18.9 (11.0.15+8) (build 11.0.15+8-LTS-149)
# Java VM: Java HotSpot(TM) 64-Bit Server VM 18.9 (11.0.15+8-LTS-149, mixed mode, tiered, compressed oops, g1 gc, windows-amd64)
# No core dump will be written. Minidumps are not enabled by default on client versions of Windows
#

---------------  S U M M A R Y ------------

Command Line: -javaagent:C:\Program Files\JetBrains\IntelliJ IDEA Community Edition 2022.2.1\lib\idea_rt.jar=51177:C:\Program Files\JetBrains\IntelliJ IDEA Community Edition 2022.2.1\bin -Dfile.encoding=UTF-8 com.training.springeurekaclient.SpringEurekaClientApplication

Host: Intel(R) Xeon(R) Platinum 8272CL CPU @ 2.60GHz, 2 cores, 7G,  Windows 10 , 64 bit Build 19041 (10.0.19041.1889)
Time: Tue Sep  6 04:32:52 2022 Coordinated Universal Time elapsed time: 49.711573 seconds (0d 0h 0m 49s)

---------------  T H R E A D  ---------------

Current thread (0x0000023d131c9800):  JavaThread "C2 CompilerThread0" daemon [_thread_in_native, id=10588, stack(0x000000dacf200000,0x000000dacf300000)]


Current CompileTask:
C2:  49711 5351 % !   4       org.springframework.beans.factory.support.DefaultListableBeanFactory::doGetBeanNamesForType @ 20 (593 bytes)

Stack: [0x000000dacf200000,0x000000dacf300000]
Native frames: (J=compiled Java code, j=interpreted, Vv=VM code, C=native code)
V  [jvm.dll+0x629d8a]
V  [jvm.dll+0x7638ff]
V  [jvm.dll+0x764fa9]
V  [jvm.dll+0x765633]
V  [jvm.dll+0x23d9c8]
V  [jvm.dll+0xb2a1c]
V  [jvm.dll+0xb2fdc]
V  [jvm.dll+0x341047]
V  [jvm.dll+0x30e9b3]
V  [jvm.dll+0x30dcfa]
V  [jvm.dll+0x1f8565]
V  [jvm.dll+0x1f774d]
V  [jvm.dll+0x177c51]
V  [jvm.dll+0x207026]
V  [jvm.dll+0x2051bb]
V  [jvm.dll+0x729820]
V  [jvm.dll+0x7223f4]
V  [jvm.dll+0x628c26]
C  [ucrtbase.dll+0x21bb2]
C  [KERNEL32.DLL+0x17034]
C  [ntdll.dll+0x52651]


---------------  P R O C E S S  ---------------

Threads class SMR info:
_java_thread_list=0x0000023d16bc2fd0, length=33, elements={
0x0000023d131ba800, 0x0000023d131c5800, 0x0000023d13a42800, 0x0000023d131b6800,
0x0000023d131b7800, 0x0000023d131c9800, 0x0000023d13a77800, 0x0000023d13a7b000,
0x0000023d75cec000, 0x0000023d140fe000, 0x0000023d15229000, 0x0000023d14931000,
0x0000023d150d2800, 0x0000023d167c0800, 0x0000023d14b7e000, 0x0000023d14e5c800,
0x0000023d145db000, 0x0000023d1862b800, 0x0000023d1431b800, 0x0000023d1431e800,
0x0000023d1431c000, 0x0000023d1431a800, 0x0000023d1431d000, 0x0000023d1431d800,
0x0000023d1431f800, 0x0000023d14319800, 0x0000023d14320000, 0x0000023d1768e000,
0x0000023d17690000, 0x0000023d17695000, 0x0000023d17694000, 0x0000023d1768f000,
0x0000023d17692800
}

Java Threads: ( => current thread )
  0x0000023d131ba800 JavaThread "Reference Handler" daemon [_thread_blocked, id=1692, stack(0x000000daced00000,0x000000dacee00000)]
  0x0000023d131c5800 JavaThread "Finalizer" daemon [_thread_blocked, id=4372, stack(0x000000dacee00000,0x000000dacef00000)]
  0x0000023d13a42800 JavaThread "Signal Dispatcher" daemon [_thread_blocked, id=11420, stack(0x000000dacef00000,0x000000dacf000000)]
  0x0000023d131b6800 JavaThread "Attach Listener" daemon [_thread_blocked, id=1436, stack(0x000000dacf000000,0x000000dacf100000)]
  0x0000023d131b7800 JavaThread "Service Thread" daemon [_thread_blocked, id=176, stack(0x000000dacf100000,0x000000dacf200000)]
=>0x0000023d131c9800 JavaThread "C2 CompilerThread0" daemon [_thread_in_native, id=10588, stack(0x000000dacf200000,0x000000dacf300000)]
  0x0000023d13a77800 JavaThread "C1 CompilerThread0" daemon [_thread_blocked, id=1008, stack(0x000000dacf300000,0x000000dacf400000)]
  0x0000023d13a7b000 JavaThread "Sweeper thread" daemon [_thread_blocked, id=8596, stack(0x000000dacf400000,0x000000dacf500000)]
  0x0000023d75cec000 JavaThread "Common-Cleaner" daemon [_thread_blocked, id=9444, stack(0x000000dacf500000,0x000000dacf600000)]
  0x0000023d140fe000 JavaThread "Monitor Ctrl-Break" daemon [_thread_in_native, id=7572, stack(0x000000dacf600000,0x000000dacf700000)]
  0x0000023d15229000 JavaThread "spring.cloud.inetutils" daemon [_thread_blocked, id=6200, stack(0x000000dacf800000,0x000000dacf900000)]
  0x0000023d14931000 JavaThread "Catalina-utility-1" [_thread_blocked, id=11828, stack(0x000000dacfa00000,0x000000dacfb00000)]
  0x0000023d150d2800 JavaThread "Catalina-utility-2" [_thread_blocked, id=10176, stack(0x000000dacfb00000,0x000000dacfc00000)]
  0x0000023d167c0800 JavaThread "container-0" [_thread_blocked, id=2524, stack(0x000000dacfc00000,0x000000dacfd00000)]
  0x0000023d14b7e000 JavaThread "AsyncResolver-bootstrap-0" daemon [_thread_blocked, id=12864, stack(0x000000dacff00000,0x000000dad0000000)]
  0x0000023d14e5c800 JavaThread "DiscoveryClient-0" daemon [_thread_blocked, id=4236, stack(0x000000dad0000000,0x000000dad0100000)]
  0x0000023d145db000 JavaThread "DiscoveryClient-1" daemon [_thread_blocked, id=10108, stack(0x000000dad0100000,0x000000dad0200000)]
  0x0000023d1862b800 JavaThread "DiscoveryClient-InstanceInfoReplicator-0" daemon [_thread_in_native, id=4216, stack(0x000000dad0200000,0x000000dad0300000)]
  0x0000023d1431b800 JavaThread "NioBlockingSelector.BlockPoller-1" daemon [_thread_in_native, id=6920, stack(0x000000dad0300000,0x000000dad0400000)]
  0x0000023d1431e800 JavaThread "http-nio-8383-exec-1" daemon [_thread_blocked, id=11740, stack(0x000000dad0400000,0x000000dad0500000)]
  0x0000023d1431c000 JavaThread "http-nio-8383-exec-2" daemon [_thread_blocked, id=6732, stack(0x000000dad0500000,0x000000dad0600000)]
  0x0000023d1431a800 JavaThread "http-nio-8383-exec-3" daemon [_thread_blocked, id=6500, stack(0x000000dad0600000,0x000000dad0700000)]
  0x0000023d1431d000 JavaThread "http-nio-8383-exec-4" daemon [_thread_blocked, id=7144, stack(0x000000dad0700000,0x000000dad0800000)]
  0x0000023d1431d800 JavaThread "http-nio-8383-exec-5" daemon [_thread_blocked, id=11744, stack(0x000000dad0800000,0x000000dad0900000)]
  0x0000023d1431f800 JavaThread "http-nio-8383-exec-6" daemon [_thread_blocked, id=5192, stack(0x000000dad0900000,0x000000dad0a00000)]
  0x0000023d14319800 JavaThread "http-nio-8383-exec-7" daemon [_thread_blocked, id=9420, stack(0x000000dad0a00000,0x000000dad0b00000)]
  0x0000023d14320000 JavaThread "http-nio-8383-exec-8" daemon [_thread_blocked, id=10272, stack(0x000000dad0b00000,0x000000dad0c00000)]
  0x0000023d1768e000 JavaThread "http-nio-8383-exec-9" daemon [_thread_blocked, id=10780, stack(0x000000dad0c00000,0x000000dad0d00000)]
  0x0000023d17690000 JavaThread "http-nio-8383-exec-10" daemon [_thread_blocked, id=1616, stack(0x000000dad0d00000,0x000000dad0e00000)]
  0x0000023d17695000 JavaThread "http-nio-8383-ClientPoller-0" daemon [_thread_in_native, id=12440, stack(0x000000dad0e00000,0x000000dad0f00000)]
  0x0000023d17694000 JavaThread "http-nio-8383-ClientPoller-1" daemon [_thread_in_native, id=11588, stack(0x000000dad0f00000,0x000000dad1000000)]
  0x0000023d1768f000 JavaThread "http-nio-8383-Acceptor-0" daemon [_thread_in_native, id=11840, stack(0x000000dad1000000,0x000000dad1100000)]
  0x0000023d17692800 JavaThread "DestroyJavaVM" [_thread_blocked, id=13308, stack(0x000000dace600000,0x000000dace700000)]

Other Threads:
  0x0000023d131a7000 VMThread "VM Thread" [stack: 0x000000dacec00000,0x000000daced00000] [id=2984]
  0x0000023d14107000 WatcherThread [stack: 0x000000dacf700000,0x000000dacf800000] [id=11136]
  0x0000023d75c2a000 GCTaskThread "GC Thread#0" [stack: 0x000000dace700000,0x000000dace800000] [id=13160]
  0x0000023d14107800 GCTaskThread "GC Thread#1" [stack: 0x000000dacf900000,0x000000dacfa00000] [id=10896]
  0x0000023d75c59800 ConcurrentGCThread "G1 Main Marker" [stack: 0x000000dace800000,0x000000dace900000] [id=6768]
  0x0000023d75c5c800 ConcurrentGCThread "G1 Conc#0" [stack: 0x000000dace900000,0x000000dacea00000] [id=11908]
  0x0000023d75ce2000 ConcurrentGCThread "G1 Refine#0" [stack: 0x000000dacea00000,0x000000daceb00000] [id=6988]
  0x0000023d75ce4800 ConcurrentGCThread "G1 Young RemSet Sampling" [stack: 0x000000daceb00000,0x000000dacec00000] [id=8688]

Threads with active compile tasks:
C2 CompilerThread0  49731 5351 % !   4       org.springframework.beans.factory.support.DefaultListableBeanFactory::doGetBeanNamesForType @ 20 (593 bytes)

VM state:not at safepoint (normal execution)

VM Mutex/Monitor currently owned by a thread: None

Heap address: 0x0000000080000000, size: 2048 MB, Compressed Oops mode: 32-bit
Narrow klass base: 0x0000000000000000, Narrow klass shift: 3
Compressed class space size: 1073741824 Address: 0x0000000100000000

Heap:
 garbage-first heap   total 157696K, used 101181K [0x0000000080000000, 0x0000000100000000)
  region size 1024K, 87 young (89088K), 9 survivors (9216K)
 Metaspace       used 49519K, capacity 50800K, committed 50896K, reserved 1093632K
  class space    used 5990K, capacity 6524K, committed 6528K, reserved 1048576K
Heap Regions: E=young(eden), S=young(survivor), O=old, HS=humongous(starts), HC=humongous(continues), CS=collection set, F=free, A=archive, TAMS=top-at-mark-start (previous, next)
|   0|0x0000000080000000, 0x0000000080100000, 0x0000000080100000|100%| O|  |TAMS 0x0000000080100000, 0x0000000080000000| Untracked 
|   1|0x0000000080100000, 0x0000000080200000, 0x0000000080200000|100%| O|  |TAMS 0x0000000080200000, 0x0000000080100000| Untracked 
|   2|0x0000000080200000, 0x0000000080300000, 0x0000000080300000|100%| O|  |TAMS 0x0000000080300000, 0x0000000080200000| Untracked 
|   3|0x0000000080300000, 0x0000000080400000, 0x0000000080400000|100%| O|  |TAMS 0x0000000080400000, 0x0000000080300000| Untracked 
|   4|0x0000000080400000, 0x0000000080500000, 0x0000000080500000|100%| O|  |TAMS 0x0000000080500000, 0x0000000080400000| Untracked 
|   5|0x0000000080500000, 0x0000000080600000, 0x0000000080600000|100%| O|  |TAMS 0x0000000080600000, 0x0000000080500000| Untracked 
|   6|0x0000000080600000, 0x0000000080700000, 0x0000000080700000|100%| O|  |TAMS 0x0000000080700000, 0x0000000080600000| Untracked 
|   7|0x0000000080700000, 0x0000000080800000, 0x0000000080800000|100%| O|  |TAMS 0x0000000080800000, 0x0000000080700000| Untracked 
|   8|0x0000000080800000, 0x0000000080900000, 0x0000000080900000|100%| O|  |TAMS 0x0000000080900000, 0x0000000080800000| Untracked 
|   9|0x0000000080900000, 0x0000000080a00000, 0x0000000080a00000|100%| O|  |TAMS 0x0000000080916600, 0x0000000080900000| Untracked 
|  10|0x0000000080a00000, 0x0000000080a00000, 0x0000000080b00000|  0%| F|  |TAMS 0x0000000080a00000, 0x0000000080a00000| Untracked 
|  11|0x0000000080b00000, 0x0000000080c00000, 0x0000000080c00000|100%| O|  |TAMS 0x0000000080b00000, 0x0000000080b00000| Untracked 
|  12|0x0000000080c00000, 0x0000000080d00000, 0x0000000080d00000|100%| O|  |TAMS 0x0000000080c00000, 0x0000000080c00000| Untracked 
|  13|0x0000000080d00000, 0x0000000080dcf600, 0x0000000080e00000| 81%| O|  |TAMS 0x0000000080d00000, 0x0000000080d00000| Untracked 
|  14|0x0000000080e00000, 0x0000000080e00000, 0x0000000080f00000|  0%| F|  |TAMS 0x0000000080e00000, 0x0000000080e00000| Untracked 
|  15|0x0000000080f00000, 0x0000000080f00000, 0x0000000081000000|  0%| F|  |TAMS 0x0000000080f00000, 0x0000000080f00000| Untracked 
|  16|0x0000000081000000, 0x0000000081000000, 0x0000000081100000|  0%| F|  |TAMS 0x0000000081000000, 0x0000000081000000| Untracked 
|  17|0x0000000081100000, 0x0000000081100000, 0x0000000081200000|  0%| F|  |TAMS 0x0000000081100000, 0x0000000081100000| Untracked 
|  18|0x0000000081200000, 0x0000000081200000, 0x0000000081300000|  0%| F|  |TAMS 0x0000000081200000, 0x0000000081200000| Untracked 
|  19|0x0000000081300000, 0x0000000081300000, 0x0000000081400000|  0%| F|  |TAMS 0x0000000081300000, 0x0000000081300000| Untracked 
|  20|0x0000000081400000, 0x0000000081400000, 0x0000000081500000|  0%| F|  |TAMS 0x0000000081400000, 0x0000000081400000| Untracked 
|  21|0x0000000081500000, 0x0000000081500000, 0x0000000081600000|  0%| F|  |TAMS 0x0000000081500000, 0x0000000081500000| Untracked 
|  22|0x0000000081600000, 0x0000000081600000, 0x0000000081700000|  0%| F|  |TAMS 0x0000000081600000, 0x0000000081600000| Untracked 
|  23|0x0000000081700000, 0x0000000081700000, 0x0000000081800000|  0%| F|  |TAMS 0x0000000081700000, 0x0000000081700000| Untracked 
|  24|0x0000000081800000, 0x0000000081800000, 0x0000000081900000|  0%| F|  |TAMS 0x0000000081800000, 0x0000000081800000| Untracked 
|  25|0x0000000081900000, 0x0000000081900000, 0x0000000081a00000|  0%| F|  |TAMS 0x0000000081900000, 0x0000000081900000| Untracked 
|  26|0x0000000081a00000, 0x0000000081a00000, 0x0000000081b00000|  0%| F|  |TAMS 0x0000000081a00000, 0x0000000081a00000| Untracked 
|  27|0x0000000081b00000, 0x0000000081b00000, 0x0000000081c00000|  0%| F|  |TAMS 0x0000000081b00000, 0x0000000081b00000| Untracked 
|  28|0x0000000081c00000, 0x0000000081c00000, 0x0000000081d00000|  0%| F|  |TAMS 0x0000000081c00000, 0x0000000081c00000| Untracked 
|  29|0x0000000081d00000, 0x0000000081d00000, 0x0000000081e00000|  0%| F|  |TAMS 0x0000000081d00000, 0x0000000081d00000| Untracked 
|  30|0x0000000081e00000, 0x0000000081e00000, 0x0000000081f00000|  0%| F|  |TAMS 0x0000000081e00000, 0x0000000081e00000| Untracked 
|  31|0x0000000081f00000, 0x0000000081f00000, 0x0000000082000000|  0%| F|  |TAMS 0x0000000081f00000, 0x0000000081f00000| Untracked 
|  32|0x0000000082000000, 0x0000000082000000, 0x0000000082100000|  0%| F|  |TAMS 0x0000000082000000, 0x0000000082000000| Untracked 
|  33|0x0000000082100000, 0x0000000082100000, 0x0000000082200000|  0%| F|  |TAMS 0x0000000082100000, 0x0000000082100000| Untracked 
|  34|0x0000000082200000, 0x0000000082200000, 0x0000000082300000|  0%| F|  |TAMS 0x0000000082200000, 0x0000000082200000| Untracked 
|  35|0x0000000082300000, 0x0000000082300000, 0x0000000082400000|  0%| F|  |TAMS 0x0000000082300000, 0x0000000082300000| Untracked 
|  36|0x0000000082400000, 0x0000000082400000, 0x0000000082500000|  0%| F|  |TAMS 0x0000000082400000, 0x0000000082400000| Untracked 
|  37|0x0000000082500000, 0x0000000082500000, 0x0000000082600000|  0%| F|  |TAMS 0x0000000082500000, 0x0000000082500000| Untracked 
|  38|0x0000000082600000, 0x0000000082600000, 0x0000000082700000|  0%| F|  |TAMS 0x0000000082600000, 0x0000000082600000| Untracked 
|  39|0x0000000082700000, 0x0000000082700000, 0x0000000082800000|  0%| F|  |TAMS 0x0000000082700000, 0x0000000082700000| Untracked 
|  40|0x0000000082800000, 0x0000000082800000, 0x0000000082900000|  0%| F|  |TAMS 0x0000000082800000, 0x0000000082800000| Untracked 
|  41|0x0000000082900000, 0x0000000082900000, 0x0000000082a00000|  0%| F|  |TAMS 0x0000000082900000, 0x0000000082900000| Untracked 
|  42|0x0000000082a00000, 0x0000000082a00000, 0x0000000082b00000|  0%| F|  |TAMS 0x0000000082a00000, 0x0000000082a00000| Untracked 
|  43|0x0000000082b00000, 0x0000000082b00000, 0x0000000082c00000|  0%| F|  |TAMS 0x0000000082b00000, 0x0000000082b00000| Untracked 
|  44|0x0000000082c00000, 0x0000000082c00000, 0x0000000082d00000|  0%| F|  |TAMS 0x0000000082c00000, 0x0000000082c00000| Untracked 
|  45|0x0000000082d00000, 0x0000000082d00000, 0x0000000082e00000|  0%| F|  |TAMS 0x0000000082d00000, 0x0000000082d00000| Untracked 
|  46|0x0000000082e00000, 0x0000000082f00000, 0x0000000082f00000|100%| S|CS|TAMS 0x0000000082e00000, 0x0000000082e00000| Complete 
|  47|0x0000000082f00000, 0x0000000083000000, 0x0000000083000000|100%| S|CS|TAMS 0x0000000082f00000, 0x0000000082f00000| Complete 
|  48|0x0000000083000000, 0x0000000083100000, 0x0000000083100000|100%| S|CS|TAMS 0x0000000083000000, 0x0000000083000000| Complete 
|  49|0x0000000083100000, 0x0000000083200000, 0x0000000083200000|100%| S|CS|TAMS 0x0000000083100000, 0x0000000083100000| Complete 
|  50|0x0000000083200000, 0x0000000083300000, 0x0000000083300000|100%| S|CS|TAMS 0x0000000083200000, 0x0000000083200000| Complete 
|  51|0x0000000083300000, 0x0000000083400000, 0x0000000083400000|100%| S|CS|TAMS 0x0000000083300000, 0x0000000083300000| Complete 
|  52|0x0000000083400000, 0x0000000083500000, 0x0000000083500000|100%| S|CS|TAMS 0x0000000083400000, 0x0000000083400000| Complete 
|  53|0x0000000083500000, 0x0000000083600000, 0x0000000083600000|100%| S|CS|TAMS 0x0000000083500000, 0x0000000083500000| Complete 
|  54|0x0000000083600000, 0x0000000083700000, 0x0000000083700000|100%| S|CS|TAMS 0x0000000083600000, 0x0000000083600000| Complete 
|  55|0x0000000083700000, 0x0000000083700000, 0x0000000083800000|  0%| F|  |TAMS 0x0000000083700000, 0x0000000083700000| Untracked 
|  56|0x0000000083800000, 0x0000000083800000, 0x0000000083900000|  0%| F|  |TAMS 0x0000000083800000, 0x0000000083800000| Untracked 
|  57|0x0000000083900000, 0x0000000083900000, 0x0000000083a00000|  0%| F|  |TAMS 0x0000000083900000, 0x0000000083900000| Untracked 
|  58|0x0000000083a00000, 0x0000000083a00000, 0x0000000083b00000|  0%| F|  |TAMS 0x0000000083a00000, 0x0000000083a00000| Untracked 
|  59|0x0000000083b00000, 0x0000000083b00000, 0x0000000083c00000|  0%| F|  |TAMS 0x0000000083b00000, 0x0000000083b00000| Untracked 
|  60|0x0000000083c00000, 0x0000000083c00000, 0x0000000083d00000|  0%| F|  |TAMS 0x0000000083c00000, 0x0000000083c00000| Untracked 
|  61|0x0000000083d00000, 0x0000000083d00000, 0x0000000083e00000|  0%| F|  |TAMS 0x0000000083d00000, 0x0000000083d00000| Untracked 
|  62|0x0000000083e00000, 0x0000000083e00000, 0x0000000083f00000|  0%| F|  |TAMS 0x0000000083e00000, 0x0000000083e00000| Untracked 
|  63|0x0000000083f00000, 0x0000000083f00000, 0x0000000084000000|  0%| F|  |TAMS 0x0000000083f00000, 0x0000000083f00000| Untracked 
|  64|0x0000000084000000, 0x0000000084000000, 0x0000000084100000|  0%| F|  |TAMS 0x0000000084000000, 0x0000000084000000| Untracked 
|  65|0x0000000084100000, 0x0000000084100000, 0x0000000084200000|  0%| F|  |TAMS 0x0000000084100000, 0x0000000084100000| Untracked 
|  66|0x0000000084200000, 0x0000000084200000, 0x0000000084300000|  0%| F|  |TAMS 0x0000000084200000, 0x0000000084200000| Untracked 
|  67|0x0000000084300000, 0x0000000084300000, 0x0000000084400000|  0%| F|  |TAMS 0x0000000084300000, 0x0000000084300000| Untracked 
|  68|0x0000000084400000, 0x0000000084400000, 0x0000000084500000|  0%| F|  |TAMS 0x0000000084400000, 0x0000000084400000| Untracked 
|  69|0x0000000084500000, 0x0000000084500000, 0x0000000084600000|  0%| F|  |TAMS 0x0000000084500000, 0x0000000084500000| Untracked 
|  70|0x0000000084600000, 0x0000000084600000, 0x0000000084700000|  0%| F|  |TAMS 0x0000000084600000, 0x0000000084600000| Untracked 
|  71|0x0000000084700000, 0x0000000084700000, 0x0000000084800000|  0%| F|  |TAMS 0x0000000084700000, 0x0000000084700000| Untracked 
|  72|0x0000000084800000, 0x0000000084800000, 0x0000000084900000|  0%| F|  |TAMS 0x0000000084800000, 0x0000000084800000| Untracked 
|  73|0x0000000084900000, 0x0000000084900000, 0x0000000084a00000|  0%| F|  |TAMS 0x0000000084900000, 0x0000000084900000| Untracked 
|  74|0x0000000084a00000, 0x0000000084a00000, 0x0000000084b00000|  0%| F|  |TAMS 0x0000000084a00000, 0x0000000084a00000| Untracked 
|  75|0x0000000084b00000, 0x0000000084b00000, 0x0000000084c00000|  0%| F|  |TAMS 0x0000000084b00000, 0x0000000084b00000| Untracked 
|  76|0x0000000084c00000, 0x0000000084c80b58, 0x0000000084d00000| 50%| E|  |TAMS 0x0000000084c00000, 0x0000000084c00000| Complete 
|  77|0x0000000084d00000, 0x0000000084e00000, 0x0000000084e00000|100%| E|CS|TAMS 0x0000000084d00000, 0x0000000084d00000| Complete 
|  78|0x0000000084e00000, 0x0000000084f00000, 0x0000000084f00000|100%| E|CS|TAMS 0x0000000084e00000, 0x0000000084e00000| Complete 
|  79|0x0000000084f00000, 0x0000000085000000, 0x0000000085000000|100%| E|CS|TAMS 0x0000000084f00000, 0x0000000084f00000| Complete 
|  80|0x0000000085000000, 0x0000000085100000, 0x0000000085100000|100%| E|CS|TAMS 0x0000000085000000, 0x0000000085000000| Complete 
|  81|0x0000000085100000, 0x0000000085200000, 0x0000000085200000|100%| E|CS|TAMS 0x0000000085100000, 0x0000000085100000| Complete 
|  82|0x0000000085200000, 0x0000000085300000, 0x0000000085300000|100%| E|CS|TAMS 0x0000000085200000, 0x0000000085200000| Complete 
|  83|0x0000000085300000, 0x0000000085400000, 0x0000000085400000|100%| E|CS|TAMS 0x0000000085300000, 0x0000000085300000| Complete 
|  84|0x0000000085400000, 0x0000000085500000, 0x0000000085500000|100%| E|CS|TAMS 0x0000000085400000, 0x0000000085400000| Complete 
|  85|0x0000000085500000, 0x0000000085600000, 0x0000000085600000|100%| E|CS|TAMS 0x0000000085500000, 0x0000000085500000| Complete 
|  86|0x0000000085600000, 0x0000000085700000, 0x0000000085700000|100%| E|CS|TAMS 0x0000000085600000, 0x0000000085600000| Complete 
|  87|0x0000000085700000, 0x0000000085800000, 0x0000000085800000|100%| E|CS|TAMS 0x0000000085700000, 0x0000000085700000| Complete 
|  88|0x0000000085800000, 0x0000000085900000, 0x0000000085900000|100%| E|CS|TAMS 0x0000000085800000, 0x0000000085800000| Complete 
|  89|0x0000000085900000, 0x0000000085a00000, 0x0000000085a00000|100%| E|CS|TAMS 0x0000000085900000, 0x0000000085900000| Complete 
|  90|0x0000000085a00000, 0x0000000085b00000, 0x0000000085b00000|100%| E|CS|TAMS 0x0000000085a00000, 0x0000000085a00000| Complete 
|  91|0x0000000085b00000, 0x0000000085c00000, 0x0000000085c00000|100%| E|CS|TAMS 0x0000000085b00000, 0x0000000085b00000| Complete 
|  92|0x0000000085c00000, 0x0000000085d00000, 0x0000000085d00000|100%| E|CS|TAMS 0x0000000085c00000, 0x0000000085c00000| Complete 
|  93|0x0000000085d00000, 0x0000000085e00000, 0x0000000085e00000|100%| E|CS|TAMS 0x0000000085d00000, 0x0000000085d00000| Complete 
|  94|0x0000000085e00000, 0x0000000085f00000, 0x0000000085f00000|100%| E|CS|TAMS 0x0000000085e00000, 0x0000000085e00000| Complete 
|  95|0x0000000085f00000, 0x0000000086000000, 0x0000000086000000|100%| E|CS|TAMS 0x0000000085f00000, 0x0000000085f00000| Complete 
|  96|0x0000000086000000, 0x0000000086100000, 0x0000000086100000|100%| E|CS|TAMS 0x0000000086000000, 0x0000000086000000| Complete 
|  97|0x0000000086100000, 0x0000000086200000, 0x0000000086200000|100%| E|CS|TAMS 0x0000000086100000, 0x0000000086100000| Complete 
|  98|0x0000000086200000, 0x0000000086300000, 0x0000000086300000|100%| E|CS|TAMS 0x0000000086200000, 0x0000000086200000| Complete 
|  99|0x0000000086300000, 0x0000000086400000, 0x0000000086400000|100%| E|CS|TAMS 0x0000000086300000, 0x0000000086300000| Complete 
| 100|0x0000000086400000, 0x0000000086500000, 0x0000000086500000|100%| E|CS|TAMS 0x0000000086400000, 0x0000000086400000| Complete 
| 101|0x0000000086500000, 0x0000000086600000, 0x0000000086600000|100%| E|CS|TAMS 0x0000000086500000, 0x0000000086500000| Complete 
| 102|0x0000000086600000, 0x0000000086700000, 0x0000000086700000|100%| E|CS|TAMS 0x0000000086600000, 0x0000000086600000| Complete 
| 103|0x0000000086700000, 0x0000000086800000, 0x0000000086800000|100%| E|CS|TAMS 0x0000000086700000, 0x0000000086700000| Complete 
| 104|0x0000000086800000, 0x0000000086900000, 0x0000000086900000|100%| E|CS|TAMS 0x0000000086800000, 0x0000000086800000| Complete 
| 105|0x0000000086900000, 0x0000000086a00000, 0x0000000086a00000|100%| E|CS|TAMS 0x0000000086900000, 0x0000000086900000| Complete 
| 106|0x0000000086a00000, 0x0000000086b00000, 0x0000000086b00000|100%| E|CS|TAMS 0x0000000086a00000, 0x0000000086a00000| Complete 
| 107|0x0000000086b00000, 0x0000000086c00000, 0x0000000086c00000|100%| E|CS|TAMS 0x0000000086b00000, 0x0000000086b00000| Complete 
| 108|0x0000000086c00000, 0x0000000086d00000, 0x0000000086d00000|100%| E|CS|TAMS 0x0000000086c00000, 0x0000000086c00000| Complete 
| 109|0x0000000086d00000, 0x0000000086e00000, 0x0000000086e00000|100%| E|CS|TAMS 0x0000000086d00000, 0x0000000086d00000| Complete 
| 110|0x0000000086e00000, 0x0000000086f00000, 0x0000000086f00000|100%| E|CS|TAMS 0x0000000086e00000, 0x0000000086e00000| Complete 
| 111|0x0000000086f00000, 0x0000000087000000, 0x0000000087000000|100%| E|CS|TAMS 0x0000000086f00000, 0x0000000086f00000| Complete 
| 112|0x0000000087000000, 0x0000000087100000, 0x0000000087100000|100%| E|CS|TAMS 0x0000000087000000, 0x0000000087000000| Complete 
| 113|0x0000000087100000, 0x0000000087200000, 0x0000000087200000|100%| E|CS|TAMS 0x0000000087100000, 0x0000000087100000| Complete 
| 114|0x0000000087200000, 0x0000000087300000, 0x0000000087300000|100%| E|CS|TAMS 0x0000000087200000, 0x0000000087200000| Complete 
| 115|0x0000000087300000, 0x0000000087400000, 0x0000000087400000|100%| E|CS|TAMS 0x0000000087300000, 0x0000000087300000| Complete 
| 116|0x0000000087400000, 0x0000000087500000, 0x0000000087500000|100%| E|CS|TAMS 0x0000000087400000, 0x0000000087400000| Complete 
| 117|0x0000000087500000, 0x0000000087600000, 0x0000000087600000|100%| E|CS|TAMS 0x0000000087500000, 0x0000000087500000| Complete 
| 118|0x0000000087600000, 0x0000000087700000, 0x0000000087700000|100%| E|CS|TAMS 0x0000000087600000, 0x0000000087600000| Complete 
| 119|0x0000000087700000, 0x0000000087800000, 0x0000000087800000|100%| E|CS|TAMS 0x0000000087700000, 0x0000000087700000| Complete 
| 120|0x0000000087800000, 0x0000000087900000, 0x0000000087900000|100%| E|CS|TAMS 0x0000000087800000, 0x0000000087800000| Complete 
| 121|0x0000000087900000, 0x0000000087a00000, 0x0000000087a00000|100%| E|CS|TAMS 0x0000000087900000, 0x0000000087900000| Complete 
| 122|0x0000000087a00000, 0x0000000087b00000, 0x0000000087b00000|100%| E|CS|TAMS 0x0000000087a00000, 0x0000000087a00000| Complete 
| 123|0x0000000087b00000, 0x0000000087c00000, 0x0000000087c00000|100%| E|CS|TAMS 0x0000000087b00000, 0x0000000087b00000| Complete 
| 124|0x0000000087c00000, 0x0000000087d00000, 0x0000000087d00000|100%| E|CS|TAMS 0x0000000087c00000, 0x0000000087c00000| Complete 
| 125|0x0000000087d00000, 0x0000000087e00000, 0x0000000087e00000|100%| E|CS|TAMS 0x0000000087d00000, 0x0000000087d00000| Complete 
| 126|0x0000000087e00000, 0x0000000087f00000, 0x0000000087f00000|100%| E|CS|TAMS 0x0000000087e00000, 0x0000000087e00000| Complete 
| 127|0x0000000087f00000, 0x0000000088000000, 0x0000000088000000|100%| E|CS|TAMS 0x0000000087f00000, 0x0000000087f00000| Complete 
| 128|0x0000000088000000, 0x0000000088100000, 0x0000000088100000|100%| E|CS|TAMS 0x0000000088000000, 0x0000000088000000| Complete 
| 129|0x0000000088100000, 0x0000000088200000, 0x0000000088200000|100%| E|CS|TAMS 0x0000000088100000, 0x0000000088100000| Complete 
| 130|0x0000000088200000, 0x0000000088300000, 0x0000000088300000|100%| E|CS|TAMS 0x0000000088200000, 0x0000000088200000| Complete 
| 131|0x0000000088300000, 0x0000000088400000, 0x0000000088400000|100%| E|CS|TAMS 0x0000000088300000, 0x0000000088300000| Complete 
| 132|0x0000000088400000, 0x0000000088500000, 0x0000000088500000|100%| E|CS|TAMS 0x0000000088400000, 0x0000000088400000| Complete 
| 133|0x0000000088500000, 0x0000000088600000, 0x0000000088600000|100%| E|CS|TAMS 0x0000000088500000, 0x0000000088500000| Complete 
| 134|0x0000000088600000, 0x0000000088700000, 0x0000000088700000|100%| E|CS|TAMS 0x0000000088600000, 0x0000000088600000| Complete 
| 135|0x0000000088700000, 0x0000000088800000, 0x0000000088800000|100%| E|CS|TAMS 0x0000000088700000, 0x0000000088700000| Complete 
| 136|0x0000000088800000, 0x0000000088900000, 0x0000000088900000|100%| E|CS|TAMS 0x0000000088800000, 0x0000000088800000| Complete 
| 137|0x0000000088900000, 0x0000000088a00000, 0x0000000088a00000|100%| E|CS|TAMS 0x0000000088900000, 0x0000000088900000| Complete 
| 138|0x0000000088a00000, 0x0000000088b00000, 0x0000000088b00000|100%| E|CS|TAMS 0x0000000088a00000, 0x0000000088a00000| Complete 
| 139|0x0000000088b00000, 0x0000000088c00000, 0x0000000088c00000|100%| E|CS|TAMS 0x0000000088b00000, 0x0000000088b00000| Complete 
| 140|0x0000000088c00000, 0x0000000088d00000, 0x0000000088d00000|100%| E|CS|TAMS 0x0000000088c00000, 0x0000000088c00000| Complete 
| 141|0x0000000088d00000, 0x0000000088e00000, 0x0000000088e00000|100%| E|CS|TAMS 0x0000000088d00000, 0x0000000088d00000| Complete 
| 142|0x0000000088e00000, 0x0000000088f00000, 0x0000000088f00000|100%| E|CS|TAMS 0x0000000088e00000, 0x0000000088e00000| Complete 
| 143|0x0000000088f00000, 0x0000000089000000, 0x0000000089000000|100%| E|CS|TAMS 0x0000000088f00000, 0x0000000088f00000| Complete 
| 144|0x0000000089000000, 0x0000000089100000, 0x0000000089100000|100%| E|CS|TAMS 0x0000000089000000, 0x0000000089000000| Complete 
| 145|0x0000000089100000, 0x0000000089200000, 0x0000000089200000|100%| E|CS|TAMS 0x0000000089100000, 0x0000000089100000| Complete 
| 146|0x0000000089200000, 0x0000000089300000, 0x0000000089300000|100%| E|CS|TAMS 0x0000000089200000, 0x0000000089200000| Complete 
| 147|0x0000000089300000, 0x0000000089400000, 0x0000000089400000|100%| E|CS|TAMS 0x0000000089300000, 0x0000000089300000| Complete 
| 148|0x0000000089400000, 0x0000000089500000, 0x0000000089500000|100%| E|CS|TAMS 0x0000000089400000, 0x0000000089400000| Complete 
| 149|0x0000000089500000, 0x0000000089600000, 0x0000000089600000|100%| E|CS|TAMS 0x0000000089500000, 0x0000000089500000| Complete 
| 150|0x0000000089600000, 0x0000000089700000, 0x0000000089700000|100%| E|CS|TAMS 0x0000000089600000, 0x0000000089600000| Complete 
| 151|0x0000000089700000, 0x0000000089800000, 0x0000000089800000|100%| E|CS|TAMS 0x0000000089700000, 0x0000000089700000| Complete 
| 152|0x0000000089800000, 0x0000000089900000, 0x0000000089900000|100%| E|CS|TAMS 0x0000000089800000, 0x0000000089800000| Complete 
| 153|0x0000000089900000, 0x0000000089a00000, 0x0000000089a00000|100%| E|CS|TAMS 0x0000000089900000, 0x0000000089900000| Complete 

Card table byte_map: [0x0000023d7d6c0000,0x0000023d7dac0000] _byte_map_base: 0x0000023d7d2c0000

Marking Bits (Prev, Next): (CMBitMap*) 0x0000023d75c50728, (CMBitMap*) 0x0000023d75c50760
 Prev Bits: [0x0000023d7dec0000, 0x0000023d7fec0000)
 Next Bits: [0x0000023d0f000000, 0x0000023d11000000)

Polling page: 0x0000023d73dc0000

Metaspace:

Usage:
  Non-class:     43.24 MB capacity,    42.51 MB ( 98%) used,   590.34 KB (  1%) free+waste,   155.94 KB ( <1%) overhead. 
      Class:      6.37 MB capacity,     5.85 MB ( 92%) used,   458.98 KB (  7%) free+waste,    75.00 KB (  1%) overhead. 
       Both:     49.61 MB capacity,    48.36 MB ( 97%) used,     1.02 MB (  2%) free+waste,   230.94 KB ( <1%) overhead. 

Virtual space:
  Non-class space:       44.00 MB reserved,      43.33 MB ( 98%) committed 
      Class space:        1.00 GB reserved,       6.38 MB ( <1%) committed 
             Both:        1.04 GB reserved,      49.70 MB (  5%) committed 

Chunk freelists:
   Non-Class:  3.50 KB
       Class:  512 bytes
        Both:  4.00 KB

CodeHeap 'non-profiled nmethods': size=120064Kb used=3003Kb max_used=3003Kb free=117060Kb
 bounds [0x0000023d07ac0000, 0x0000023d07db0000, 0x0000023d0f000000]
CodeHeap 'profiled nmethods': size=120000Kb used=12778Kb max_used=12778Kb free=107221Kb
 bounds [0x0000023d00590000, 0x0000023d01210000, 0x0000023d07ac0000]
CodeHeap 'non-nmethods': size=5696Kb used=1183Kb max_used=1222Kb free=4512Kb
 bounds [0x0000023d00000000, 0x0000023d00270000, 0x0000023d00590000]
 total_blobs=5849 nmethods=5332 adapters=428
 compilation: enabled
              stopped_count=0, restarted_count=0
 full_count=0

Compilation events (10 events):
Event: 49.444 Thread 0x0000023d13a77800 5356       3       com.fasterxml.jackson.databind.introspect.JacksonAnnotationIntrospector::findPropertyDescription (26 bytes)
Event: 49.444 Thread 0x0000023d13a77800 nmethod 5356 0x0000023d011f6f90 code [0x0000023d011f7160, 0x0000023d011f7618]
Event: 49.444 Thread 0x0000023d13a77800 5357       3       com.fasterxml.jackson.databind.introspect.JacksonAnnotationIntrospector::findPropertyIndex (34 bytes)
Event: 49.445 Thread 0x0000023d13a77800 nmethod 5357 0x0000023d011f7790 code [0x0000023d011f79e0, 0x0000023d011f8448]
Event: 49.445 Thread 0x0000023d13a77800 5358       3       com.fasterxml.jackson.databind.introspect.JacksonAnnotationIntrospector::findPropertyDefaultValue (37 bytes)
Event: 49.446 Thread 0x0000023d13a77800 nmethod 5358 0x0000023d011f8810 code [0x0000023d011f8a20, 0x0000023d011f92c8]
Event: 49.447 Thread 0x0000023d13a77800 5359       3       com.fasterxml.jackson.databind.type.TypeBindings$AsKey::equals (111 bytes)
Event: 49.448 Thread 0x0000023d13a77800 nmethod 5359 0x0000023d011f9610 code [0x0000023d011f9800, 0x0000023d011f9e48]
Event: 49.452 Thread 0x0000023d13a77800 5360       3       java.net.URLStreamHandler::parseURL (1201 bytes)
Event: 49.479 Thread 0x0000023d13a77800 nmethod 5360 0x0000023d011fa090 code [0x0000023d011fb2e0, 0x0000023d012067e8]

GC Heap History (10 events):
Event: 5.498 GC heap before
{Heap before GC invocations=4 (full 0):
 garbage-first heap   total 131072K, used 26314K [0x0000000080000000, 0x0000000100000000)
  region size 1024K, 23 young (23552K), 2 survivors (2048K)
 Metaspace       used 20783K, capacity 21239K, committed 21296K, reserved 1069056K
  class space    used 2230K, capacity 2423K, committed 2432K, reserved 1048576K
}
Event: 5.507 GC heap after
{Heap after GC invocations=5 (full 0):
 garbage-first heap   total 131072K, used 7719K [0x0000000080000000, 0x0000000100000000)
  region size 1024K, 3 young (3072K), 3 survivors (3072K)
 Metaspace       used 20783K, capacity 21239K, committed 21296K, reserved 1069056K
  class space    used 2230K, capacity 2423K, committed 2432K, reserved 1048576K
}
Event: 8.255 GC heap before
{Heap before GC invocations=6 (full 0):
 garbage-first heap   total 131072K, used 47655K [0x0000000080000000, 0x0000000100000000)
  region size 1024K, 43 young (44032K), 3 survivors (3072K)
 Metaspace       used 27350K, capacity 27981K, committed 28080K, reserved 1075200K
  class space    used 3046K, capacity 3289K, committed 3328K, reserved 1048576K
}
Event: 8.277 GC heap after
{Heap after GC invocations=7 (full 0):
 garbage-first heap   total 131072K, used 9685K [0x0000000080000000, 0x0000000100000000)
  region size 1024K, 5 young (5120K), 5 survivors (5120K)
 Metaspace       used 27350K, capacity 27981K, committed 28080K, reserved 1075200K
  class space    used 3046K, capacity 3289K, committed 3328K, reserved 1048576K
}
Event: 14.410 GC heap before
{Heap before GC invocations=7 (full 0):
 garbage-first heap   total 131072K, used 82389K [0x0000000080000000, 0x0000000100000000)
  region size 1024K, 76 young (77824K), 5 survivors (5120K)
 Metaspace       used 31635K, capacity 32362K, committed 32560K, reserved 1077248K
  class space    used 3591K, capacity 3894K, committed 3968K, reserved 1048576K
}
Event: 14.435 GC heap after
{Heap after GC invocations=8 (full 0):
 garbage-first heap   total 131072K, used 13587K [0x0000000080000000, 0x0000000100000000)
  region size 1024K, 8 young (8192K), 8 survivors (8192K)
 Metaspace       used 31635K, capacity 32362K, committed 32560K, reserved 1077248K
  class space    used 3591K, capacity 3894K, committed 3968K, reserved 1048576K
}
Event: 17.223 GC heap before
{Heap before GC invocations=8 (full 0):
 garbage-first heap   total 131072K, used 50451K [0x0000000080000000, 0x0000000100000000)
  region size 1024K, 45 young (46080K), 8 survivors (8192K)
 Metaspace       used 34909K, capacity 35795K, committed 35920K, reserved 1081344K
  class space    used 3995K, capacity 4323K, committed 4352K, reserved 1048576K
}
Event: 17.254 GC heap after
{Heap after GC invocations=9 (full 0):
 garbage-first heap   total 131072K, used 15961K [0x0000000080000000, 0x0000000100000000)
  region size 1024K, 7 young (7168K), 7 survivors (7168K)
 Metaspace       used 34909K, capacity 35795K, committed 35920K, reserved 1081344K
  class space    used 3995K, capacity 4323K, committed 4352K, reserved 1048576K
}
Event: 27.010 GC heap before
{Heap before GC invocations=10 (full 0):
 garbage-first heap   total 131072K, used 83545K [0x0000000080000000, 0x0000000100000000)
  region size 1024K, 73 young (74752K), 7 survivors (7168K)
 Metaspace       used 41156K, capacity 42163K, committed 42448K, reserved 1087488K
  class space    used 4778K, capacity 5208K, committed 5248K, reserved 1048576K
}
Event: 27.140 GC heap after
{Heap after GC invocations=11 (full 0):
 garbage-first heap   total 157696K, used 22333K [0x0000000080000000, 0x0000000100000000)
  region size 1024K, 9 young (9216K), 9 survivors (9216K)
 Metaspace       used 41156K, capacity 42163K, committed 42448K, reserved 1087488K
  class space    used 4778K, capacity 5208K, committed 5248K, reserved 1048576K
}

Deoptimization events (10 events):
Event: 34.828 Thread 0x0000023d75c14800 Uncommon trap: reason=bimorphic_or_optimized_type_check action=maybe_recompile pc=0x0000023d07d6d210 method=java.util.concurrent.ConcurrentHashMap.putVal(Ljava/lang/Object;Ljava/lang/Object;Z)Ljava/lang/Object; @ 159 c2
Event: 37.668 Thread 0x0000023d75c14800 Uncommon trap: reason=unstable_if action=reinterpret pc=0x0000023d07da1190 method=org.springframework.boot.autoconfigure.condition.ConditionEvaluationReport.lambda$addNoMatchOutcomeToAncestors$1(Ljava/lang/String;Ljava/lang/String;Ljava/lang/String;Lorg/s
Event: 37.671 Thread 0x0000023d75c14800 Uncommon trap: reason=unstable_if action=reinterpret pc=0x0000023d07da0b4c method=org.springframework.boot.autoconfigure.condition.ConditionEvaluationReport.lambda$addNoMatchOutcomeToAncestors$1(Ljava/lang/String;Ljava/lang/String;Ljava/lang/String;Lorg/s
Event: 44.726 Thread 0x0000023d150d2800 Uncommon trap: reason=profile_predicate action=maybe_recompile pc=0x0000023d07cc6ffc method=java.util.TreeMap.put(Ljava/lang/Object;Ljava/lang/Object;)Ljava/lang/Object; @ 55 c2
Event: 44.726 Thread 0x0000023d150d2800 Uncommon trap: reason=profile_predicate action=maybe_recompile pc=0x0000023d07cc6ffc method=java.util.TreeMap.put(Ljava/lang/Object;Ljava/lang/Object;)Ljava/lang/Object; @ 55 c2
Event: 44.726 Thread 0x0000023d150d2800 Uncommon trap: reason=profile_predicate action=maybe_recompile pc=0x0000023d07cc6ffc method=java.util.TreeMap.put(Ljava/lang/Object;Ljava/lang/Object;)Ljava/lang/Object; @ 55 c2
Event: 45.969 Thread 0x0000023d75c14800 Uncommon trap: reason=class_check action=maybe_recompile pc=0x0000023d07cc3a18 method=java.util.TreeMap.getEntry(Ljava/lang/Object;)Ljava/util/TreeMap$Entry; @ 26 c2
Event: 45.969 Thread 0x0000023d75c14800 Uncommon trap: reason=class_check action=maybe_recompile pc=0x0000023d07cc3a18 method=java.util.TreeMap.getEntry(Ljava/lang/Object;)Ljava/util/TreeMap$Entry; @ 26 c2
Event: 46.074 Thread 0x0000023d1862b800 Uncommon trap: reason=unstable_if action=reinterpret pc=0x0000023d07d93c30 method=java.net.URLStreamHandler.parseURL(Ljava/net/URL;Ljava/lang/String;II)V @ 155 c2
Event: 49.385 Thread 0x0000023d75c14800 Uncommon trap: reason=speculate_class_check action=maybe_recompile pc=0x0000023d07d18be0 method=java.util.AbstractList.listIterator()Ljava/util/ListIterator; @ 2 c2

Classes redefined (0 events):
No events

Internal exceptions (10 events):
Event: 34.445 Thread 0x0000023d75c14800 Exception <a 'java/lang/ClassNotFoundException'{0x00000000867e87c8}: org/springframework/context/ApplicationContextAwareCustomizer> (0x00000000867e87c8) thrown at [./open/src/hotspot/share/classfile/systemDictionary.cpp, line 226]
Event: 34.445 Thread 0x0000023d75c14800 Exception <a 'java/lang/ClassNotFoundException'{0x00000000867f4600}: org/springframework/beans/factory/AwareCustomizer> (0x00000000867f4600) thrown at [./open/src/hotspot/share/classfile/systemDictionary.cpp, line 226]
Event: 34.446 Thread 0x0000023d75c14800 Exception <a 'java/lang/ClassNotFoundException'{0x0000000086600000}: org/springframework/context/ApplicationListenerCustomizer> (0x0000000086600000) thrown at [./open/src/hotspot/share/classfile/systemDictionary.cpp, line 226]
Event: 34.446 Thread 0x0000023d75c14800 Exception <a 'java/lang/ClassNotFoundException'{0x0000000086601a28}: java/util/EventListenerCustomizer> (0x0000000086601a28) thrown at [./open/src/hotspot/share/classfile/systemDictionary.cpp, line 226]
Event: 34.447 Thread 0x0000023d75c14800 Exception <a 'java/lang/ClassNotFoundException'{0x000000008660b5e8}: java/lang/ObjectCustomizer> (0x000000008660b5e8) thrown at [./open/src/hotspot/share/classfile/systemDictionary.cpp, line 226]
Event: 34.447 Thread 0x0000023d75c14800 Exception <a 'java/lang/ClassNotFoundException'{0x000000008661b870}: org/springframework/jmx/export/metadata/AbstractJmxAttributeCustomizer> (0x000000008661b870) thrown at [./open/src/hotspot/share/classfile/systemDictionary.cpp, line 226]
Event: 34.448 Thread 0x0000023d75c14800 Exception <a 'java/lang/ClassNotFoundException'{0x000000008662b200}: org/springframework/jmx/export/metadata/ManagedAttributeCustomizer> (0x000000008662b200) thrown at [./open/src/hotspot/share/classfile/systemDictionary.cpp, line 226]
Event: 37.354 Thread 0x0000023d75c14800 Exception <a 'java/net/ConnectException'{0x000000008588d940}: Connection refused: connect> (0x000000008588d940) thrown at [./open/src/hotspot/share/prims/jni.cpp, line 632]
Event: 37.362 Thread 0x0000023d75c14800 Exception <a 'java/lang/NoClassDefFoundError'{0x00000000858b4800}: sun/reflect/Reflection> (0x00000000858b4800) thrown at [./open/src/hotspot/share/classfile/systemDictionary.cpp, line 215]
Event: 45.968 Thread 0x0000023d75c14800 Exception <a 'java/lang/NoSuchMethodError'{0x00000000854323a0}: java.lang.invoke.DirectMethodHandle$Holder.newInvokeSpecial(Ljava/lang/Object;I)Ljava/lang/Object;> (0x00000000854323a0) thrown at [./open/src/hotspot/share/interpreter/linkResolver.cpp, line

Events (10 events):
Event: 49.480 loading class com/fasterxml/jackson/databind/ser/std/StdKeySerializers$Dynamic
Event: 49.480 loading class com/fasterxml/jackson/databind/ser/std/StdKeySerializers$Dynamic done
Event: 49.481 loading class com/fasterxml/jackson/databind/ser/std/StdKeySerializers$EnumKeySerializer
Event: 49.481 loading class com/fasterxml/jackson/databind/ser/std/StdKeySerializers$EnumKeySerializer done
Event: 49.481 loading class com/fasterxml/jackson/databind/ser/std/StdKeySerializers$Default
Event: 49.481 loading class com/fasterxml/jackson/databind/ser/std/StdKeySerializers$Default done
Event: 49.483 Executing VM operation: RevokeBias
Event: 49.490 Executing VM operation: RevokeBias done
Event: 49.491 loading class org/apache/coyote/AbstractProtocol$2
Event: 49.491 loading class org/apache/coyote/AbstractProtocol$2 done


Dynamic libraries:
0x00007ff6224f0000 - 0x00007ff6224ff000 	C:\Program Files\Java\jdk-11.0.15\bin\java.exe
0x00007ffd52fb0000 - 0x00007ffd531a8000 	C:\Windows\SYSTEM32\ntdll.dll
0x00007ffd52df0000 - 0x00007ffd52ead000 	C:\Windows\System32\KERNEL32.DLL
0x00007ffd50ad0000 - 0x00007ffd50d9e000 	C:\Windows\System32\KERNELBASE.dll
0x00007ffd506d0000 - 0x00007ffd507d0000 	C:\Windows\System32\ucrtbase.dll
0x00007ffd3cd70000 - 0x00007ffd3cd85000 	C:\Program Files\Java\jdk-11.0.15\bin\VCRUNTIME140.dll
0x00007ffd3cd90000 - 0x00007ffd3cda8000 	C:\Program Files\Java\jdk-11.0.15\bin\jli.dll
0x00007ffd51e50000 - 0x00007ffd51efe000 	C:\Windows\System32\ADVAPI32.dll
0x00007ffd527c0000 - 0x00007ffd5285e000 	C:\Windows\System32\msvcrt.dll
0x00007ffd51870000 - 0x00007ffd5190c000 	C:\Windows\System32\sechost.dll
0x00007ffd52620000 - 0x00007ffd52745000 	C:\Windows\System32\RPCRT4.dll
0x00007ffd52410000 - 0x00007ffd525b0000 	C:\Windows\System32\USER32.dll
0x00007ffd508f0000 - 0x00007ffd50912000 	C:\Windows\System32\win32u.dll
0x00007ffd51f00000 - 0x00007ffd51f2a000 	C:\Windows\System32\GDI32.dll
0x00007ffd509c0000 - 0x00007ffd50acb000 	C:\Windows\System32\gdi32full.dll
0x00007ffd50920000 - 0x00007ffd509bd000 	C:\Windows\System32\msvcp_win.dll
0x00007ffd3cad0000 - 0x00007ffd3cd6a000 	C:\Windows\WinSxS\amd64_microsoft.windows.common-controls_6595b64144ccf1df_6.0.19041.1110_none_60b5254171f9507e\COMCTL32.dll
0x00007ffd48b00000 - 0x00007ffd48b0a000 	C:\Windows\SYSTEM32\VERSION.dll
0x00007ffd52ee0000 - 0x00007ffd52f10000 	C:\Windows\System32\IMM32.DLL
0x00007ffd3ca30000 - 0x00007ffd3cacb000 	C:\Program Files\Java\jdk-11.0.15\bin\msvcp140.dll
0x00007ffd3bf10000 - 0x00007ffd3ca26000 	C:\Program Files\Java\jdk-11.0.15\bin\server\jvm.dll
0x00007ffd52ed0000 - 0x00007ffd52ed8000 	C:\Windows\System32\PSAPI.DLL
0x00007ffd3bf00000 - 0x00007ffd3bf09000 	C:\Windows\SYSTEM32\WSOCK32.dll
0x00007ffd52750000 - 0x00007ffd527bb000 	C:\Windows\System32\WS2_32.dll
0x00007ffd448e0000 - 0x00007ffd44907000 	C:\Windows\SYSTEM32\WINMM.dll
0x00007ffd4e5b0000 - 0x00007ffd4e5c2000 	C:\Windows\SYSTEM32\kernel.appcore.dll
0x00007ffd3bde0000 - 0x00007ffd3bdf0000 	C:\Program Files\Java\jdk-11.0.15\bin\verify.dll
0x00007ffd44980000 - 0x00007ffd44b64000 	C:\Windows\SYSTEM32\DBGHELP.DLL
0x00007ffd447d0000 - 0x00007ffd447fc000 	C:\Windows\SYSTEM32\dbgcore.DLL
0x00007ffd50e20000 - 0x00007ffd50ea2000 	C:\Windows\System32\bcryptPrimitives.dll
0x00007ffd3bdb0000 - 0x00007ffd3bdd8000 	C:\Program Files\Java\jdk-11.0.15\bin\java.dll
0x00007ffd3bda0000 - 0x00007ffd3bdaa000 	C:\Program Files\Java\jdk-11.0.15\bin\jimage.dll
0x00007ffd47390000 - 0x00007ffd4739e000 	C:\Program Files\Java\jdk-11.0.15\bin\instrument.dll
0x00007ffd3bd80000 - 0x00007ffd3bd96000 	C:\Program Files\Java\jdk-11.0.15\bin\zip.dll
0x00007ffd510a0000 - 0x00007ffd517e4000 	C:\Windows\System32\SHELL32.dll
0x00007ffd4e7b0000 - 0x00007ffd4ef44000 	C:\Windows\SYSTEM32\windows.storage.dll
0x00007ffd529e0000 - 0x00007ffd52d34000 	C:\Windows\System32\combase.dll
0x00007ffd4ff80000 - 0x00007ffd4ffb0000 	C:\Windows\SYSTEM32\Wldp.dll
0x00007ffd528d0000 - 0x00007ffd5297d000 	C:\Windows\System32\SHCORE.dll
0x00007ffd52980000 - 0x00007ffd529d5000 	C:\Windows\System32\shlwapi.dll
0x00007ffd50610000 - 0x00007ffd5062f000 	C:\Windows\SYSTEM32\profapi.dll
0x00007ffd3b840000 - 0x00007ffd3b859000 	C:\Program Files\Java\jdk-11.0.15\bin\net.dll
0x00007ffd48180000 - 0x00007ffd4828a000 	C:\Windows\SYSTEM32\WINHTTP.dll
0x00007ffd4fd60000 - 0x00007ffd4fdca000 	C:\Windows\system32\mswsock.dll
0x00007ffd3b820000 - 0x00007ffd3b832000 	C:\Program Files\Java\jdk-11.0.15\bin\nio.dll
0x00007ffd37fb0000 - 0x00007ffd37fca000 	C:\Program Files\JetBrains\IntelliJ IDEA Community Edition 2022.2.1\bin\breakgen64.dll
0x00007ffd4fa70000 - 0x00007ffd4faab000 	C:\Windows\SYSTEM32\IPHLPAPI.DLL
0x00007ffd52860000 - 0x00007ffd52868000 	C:\Windows\System32\NSI.dll
0x00007ffd491f0000 - 0x00007ffd49207000 	C:\Windows\SYSTEM32\dhcpcsvc6.DLL
0x00007ffd491d0000 - 0x00007ffd491ed000 	C:\Windows\SYSTEM32\dhcpcsvc.DLL
0x00007ffd4fac0000 - 0x00007ffd4fb8a000 	C:\Windows\SYSTEM32\DNSAPI.dll
0x00007ffd47e30000 - 0x00007ffd47e3a000 	C:\Windows\System32\rasadhlp.dll
0x00007ffd48400000 - 0x00007ffd48480000 	C:\Windows\System32\fwpuclnt.dll
0x00007ffd50da0000 - 0x00007ffd50dc7000 	C:\Windows\System32\bcrypt.dll
0x00007ffd39310000 - 0x00007ffd39319000 	C:\Program Files\Java\jdk-11.0.15\bin\management.dll
0x00007ffd39100000 - 0x00007ffd3910b000 	C:\Program Files\Java\jdk-11.0.15\bin\management_ext.dll
0x00007ffd3faa0000 - 0x00007ffd3fab7000 	C:\Windows\system32\napinsp.dll
0x00007ffd3e530000 - 0x00007ffd3e54b000 	C:\Windows\system32\pnrpnsp.dll
0x00007ffd3e3a0000 - 0x00007ffd3e3b5000 	C:\Windows\system32\wshbth.dll
0x00007ffd4c070000 - 0x00007ffd4c08d000 	C:\Windows\system32\NLAapi.dll
0x00007ffd3e380000 - 0x00007ffd3e392000 	C:\Windows\System32\winrnr.dll
0x00007ffd4ffc0000 - 0x00007ffd4ffd8000 	C:\Windows\SYSTEM32\CRYPTSP.dll
0x00007ffd4f700000 - 0x00007ffd4f734000 	C:\Windows\system32\rsaenh.dll
0x00007ffd50590000 - 0x00007ffd505be000 	C:\Windows\SYSTEM32\USERENV.dll
0x00007ffd4fef0000 - 0x00007ffd4fefc000 	C:\Windows\SYSTEM32\CRYPTBASE.dll

dbghelp: loaded successfully - version: 4.0.5 - missing functions: none
symbol engine: initialized successfully - sym options: 0x614 - pdb path: .;C:\Program Files\Java\jdk-11.0.15\bin;C:\Windows\SYSTEM32;C:\Windows\WinSxS\amd64_microsoft.windows.common-controls_6595b64144ccf1df_6.0.19041.1110_none_60b5254171f9507e;C:\Program Files\Java\jdk-11.0.15\bin\server;C:\Program Files\JetBrains\IntelliJ IDEA Community Edition 2022.2.1\bin

VM Arguments:
jvm_args: -javaagent:C:\Program Files\JetBrains\IntelliJ IDEA Community Edition 2022.2.1\lib\idea_rt.jar=51177:C:\Program Files\JetBrains\IntelliJ IDEA Community Edition 2022.2.1\bin -Dfile.encoding=UTF-8 
java_command: com.training.springeurekaclient.SpringEurekaClientApplication
java_class_path (initial): C:\Users\sfjbs\Downloads\eureka-naming-server-main\eureka-naming-server-main\spring-eureka-client\target\classes;C:\Users\sfjbs\.m2\repository\org\springframework\cloud\spring-cloud-starter-netflix-eureka-client\3.1.3\spring-cloud-starter-netflix-eureka-client-3.1.3.jar;C:\Users\sfjbs\.m2\repository\org\springframework\cloud\spring-cloud-starter\2.1.0.RELEASE\spring-cloud-starter-2.1.0.RELEASE.jar;C:\Users\sfjbs\.m2\repository\org\springframework\cloud\spring-cloud-context\2.1.0.RELEASE\spring-cloud-context-2.1.0.RELEASE.jar;C:\Users\sfjbs\.m2\repository\org\springframework\security\spring-security-crypto\5.1.5.RELEASE\spring-security-crypto-5.1.5.RELEASE.jar;C:\Users\sfjbs\.m2\repository\org\springframework\cloud\spring-cloud-commons\2.1.0.RELEASE\spring-cloud-commons-2.1.0.RELEASE.jar;C:\Users\sfjbs\.m2\repository\org\springframework\security\spring-security-rsa\1.0.7.RELEASE\spring-security-rsa-1.0.7.RELEASE.jar;C:\Users\sfjbs\.m2\repository\org\bouncycastle\bcpkix-jdk15on\1.60\bcpkix-jdk15on-1.60.jar;C:\Users\sfjbs\.m2\repository\org\bouncycastle\bcprov-jdk15on\1.60\bcprov-jdk15on-1.60.jar;C:\Users\sfjbs\.m2\repository\org\springframework\cloud\spring-cloud-netflix-eureka-client\2.1.0.RELEASE\spring-cloud-netflix-eureka-client-2.1.0.RELEASE.jar;C:\Users\sfjbs\.m2\repository\org\springframework\cloud\spring-cloud-netflix-hystrix\2.1.0.RELEASE\spring-cloud-netflix-hystrix-2.1.0.RELEASE.jar;C:\Users\sfjbs\.m2\repository\org\springframework\boot\spring-boot-starter-aop\2.1.4.RELEASE\spring-boot-starter-aop-2.1.4.RELEASE.jar;C:\Users\sfjbs\.m2\repository\org\aspectj\aspectjweaver\1.9.2\aspectjweaver-1.9.2.jar;C:\Users\sfjbs\.m2\repository\com\netflix\eureka\eureka-client\1.9.8\eureka-client-1.9.8.jar;C:\Users\sfjbs\.m2\repository\org\codehaus\jettison\jettison\1.3.7\jettison-1.3.7.jar;C:\Users\sfjbs\.m2\repository\stax\stax-api\1.0.1\stax-api-1.0.1.jar;C:\Users\sfjbs\.m2\repository\com\netflix\netflix-commons\netflix-eventbus\0.3.0\netfli
Launcher Type: SUN_STANDARD

[Global flags]
     intx CICompilerCount                          = 2                                         {product} {ergonomic}
     uint ConcGCThreads                            = 1                                         {product} {ergonomic}
     uint G1ConcRefinementThreads                  = 2                                         {product} {ergonomic}
   size_t G1HeapRegionSize                         = 1048576                                   {product} {ergonomic}
    uintx GCDrainStackTargetSize                   = 64                                        {product} {ergonomic}
   size_t InitialHeapSize                          = 134217728                                 {product} {ergonomic}
   size_t MarkStackSize                            = 4194304                                   {product} {ergonomic}
   size_t MaxHeapSize                              = 2147483648                                {product} {ergonomic}
   size_t MaxNewSize                               = 1287651328                                {product} {ergonomic}
   size_t MinHeapDeltaBytes                        = 1048576                                   {product} {ergonomic}
    uintx NonNMethodCodeHeapSize                   = 5825164                                {pd product} {ergonomic}
    uintx NonProfiledCodeHeapSize                  = 122916538                              {pd product} {ergonomic}
    uintx ProfiledCodeHeapSize                     = 122916538                              {pd product} {ergonomic}
    uintx ReservedCodeCacheSize                    = 251658240                              {pd product} {ergonomic}
     bool SegmentedCodeCache                       = true                                      {product} {ergonomic}
     bool UseCompressedClassPointers               = true                                 {lp64_product} {ergonomic}
     bool UseCompressedOops                        = true                                 {lp64_product} {ergonomic}
     bool UseG1GC                                  = true                                      {product} {ergonomic}
     bool UseLargePagesIndividualAllocation        = false                                  {pd product} {ergonomic}

Logging:
Log output configuration:
 #0: stdout all=warning uptime,level,tags
 #1: stderr all=off uptime,level,tags

Environment Variables:
PATH=C:\Program Files\Common Files\Oracle\Java\javapath;C:\Windows\system32;C:\Windows;C:\Windows\System32\Wbem;C:\Windows\System32\WindowsPowerShell\v1.0\;C:\Windows\System32\OpenSSH\;C:\Program Files\PuTTY\;C:\Program Files\Git\cmd;C:\Program Files\Docker\Docker\resources\bin;C:\ProgramData\DockerDesktop\version-bin;C:\Users\sfjbs\Downloads\apache-maven-3.8.6-bin\apache-maven-3.8.6\bin;C:\Users\sfjbs\Downloads\apache-maven-3.8.6-bin\apache-maven-3.8.6\lib;C:\Users\sfjbs\AppData\Local\Microsoft\WindowsApps;C:\Program Files\JetBrains\IntelliJ IDEA Community Edition 2022.2.1\bin;;C:\Users\sfjbs\Downloads\apache-maven-3.8.6-bin\apache-maven-3.8.6\bin;C:\Users\sfjbs\Downloads\apache-maven-3.8.6-bin\apache-maven-3.8.6\lib;
USERNAME=sfjbs
OS=Windows_NT
PROCESSOR_IDENTIFIER=Intel64 Family 6 Model 85 Stepping 7, GenuineIntel



---------------  S Y S T E M  ---------------

OS: Windows 10 , 64 bit Build 19041 (10.0.19041.1889)
Hyper-V role detected

CPU:total 2 (initial active 2) (1 cores per cpu, 2 threads per core) family 6 model 85 stepping 7 microcode 0xffffffff, cmov, cx8, fxsr, mmx, sse, sse2, sse3, ssse3, sse4.1, sse4.2, popcnt, avx, avx2, aes, clmul, erms, rtm, 3dnowpref, lzcnt, ht, tsc, bmi1, bmi2, adx, evex, fma

Memory: 4k page, system-wide physical 8190M (1261M free)
TotalPageFile size 10238M (AvailPageFile size 6M)
current process WorkingSet (physical memory assigned to process): 263M, peak: 263M
current process commit charge ("private bytes"): 322M, peak: 324M

vm_info: Java HotSpot(TM) 64-Bit Server VM (11.0.15+8-LTS-149) for windows-amd64 JRE (11.0.15+8-LTS-149), built on Mar  9 2022 22:42:32 by "mach5one" with MS VC++ 15.9 (VS2017)

END.
