#
# There is insufficient memory for the Java Runtime Environment to continue.
# Native memory allocation (mmap) failed to map 27262976 bytes for Failed to commit area from 0x0000000088000000 to 0x0000000089a00000 of length 27262976.
# Possible reasons:
#   The system is out of physical RAM or swap space
#   The process is running with CompressedOops enabled, and the Java Heap may be blocking the growth of the native heap
# Possible solutions:
#   Reduce memory load on the system
#   Increase physical memory or swap space
#   Check if swap backing store is full
#   Decrease Java heap size (-Xmx/-Xms)
#   Decrease number of Java threads
#   Decrease Java thread stack sizes (-Xss)
#   Set larger code cache with -XX:ReservedCodeCacheSize=
#   JVM is running with Unscaled Compressed Oops mode in which the Java heap is
#     placed in the first 4GB address space. The Java Heap base address is the
#     maximum limit for the native heap growth. Please use -XX:HeapBaseMinAddress
#     to set the Java Heap base and to place the Java Heap above 4GB virtual address.
# This output file may be truncated or incomplete.
#
#  Out of Memory Error (./open/src/hotspot/os/windows/os_windows.cpp:3287), pid=7100, tid=5920
#
# JRE version: Java(TM) SE Runtime Environment 18.9 (11.0.15+8) (build 11.0.15+8-LTS-149)
# Java VM: Java HotSpot(TM) 64-Bit Server VM 18.9 (11.0.15+8-LTS-149, mixed mode, tiered, compressed oops, g1 gc, windows-amd64)
# No core dump will be written. Minidumps are not enabled by default on client versions of Windows
#

---------------  S U M M A R Y ------------

Command Line: -javaagent:C:\Program Files\JetBrains\IntelliJ IDEA Community Edition 2022.2.1\lib\idea_rt.jar=60713:C:\Program Files\JetBrains\IntelliJ IDEA Community Edition 2022.2.1\bin -Dfile.encoding=UTF-8 com.training.messaging.standaloneactivemqexample.StandaloneActivemqExampleApplication

Host: Intel(R) Xeon(R) Platinum 8272CL CPU @ 2.60GHz, 2 cores, 7G,  Windows 10 , 64 bit Build 19041 (10.0.19041.1889)
Time: Sun Sep  4 18:52:14 2022 Coordinated Universal Time elapsed time: 2.682068 seconds (0d 0h 0m 2s)

---------------  T H R E A D  ---------------

Current thread (0x0000021f44e50000):  VMThread "VM Thread" [stack: 0x000000fcfac00000,0x000000fcfad00000] [id=5920]

Stack: [0x000000fcfac00000,0x000000fcfad00000]
[error occurred during error reporting (printing stack bounds), id 0xc0000005, EXCEPTION_ACCESS_VIOLATION (0xc0000005) at pc=0x0000021f2f2410e7]

Native frames: (J=compiled Java code, j=interpreted, Vv=VM code, C=native code)
V  [jvm.dll+0x629d8a]
V  [jvm.dll+0x7638ff]
V  [jvm.dll+0x764fa9]
V  [jvm.dll+0x765595]
V  [jvm.dll+0x76554b]
V  [jvm.dll+0x629273]
V  [jvm.dll+0x629988]
C  [ntdll.dll+0xa229f]
C  [ntdll.dll+0x51454]
C  [ntdll.dll+0xa0dce]
C  0x0000021f2f2410e7

VM_Operation (0x000000fcfb9fbc30): CollectForMetadataAllocation, mode: safepoint, requested by thread 0x0000021f4689d800


---------------  P R O C E S S  ---------------

Threads class SMR info:
_java_thread_list=0x0000021f468a2220, length=12, elements={
0x0000021f27b8a800, 0x0000021f44e51800, 0x0000021f44e52800, 0x0000021f45802800,
0x0000021f44e70000, 0x0000021f44e73000, 0x0000021f44e76000, 0x0000021f44e7a000,
0x0000021f44e7b800, 0x0000021f45936000, 0x0000021f45b9e800, 0x0000021f4689d800
}

Java Threads: ( => current thread )
  0x0000021f27b8a800 JavaThread "main" [_thread_blocked, id=11700, stack(0x000000fcfa600000,0x000000fcfa700000)]
  0x0000021f44e51800 JavaThread "Reference Handler" daemon [_thread_blocked, id=6476, stack(0x000000fcfad00000,0x000000fcfae00000)]
  0x0000021f44e52800 JavaThread "Finalizer" daemon [_thread_blocked, id=10712, stack(0x000000fcfae00000,0x000000fcfaf00000)]
  0x0000021f45802800 JavaThread "Signal Dispatcher" daemon [_thread_blocked, id=7144, stack(0x000000fcfaf00000,0x000000fcfb000000)]
  0x0000021f44e70000 JavaThread "Attach Listener" daemon [_thread_blocked, id=11252, stack(0x000000fcfb000000,0x000000fcfb100000)]
  0x0000021f44e73000 JavaThread "Service Thread" daemon [_thread_blocked, id=11820, stack(0x000000fcfb100000,0x000000fcfb200000)]
  0x0000021f44e76000 JavaThread "C2 CompilerThread0" daemon [_thread_blocked, id=3796, stack(0x000000fcfb200000,0x000000fcfb300000)]
  0x0000021f44e7a000 JavaThread "C1 CompilerThread0" daemon [_thread_blocked, id=11788, stack(0x000000fcfb300000,0x000000fcfb400000)]
  0x0000021f44e7b800 JavaThread "Sweeper thread" daemon [_thread_blocked, id=11016, stack(0x000000fcfb400000,0x000000fcfb500000)]
  0x0000021f45936000 JavaThread "Common-Cleaner" daemon [_thread_blocked, id=11628, stack(0x000000fcfb500000,0x000000fcfb600000)]
  0x0000021f45b9e800 JavaThread "Monitor Ctrl-Break" daemon [_thread_in_native, id=10324, stack(0x000000fcfb600000,0x000000fcfb700000)]
  0x0000021f4689d800 JavaThread "background-preinit" [_thread_blocked, id=5324, stack(0x000000fcfb900000,0x000000fcfba00000)]

Other Threads:
=>0x0000021f44e50000 VMThread "VM Thread" [stack: 0x000000fcfac00000,0x000000fcfad00000] [id=5920]
  0x0000021f45bb6000 WatcherThread [stack: 0x000000fcfb700000,0x000000fcfb800000] [id=10972]
  0x0000021f27b9f800 GCTaskThread "GC Thread#0" [stack: 0x000000fcfa700000,0x000000fcfa800000] [id=8496]
  0x0000021f45ba0800 GCTaskThread "GC Thread#1" [stack: 0x000000fcfb800000,0x000000fcfb900000] [id=11828]
  0x0000021f27bd3800 ConcurrentGCThread "G1 Main Marker" [stack: 0x000000fcfa800000,0x000000fcfa900000] [id=11348]
  0x0000021f27bd5800 ConcurrentGCThread "G1 Conc#0" [stack: 0x000000fcfa900000,0x000000fcfaa00000] [id=1984]
  0x0000021f27c5d000 ConcurrentGCThread "G1 Refine#0" [stack: 0x000000fcfaa00000,0x000000fcfab00000] [id=11600]
  0x0000021f27c5f000 ConcurrentGCThread "G1 Young RemSet Sampling" [stack: 0x000000fcfab00000,0x000000fcfac00000] [id=4608]

Threads with active compile tasks:

VM state:at safepoint (normal execution)

VM Mutex/Monitor currently owned by a thread:  ([mutex/lock_event])
[0x0000021f27b87250] Threads_lock - owner thread: 0x0000021f44e50000
[0x0000021f27b887b0] Heap_lock - owner thread: 0x0000021f4689d800

Heap address: 0x0000000080000000, size: 2048 MB, Compressed Oops mode: 32-bit
Narrow klass base: 0x0000000000000000, Narrow klass shift: 3
Compressed class space size: 1073741824 Address: 0x0000000100000000

Heap:
 garbage-first heap   total 157696K, used 6463K [0x0000000080000000, 0x0000000100000000)
  region size 1024K, 3 young (3072K), 3 survivors (3072K)
 Metaspace       used 20711K, capacity 21210K, committed 21296K, reserved 1069056K
  class space    used 2235K, capacity 2411K, committed 2432K, reserved 1048576K
Heap Regions: E=young(eden), S=young(survivor), O=old, HS=humongous(starts), HC=humongous(continues), CS=collection set, F=free, A=archive, TAMS=top-at-mark-start (previous, next)
|   0|0x0000000080000000, 0x0000000080100000, 0x0000000080100000|100%| O|  |TAMS 0x0000000080000000, 0x0000000080100000| Untracked 
|   1|0x0000000080100000, 0x0000000080200000, 0x0000000080200000|100%| O|  |TAMS 0x0000000080100000, 0x0000000080200000| Untracked 
|   2|0x0000000080200000, 0x0000000080300000, 0x0000000080300000|100%| O|  |TAMS 0x0000000080200000, 0x0000000080300000| Untracked 
|   3|0x0000000080300000, 0x00000000803f8c00, 0x0000000080400000| 97%| O|  |TAMS 0x0000000080300000, 0x00000000803f8c00| Untracked 
|   4|0x0000000080400000, 0x0000000080400000, 0x0000000080500000|  0%| F|  |TAMS 0x0000000080400000, 0x0000000080400000| Untracked 
|   5|0x0000000080500000, 0x0000000080500000, 0x0000000080600000|  0%| F|  |TAMS 0x0000000080500000, 0x0000000080500000| Untracked 
|   6|0x0000000080600000, 0x0000000080600000, 0x0000000080700000|  0%| F|  |TAMS 0x0000000080600000, 0x0000000080600000| Untracked 
|   7|0x0000000080700000, 0x0000000080700000, 0x0000000080800000|  0%| F|  |TAMS 0x0000000080700000, 0x0000000080700000| Untracked 
|   8|0x0000000080800000, 0x0000000080800000, 0x0000000080900000|  0%| F|  |TAMS 0x0000000080800000, 0x0000000080800000| Untracked 
|   9|0x0000000080900000, 0x0000000080900000, 0x0000000080a00000|  0%| F|  |TAMS 0x0000000080900000, 0x0000000080900000| Untracked 
|  10|0x0000000080a00000, 0x0000000080a00000, 0x0000000080b00000|  0%| F|  |TAMS 0x0000000080a00000, 0x0000000080a00000| Untracked 
|  11|0x0000000080b00000, 0x0000000080b00000, 0x0000000080c00000|  0%| F|  |TAMS 0x0000000080b00000, 0x0000000080b00000| Untracked 
|  12|0x0000000080c00000, 0x0000000080c00000, 0x0000000080d00000|  0%| F|  |TAMS 0x0000000080c00000, 0x0000000080c00000| Untracked 
|  13|0x0000000080d00000, 0x0000000080d00000, 0x0000000080e00000|  0%| F|  |TAMS 0x0000000080d00000, 0x0000000080d00000| Untracked 
|  14|0x0000000080e00000, 0x0000000080e00000, 0x0000000080f00000|  0%| F|  |TAMS 0x0000000080e00000, 0x0000000080e00000| Untracked 
|  15|0x0000000080f00000, 0x0000000080f00000, 0x0000000081000000|  0%| F|  |TAMS 0x0000000080f00000, 0x0000000080f00000| Untracked 
|  16|0x0000000081000000, 0x0000000081000000, 0x0000000081100000|  0%| F|  |TAMS 0x0000000081000000, 0x0000000081000000| Untracked 
|  17|0x0000000081100000, 0x0000000081100000, 0x0000000081200000|  0%| F|  |TAMS 0x0000000081100000, 0x0000000081100000| Untracked 
|  18|0x0000000081200000, 0x0000000081200000, 0x0000000081300000|  0%| F|  |TAMS 0x0000000081200000, 0x0000000081200000| Untracked 
|  19|0x0000000081300000, 0x0000000081300000, 0x0000000081400000|  0%| F|  |TAMS 0x0000000081300000, 0x0000000081300000| Untracked 
|  20|0x0000000081400000, 0x0000000081400000, 0x0000000081500000|  0%| F|  |TAMS 0x0000000081400000, 0x0000000081400000| Untracked 
|  21|0x0000000081500000, 0x0000000081500000, 0x0000000081600000|  0%| F|  |TAMS 0x0000000081500000, 0x0000000081500000| Untracked 
|  22|0x0000000081600000, 0x0000000081600000, 0x0000000081700000|  0%| F|  |TAMS 0x0000000081600000, 0x0000000081600000| Untracked 
|  23|0x0000000081700000, 0x0000000081700000, 0x0000000081800000|  0%| F|  |TAMS 0x0000000081700000, 0x0000000081700000| Untracked 
|  24|0x0000000081800000, 0x0000000081800000, 0x0000000081900000|  0%| F|  |TAMS 0x0000000081800000, 0x0000000081800000| Untracked 
|  25|0x0000000081900000, 0x0000000081900000, 0x0000000081a00000|  0%| F|  |TAMS 0x0000000081900000, 0x0000000081900000| Untracked 
|  26|0x0000000081a00000, 0x0000000081a00000, 0x0000000081b00000|  0%| F|  |TAMS 0x0000000081a00000, 0x0000000081a00000| Untracked 
|  27|0x0000000081b00000, 0x0000000081b00000, 0x0000000081c00000|  0%| F|  |TAMS 0x0000000081b00000, 0x0000000081b00000| Untracked 
|  28|0x0000000081c00000, 0x0000000081c00000, 0x0000000081d00000|  0%| F|  |TAMS 0x0000000081c00000, 0x0000000081c00000| Untracked 
|  29|0x0000000081d00000, 0x0000000081d00000, 0x0000000081e00000|  0%| F|  |TAMS 0x0000000081d00000, 0x0000000081d00000| Untracked 
|  30|0x0000000081e00000, 0x0000000081e00000, 0x0000000081f00000|  0%| F|  |TAMS 0x0000000081e00000, 0x0000000081e00000| Untracked 
|  31|0x0000000081f00000, 0x0000000081f00000, 0x0000000082000000|  0%| F|  |TAMS 0x0000000081f00000, 0x0000000081f00000| Untracked 
|  32|0x0000000082000000, 0x0000000082000000, 0x0000000082100000|  0%| F|  |TAMS 0x0000000082000000, 0x0000000082000000| Untracked 
|  33|0x0000000082100000, 0x0000000082100000, 0x0000000082200000|  0%| F|  |TAMS 0x0000000082100000, 0x0000000082100000| Untracked 
|  34|0x0000000082200000, 0x0000000082200000, 0x0000000082300000|  0%| F|  |TAMS 0x0000000082200000, 0x0000000082200000| Untracked 
|  35|0x0000000082300000, 0x0000000082300000, 0x0000000082400000|  0%| F|  |TAMS 0x0000000082300000, 0x0000000082300000| Untracked 
|  36|0x0000000082400000, 0x0000000082400000, 0x0000000082500000|  0%| F|  |TAMS 0x0000000082400000, 0x0000000082400000| Untracked 
|  37|0x0000000082500000, 0x0000000082500000, 0x0000000082600000|  0%| F|  |TAMS 0x0000000082500000, 0x0000000082500000| Untracked 
|  38|0x0000000082600000, 0x0000000082600000, 0x0000000082700000|  0%| F|  |TAMS 0x0000000082600000, 0x0000000082600000| Untracked 
|  39|0x0000000082700000, 0x0000000082700000, 0x0000000082800000|  0%| F|  |TAMS 0x0000000082700000, 0x0000000082700000| Untracked 
|  40|0x0000000082800000, 0x0000000082800000, 0x0000000082900000|  0%| F|  |TAMS 0x0000000082800000, 0x0000000082800000| Untracked 
|  41|0x0000000082900000, 0x0000000082900000, 0x0000000082a00000|  0%| F|  |TAMS 0x0000000082900000, 0x0000000082900000| Untracked 
|  42|0x0000000082a00000, 0x0000000082a00000, 0x0000000082b00000|  0%| F|  |TAMS 0x0000000082a00000, 0x0000000082a00000| Untracked 
|  43|0x0000000082b00000, 0x0000000082b00000, 0x0000000082c00000|  0%| F|  |TAMS 0x0000000082b00000, 0x0000000082b00000| Untracked 
|  44|0x0000000082c00000, 0x0000000082c00000, 0x0000000082d00000|  0%| F|  |TAMS 0x0000000082c00000, 0x0000000082c00000| Untracked 
|  45|0x0000000082d00000, 0x0000000082d00000, 0x0000000082e00000|  0%| F|  |TAMS 0x0000000082d00000, 0x0000000082d00000| Untracked 
|  46|0x0000000082e00000, 0x0000000082e00000, 0x0000000082f00000|  0%| F|  |TAMS 0x0000000082e00000, 0x0000000082e00000| Untracked 
|  47|0x0000000082f00000, 0x0000000082f00000, 0x0000000083000000|  0%| F|  |TAMS 0x0000000082f00000, 0x0000000082f00000| Untracked 
|  48|0x0000000083000000, 0x0000000083000000, 0x0000000083100000|  0%| F|  |TAMS 0x0000000083000000, 0x0000000083000000| Untracked 
|  49|0x0000000083100000, 0x0000000083100000, 0x0000000083200000|  0%| F|  |TAMS 0x0000000083100000, 0x0000000083100000| Untracked 
|  50|0x0000000083200000, 0x0000000083200000, 0x0000000083300000|  0%| F|  |TAMS 0x0000000083200000, 0x0000000083200000| Untracked 
|  51|0x0000000083300000, 0x0000000083300000, 0x0000000083400000|  0%| F|  |TAMS 0x0000000083300000, 0x0000000083300000| Untracked 
|  52|0x0000000083400000, 0x0000000083400000, 0x0000000083500000|  0%| F|  |TAMS 0x0000000083400000, 0x0000000083400000| Untracked 
|  53|0x0000000083500000, 0x0000000083500000, 0x0000000083600000|  0%| F|  |TAMS 0x0000000083500000, 0x0000000083500000| Untracked 
|  54|0x0000000083600000, 0x0000000083600000, 0x0000000083700000|  0%| F|  |TAMS 0x0000000083600000, 0x0000000083600000| Untracked 
|  55|0x0000000083700000, 0x0000000083700000, 0x0000000083800000|  0%| F|  |TAMS 0x0000000083700000, 0x0000000083700000| Untracked 
|  56|0x0000000083800000, 0x0000000083800000, 0x0000000083900000|  0%| F|  |TAMS 0x0000000083800000, 0x0000000083800000| Untracked 
|  57|0x0000000083900000, 0x0000000083900000, 0x0000000083a00000|  0%| F|  |TAMS 0x0000000083900000, 0x0000000083900000| Untracked 
|  58|0x0000000083a00000, 0x0000000083a00000, 0x0000000083b00000|  0%| F|  |TAMS 0x0000000083a00000, 0x0000000083a00000| Untracked 
|  59|0x0000000083b00000, 0x0000000083b00000, 0x0000000083c00000|  0%| F|  |TAMS 0x0000000083b00000, 0x0000000083b00000| Untracked 
|  60|0x0000000083c00000, 0x0000000083c00000, 0x0000000083d00000|  0%| F|  |TAMS 0x0000000083c00000, 0x0000000083c00000| Untracked 
|  61|0x0000000083d00000, 0x0000000083d00000, 0x0000000083e00000|  0%| F|  |TAMS 0x0000000083d00000, 0x0000000083d00000| Untracked 
|  62|0x0000000083e00000, 0x0000000083e00000, 0x0000000083f00000|  0%| F|  |TAMS 0x0000000083e00000, 0x0000000083e00000| Untracked 
|  63|0x0000000083f00000, 0x0000000083f00000, 0x0000000084000000|  0%| F|  |TAMS 0x0000000083f00000, 0x0000000083f00000| Untracked 
|  64|0x0000000084000000, 0x0000000084000000, 0x0000000084100000|  0%| F|  |TAMS 0x0000000084000000, 0x0000000084000000| Untracked 
|  65|0x0000000084100000, 0x0000000084100000, 0x0000000084200000|  0%| F|  |TAMS 0x0000000084100000, 0x0000000084100000| Untracked 
|  66|0x0000000084200000, 0x0000000084200000, 0x0000000084300000|  0%| F|  |TAMS 0x0000000084200000, 0x0000000084200000| Untracked 
|  67|0x0000000084300000, 0x0000000084300000, 0x0000000084400000|  0%| F|  |TAMS 0x0000000084300000, 0x0000000084300000| Untracked 
|  68|0x0000000084400000, 0x0000000084400000, 0x0000000084500000|  0%| F|  |TAMS 0x0000000084400000, 0x0000000084400000| Untracked 
|  69|0x0000000084500000, 0x0000000084500000, 0x0000000084600000|  0%| F|  |TAMS 0x0000000084500000, 0x0000000084500000| Untracked 
|  70|0x0000000084600000, 0x0000000084600000, 0x0000000084700000|  0%| F|  |TAMS 0x0000000084600000, 0x0000000084600000| Untracked 
|  71|0x0000000084700000, 0x0000000084700000, 0x0000000084800000|  0%| F|  |TAMS 0x0000000084700000, 0x0000000084700000| Untracked 
|  72|0x0000000084800000, 0x0000000084800000, 0x0000000084900000|  0%| F|  |TAMS 0x0000000084800000, 0x0000000084800000| Untracked 
|  73|0x0000000084900000, 0x0000000084900000, 0x0000000084a00000|  0%| F|  |TAMS 0x0000000084900000, 0x0000000084900000| Untracked 
|  74|0x0000000084a00000, 0x0000000084a00000, 0x0000000084b00000|  0%| F|  |TAMS 0x0000000084a00000, 0x0000000084a00000| Untracked 
|  75|0x0000000084b00000, 0x0000000084b00000, 0x0000000084c00000|  0%| F|  |TAMS 0x0000000084b00000, 0x0000000084b00000| Untracked 
|  76|0x0000000084c00000, 0x0000000084c00000, 0x0000000084d00000|  0%| F|  |TAMS 0x0000000084c00000, 0x0000000084c00000| Untracked 
|  77|0x0000000084d00000, 0x0000000084d00000, 0x0000000084e00000|  0%| F|  |TAMS 0x0000000084d00000, 0x0000000084d00000| Untracked 
|  78|0x0000000084e00000, 0x0000000084e00000, 0x0000000084f00000|  0%| F|  |TAMS 0x0000000084e00000, 0x0000000084e00000| Untracked 
|  79|0x0000000084f00000, 0x0000000084f00000, 0x0000000085000000|  0%| F|  |TAMS 0x0000000084f00000, 0x0000000084f00000| Untracked 
|  80|0x0000000085000000, 0x0000000085000000, 0x0000000085100000|  0%| F|  |TAMS 0x0000000085000000, 0x0000000085000000| Untracked 
|  81|0x0000000085100000, 0x0000000085100000, 0x0000000085200000|  0%| F|  |TAMS 0x0000000085100000, 0x0000000085100000| Untracked 
|  82|0x0000000085200000, 0x0000000085200000, 0x0000000085300000|  0%| F|  |TAMS 0x0000000085200000, 0x0000000085200000| Untracked 
|  83|0x0000000085300000, 0x0000000085300000, 0x0000000085400000|  0%| F|  |TAMS 0x0000000085300000, 0x0000000085300000| Untracked 
|  84|0x0000000085400000, 0x0000000085400000, 0x0000000085500000|  0%| F|  |TAMS 0x0000000085400000, 0x0000000085400000| Untracked 
|  85|0x0000000085500000, 0x0000000085500000, 0x0000000085600000|  0%| F|  |TAMS 0x0000000085500000, 0x0000000085500000| Untracked 
|  86|0x0000000085600000, 0x0000000085600000, 0x0000000085700000|  0%| F|  |TAMS 0x0000000085600000, 0x0000000085600000| Untracked 
|  87|0x0000000085700000, 0x0000000085700000, 0x0000000085800000|  0%| F|  |TAMS 0x0000000085700000, 0x0000000085700000| Untracked 
|  88|0x0000000085800000, 0x0000000085800000, 0x0000000085900000|  0%| F|  |TAMS 0x0000000085800000, 0x0000000085800000| Untracked 
|  89|0x0000000085900000, 0x0000000085900000, 0x0000000085a00000|  0%| F|  |TAMS 0x0000000085900000, 0x0000000085900000| Untracked 
|  90|0x0000000085a00000, 0x0000000085a00000, 0x0000000085b00000|  0%| F|  |TAMS 0x0000000085a00000, 0x0000000085a00000| Untracked 
|  91|0x0000000085b00000, 0x0000000085b00000, 0x0000000085c00000|  0%| F|  |TAMS 0x0000000085b00000, 0x0000000085b00000| Untracked 
|  92|0x0000000085c00000, 0x0000000085c00000, 0x0000000085d00000|  0%| F|  |TAMS 0x0000000085c00000, 0x0000000085c00000| Untracked 
|  93|0x0000000085d00000, 0x0000000085d00000, 0x0000000085e00000|  0%| F|  |TAMS 0x0000000085d00000, 0x0000000085d00000| Untracked 
|  94|0x0000000085e00000, 0x0000000085e00000, 0x0000000085f00000|  0%| F|  |TAMS 0x0000000085e00000, 0x0000000085e00000| Untracked 
|  95|0x0000000085f00000, 0x0000000085f00000, 0x0000000086000000|  0%| F|  |TAMS 0x0000000085f00000, 0x0000000085f00000| Untracked 
|  96|0x0000000086000000, 0x0000000086000000, 0x0000000086100000|  0%| F|  |TAMS 0x0000000086000000, 0x0000000086000000| Untracked 
|  97|0x0000000086100000, 0x0000000086100000, 0x0000000086200000|  0%| F|  |TAMS 0x0000000086100000, 0x0000000086100000| Untracked 
|  98|0x0000000086200000, 0x0000000086200000, 0x0000000086300000|  0%| F|  |TAMS 0x0000000086200000, 0x0000000086200000| Untracked 
|  99|0x0000000086300000, 0x0000000086300000, 0x0000000086400000|  0%| F|  |TAMS 0x0000000086300000, 0x0000000086300000| Untracked 
| 100|0x0000000086400000, 0x0000000086400000, 0x0000000086500000|  0%| F|  |TAMS 0x0000000086400000, 0x0000000086400000| Untracked 
| 101|0x0000000086500000, 0x0000000086500000, 0x0000000086600000|  0%| F|  |TAMS 0x0000000086500000, 0x0000000086500000| Untracked 
| 102|0x0000000086600000, 0x0000000086600000, 0x0000000086700000|  0%| F|  |TAMS 0x0000000086600000, 0x0000000086600000| Untracked 
| 103|0x0000000086700000, 0x0000000086700000, 0x0000000086800000|  0%| F|  |TAMS 0x0000000086700000, 0x0000000086700000| Untracked 
| 104|0x0000000086800000, 0x0000000086800000, 0x0000000086900000|  0%| F|  |TAMS 0x0000000086800000, 0x0000000086800000| Untracked 
| 105|0x0000000086900000, 0x0000000086900000, 0x0000000086a00000|  0%| F|  |TAMS 0x0000000086900000, 0x0000000086900000| Untracked 
| 106|0x0000000086a00000, 0x0000000086a00000, 0x0000000086b00000|  0%| F|  |TAMS 0x0000000086a00000, 0x0000000086a00000| Untracked 
| 107|0x0000000086b00000, 0x0000000086b00000, 0x0000000086c00000|  0%| F|  |TAMS 0x0000000086b00000, 0x0000000086b00000| Untracked 
| 108|0x0000000086c00000, 0x0000000086c00000, 0x0000000086d00000|  0%| F|  |TAMS 0x0000000086c00000, 0x0000000086c00000| Untracked 
| 109|0x0000000086d00000, 0x0000000086d00000, 0x0000000086e00000|  0%| F|  |TAMS 0x0000000086d00000, 0x0000000086d00000| Untracked 
| 110|0x0000000086e00000, 0x0000000086e00000, 0x0000000086f00000|  0%| F|  |TAMS 0x0000000086e00000, 0x0000000086e00000| Untracked 
| 111|0x0000000086f00000, 0x0000000086f00000, 0x0000000087000000|  0%| F|  |TAMS 0x0000000086f00000, 0x0000000086f00000| Untracked 
| 112|0x0000000087000000, 0x0000000087057360, 0x0000000087100000| 34%| S|CS|TAMS 0x0000000087000000, 0x0000000087000000| Complete 
| 113|0x0000000087100000, 0x0000000087200000, 0x0000000087200000|100%| S|CS|TAMS 0x0000000087100000, 0x0000000087100000| Complete 
| 114|0x0000000087200000, 0x0000000087300000, 0x0000000087300000|100%| S|CS|TAMS 0x0000000087200000, 0x0000000087200000| Complete 
| 115|0x0000000087300000, 0x0000000087300000, 0x0000000087400000|  0%| F|  |TAMS 0x0000000087300000, 0x0000000087300000| Untracked 
| 116|0x0000000087400000, 0x0000000087400000, 0x0000000087500000|  0%| F|  |TAMS 0x0000000087400000, 0x0000000087400000| Untracked 
| 117|0x0000000087500000, 0x0000000087500000, 0x0000000087600000|  0%| F|  |TAMS 0x0000000087500000, 0x0000000087500000| Untracked 
| 118|0x0000000087600000, 0x0000000087600000, 0x0000000087700000|  0%| F|  |TAMS 0x0000000087600000, 0x0000000087600000| Untracked 
| 119|0x0000000087700000, 0x0000000087700000, 0x0000000087800000|  0%| F|  |TAMS 0x0000000087700000, 0x0000000087700000| Untracked 
| 120|0x0000000087800000, 0x0000000087800000, 0x0000000087900000|  0%| F|  |TAMS 0x0000000087800000, 0x0000000087800000| Untracked 
| 121|0x0000000087900000, 0x0000000087900000, 0x0000000087a00000|  0%| F|  |TAMS 0x0000000087900000, 0x0000000087900000| Untracked 
| 122|0x0000000087a00000, 0x0000000087a00000, 0x0000000087b00000|  0%| F|  |TAMS 0x0000000087a00000, 0x0000000087a00000| Untracked 
| 123|0x0000000087b00000, 0x0000000087b00000, 0x0000000087c00000|  0%| F|  |TAMS 0x0000000087b00000, 0x0000000087b00000| Untracked 
| 124|0x0000000087c00000, 0x0000000087c00000, 0x0000000087d00000|  0%| F|  |TAMS 0x0000000087c00000, 0x0000000087c00000| Untracked 
| 125|0x0000000087d00000, 0x0000000087d00000, 0x0000000087e00000|  0%| F|  |TAMS 0x0000000087d00000, 0x0000000087d00000| Untracked 
| 126|0x0000000087e00000, 0x0000000087e00000, 0x0000000087f00000|  0%| F|  |TAMS 0x0000000087e00000, 0x0000000087e00000| Untracked 
| 127|0x0000000087f00000, 0x0000000087f00000, 0x0000000088000000|  0%| F|  |TAMS 0x0000000087f00000, 0x0000000087f00000| Untracked 

Card table byte_map: [0x0000021f3e240000,0x0000021f3e640000] _byte_map_base: 0x0000021f3de40000

Marking Bits (Prev, Next): (CMBitMap*) 0x0000021f27bca778, (CMBitMap*) 0x0000021f27bca7b0
 Prev Bits: [0x0000021f3ea40000, 0x0000021f40a40000)
 Next Bits: [0x0000021f40a40000, 0x0000021f42a40000)

Polling page: 0x0000021f25aa0000

Metaspace:

Usage:
  Non-class:     18.36 MB capacity,    18.04 MB ( 98%) used,   267.48 KB (  1%) free+waste,    54.81 KB ( <1%) overhead. 
      Class:      2.35 MB capacity,     2.18 MB ( 93%) used,   148.38 KB (  6%) free+waste,    27.38 KB (  1%) overhead. 
       Both:     20.71 MB capacity,    20.23 MB ( 98%) used,   415.86 KB (  2%) free+waste,    82.19 KB ( <1%) overhead. 

Virtual space:
  Non-class space:       20.00 MB reserved,      18.42 MB ( 92%) committed 
      Class space:        1.00 GB reserved,       2.38 MB ( <1%) committed 
             Both:        1.02 GB reserved,      20.80 MB (  2%) committed 

Chunk freelists:
   Non-Class:  2.13 KB
       Class:  2.63 KB
        Both:  4.75 KB

CodeHeap 'non-profiled nmethods': size=120064Kb used=616Kb max_used=616Kb free=119447Kb
 bounds [0x0000021f36d00000, 0x0000021f36f70000, 0x0000021f3e240000]
CodeHeap 'profiled nmethods': size=120000Kb used=3304Kb max_used=3304Kb free=116695Kb
 bounds [0x0000021f2f7d0000, 0x0000021f2fb10000, 0x0000021f36d00000]
CodeHeap 'non-nmethods': size=5696Kb used=1126Kb max_used=1147Kb free=4569Kb
 bounds [0x0000021f2f240000, 0x0000021f2f4b0000, 0x0000021f2f7d0000]
 total_blobs=2189 nmethods=1757 adapters=343
 compilation: enabled
              stopped_count=0, restarted_count=0
 full_count=0

Compilation events (10 events):
Event: 2.643 Thread 0x0000021f44e76000 1745       4       org.springframework.core.annotation.AttributeMethods::size (6 bytes)
Event: 2.644 Thread 0x0000021f44e76000 nmethod 1745 0x0000021f36d99490 code [0x0000021f36d99600, 0x0000021f36d99678]
Event: 2.644 Thread 0x0000021f44e76000 1733       4       java.nio.Buffer::position (52 bytes)
Event: 2.644 Thread 0x0000021f44e76000 nmethod 1733 0x0000021f36d99710 code [0x0000021f36d99880, 0x0000021f36d99938]
Event: 2.645 Thread 0x0000021f44e76000 1756       4       java.lang.String::checkBoundsOffCount (61 bytes)
Event: 2.645 Thread 0x0000021f44e76000 nmethod 1756 0x0000021f36d99a10 code [0x0000021f36d99b80, 0x0000021f36d99c18]
Event: 2.664 Thread 0x0000021f44e76000 1757       4       jdk.internal.loader.URLClassPath$JarLoader$2::getCodeSourceURL (8 bytes)
Event: 2.665 Thread 0x0000021f44e76000 nmethod 1757 0x0000021f36d99d10 code [0x0000021f36d99e80, 0x0000021f36d99ef8]
Event: 2.667 Thread 0x0000021f44e76000 1758       4       java.nio.ByteBuffer::position (8 bytes)
Event: 2.668 Thread 0x0000021f44e76000 nmethod 1758 0x0000021f36d99f90 code [0x0000021f36d9a100, 0x0000021f36d9a1b8]

GC Heap History (9 events):
Event: 0.760 GC heap before
{Heap before GC invocations=0 (full 0):
 garbage-first heap   total 131072K, used 6144K [0x0000000080000000, 0x0000000100000000)
  region size 1024K, 7 young (7168K), 0 survivors (0K)
 Metaspace       used 8189K, capacity 8306K, committed 8448K, reserved 1056768K
  class space    used 734K, capacity 767K, committed 768K, reserved 1048576K
}
Event: 0.767 GC heap after
{Heap after GC invocations=1 (full 0):
 garbage-first heap   total 131072K, used 3006K [0x0000000080000000, 0x0000000100000000)
  region size 1024K, 1 young (1024K), 1 survivors (1024K)
 Metaspace       used 8189K, capacity 8306K, committed 8448K, reserved 1056768K
  class space    used 734K, capacity 767K, committed 768K, reserved 1048576K
}
Event: 1.068 GC heap before
{Heap before GC invocations=1 (full 0):
 garbage-first heap   total 131072K, used 8126K [0x0000000080000000, 0x0000000100000000)
  region size 1024K, 6 young (6144K), 1 survivors (1024K)
 Metaspace       used 9908K, capacity 10082K, committed 10240K, reserved 1058816K
  class space    used 908K, capacity 955K, committed 1024K, reserved 1048576K
}
Event: 1.073 GC heap after
{Heap after GC invocations=2 (full 0):
 garbage-first heap   total 131072K, used 4096K [0x0000000080000000, 0x0000000100000000)
  region size 1024K, 1 young (1024K), 1 survivors (1024K)
 Metaspace       used 9908K, capacity 10082K, committed 10240K, reserved 1058816K
  class space    used 908K, capacity 955K, committed 1024K, reserved 1048576K
}
Event: 1.595 GC heap before
{Heap before GC invocations=2 (full 0):
 garbage-first heap   total 131072K, used 15360K [0x0000000080000000, 0x0000000100000000)
  region size 1024K, 12 young (12288K), 1 survivors (1024K)
 Metaspace       used 13651K, capacity 13835K, committed 14080K, reserved 1062912K
  class space    used 1346K, capacity 1427K, committed 1536K, reserved 1048576K
}
Event: 1.601 GC heap after
{Heap after GC invocations=3 (full 0):
 garbage-first heap   total 131072K, used 4889K [0x0000000080000000, 0x0000000100000000)
  region size 1024K, 2 young (2048K), 2 survivors (2048K)
 Metaspace       used 13651K, capacity 13835K, committed 14080K, reserved 1062912K
  class space    used 1346K, capacity 1427K, committed 1536K, reserved 1048576K
}
Event: 2.264 GC heap before
{Heap before GC invocations=3 (full 0):
 garbage-first heap   total 131072K, used 20249K [0x0000000080000000, 0x0000000100000000)
  region size 1024K, 18 young (18432K), 2 survivors (2048K)
 Metaspace       used 17702K, capacity 18155K, committed 18304K, reserved 1064960K
  class space    used 1908K, capacity 2093K, committed 2176K, reserved 1048576K
}
Event: 2.274 GC heap after
{Heap after GC invocations=4 (full 0):
 garbage-first heap   total 131072K, used 6007K [0x0000000080000000, 0x0000000100000000)
  region size 1024K, 2 young (2048K), 2 survivors (2048K)
 Metaspace       used 17702K, capacity 18155K, committed 18304K, reserved 1064960K
  class space    used 1908K, capacity 2093K, committed 2176K, reserved 1048576K
}
Event: 2.671 GC heap before
{Heap before GC invocations=4 (full 0):
 garbage-first heap   total 131072K, used 18295K [0x0000000080000000, 0x0000000100000000)
  region size 1024K, 15 young (15360K), 2 survivors (2048K)
 Metaspace       used 20711K, capacity 21210K, committed 21296K, reserved 1069056K
  class space    used 2235K, capacity 2411K, committed 2432K, reserved 1048576K
}

Deoptimization events (10 events):
Event: 1.806 Thread 0x0000021f27b8a800 Uncommon trap: reason=unstable_if action=reinterpret pc=0x0000021f36d36440 method=java.lang.StringLatin1.lastIndexOf([BI[BII)I @ 32 c2
Event: 1.883 Thread 0x0000021f27b8a800 Uncommon trap: reason=unstable_if action=reinterpret pc=0x0000021f36d35fe4 method=java.lang.String.startsWith(Ljava/lang/String;I)Z @ 1 c2
Event: 2.520 Thread 0x0000021f27b8a800 Uncommon trap: reason=unstable_if action=reinterpret pc=0x0000021f36d68854 method=java.util.HashMap.getNode(ILjava/lang/Object;)Ljava/util/HashMap$Node; @ 129 c2
Event: 2.521 Thread 0x0000021f27b8a800 Uncommon trap: reason=unstable_if action=reinterpret pc=0x0000021f36d43950 method=java.util.HashMap.getNode(ILjava/lang/Object;)Ljava/util/HashMap$Node; @ 129 c2
Event: 2.533 Thread 0x0000021f27b8a800 Uncommon trap: reason=bimorphic_or_optimized_type_check action=maybe_recompile pc=0x0000021f36d71fe8 method=java.util.HashMap.putVal(ILjava/lang/Object;Ljava/lang/Object;ZZ)Ljava/lang/Object; @ 91 c2
Event: 2.536 Thread 0x0000021f27b8a800 Uncommon trap: reason=bimorphic_or_optimized_type_check action=maybe_recompile pc=0x0000021f36d71fe8 method=java.util.HashMap.putVal(ILjava/lang/Object;Ljava/lang/Object;ZZ)Ljava/lang/Object; @ 91 c2
Event: 2.536 Thread 0x0000021f27b8a800 Uncommon trap: reason=bimorphic_or_optimized_type_check action=maybe_recompile pc=0x0000021f36d71fe8 method=java.util.HashMap.putVal(ILjava/lang/Object;Ljava/lang/Object;ZZ)Ljava/lang/Object; @ 91 c2
Event: 2.536 Thread 0x0000021f27b8a800 Uncommon trap: reason=bimorphic_or_optimized_type_check action=maybe_recompile pc=0x0000021f36d71fe8 method=java.util.HashMap.putVal(ILjava/lang/Object;Ljava/lang/Object;ZZ)Ljava/lang/Object; @ 91 c2
Event: 2.606 Thread 0x0000021f27b8a800 Uncommon trap: reason=unstable_if action=reinterpret pc=0x0000021f36d5df78 method=java.util.concurrent.ConcurrentHashMap.addCount(JI)V @ 168 c2
Event: 2.608 Thread 0x0000021f4689d800 Uncommon trap: reason=unstable_if action=reinterpret pc=0x0000021f36d5df78 method=java.util.concurrent.ConcurrentHashMap.addCount(JI)V @ 168 c2

Classes redefined (0 events):
No events

Internal exceptions (10 events):
Event: 1.965 Thread 0x0000021f27b8a800 Exception <a 'java/lang/NoSuchMethodError'{0x00000000878d7930}: java.lang.invoke.DirectMethodHandle$Holder.invokeStaticInit(Ljava/lang/Object;Ljava/lang/Object;Ljava/lang/Object;)Ljava/lang/Object;> (0x00000000878d7930) thrown at [./open/src/hotspot/share
Event: 2.015 Thread 0x0000021f27b8a800 Exception <a 'java/lang/NoSuchMethodError'{0x00000000877aae98}: java.lang.invoke.DirectMethodHandle$Holder.invokeVirtual(Ljava/lang/Object;Ljava/lang/Object;Ljava/lang/Object;Ljava/lang/Object;)V> (0x00000000877aae98) thrown at [./open/src/hotspot/share/i
Event: 2.076 Thread 0x0000021f27b8a800 Exception <a 'java/lang/NoSuchMethodError'{0x0000000087514248}: java.lang.invoke.DirectMethodHandle$Holder.invokeSpecial(Ljava/lang/Object;Ljava/lang/Object;Ljava/lang/Object;Ljava/lang/Object;Ljava/lang/Object;)V> (0x0000000087514248) thrown at [./open/s
Event: 2.123 Thread 0x0000021f4689d800 Exception <a 'java/lang/NoClassDefFoundError'{0x0000000087568460}: javax/validation/Validation> (0x0000000087568460) thrown at [./open/src/hotspot/share/classfile/systemDictionary.cpp, line 215]
Event: 2.179 Thread 0x0000021f27b8a800 Exception <a 'java/lang/NoSuchMethodError'{0x00000000871a7bc8}: java.lang.invoke.DirectMethodHandle$Holder.invokeSpecialIFC(Ljava/lang/Object;Ljava/lang/Object;I)I> (0x00000000871a7bc8) thrown at [./open/src/hotspot/share/interpreter/linkResolver.cpp, lin
Event: 2.257 Thread 0x0000021f4689d800 Exception <a 'java/lang/NoSuchMethodError'{0x0000000086ecf428}: java.lang.invoke.DirectMethodHandle$Holder.invokeStaticInit(Ljava/lang/Object;Ljava/lang/Object;Ljava/lang/Object;Ljava/lang/Object;Ljava/lang/Object;)Ljava/lang/Object;> (0x0000000086ecf428)
Event: 2.290 Thread 0x0000021f4689d800 Exception <a 'java/lang/NoSuchMethodError'{0x0000000087f4d7b8}: java.lang.invoke.DirectMethodHandle$Holder.invokeSpecial(Ljava/lang/Object;Ljava/lang/Object;IILjava/lang/Object;Ljava/lang/Object;Ljava/lang/Object;)Ljava/lang/Object;> (0x0000000087f4d7b8) 
Event: 2.291 Thread 0x0000021f4689d800 Exception <a 'java/lang/NoSuchMethodError'{0x0000000087f50d40}: java.lang.invoke.DelegatingMethodHandle$Holder.reinvoke_L(Ljava/lang/Object;IILjava/lang/Object;Ljava/lang/Object;Ljava/lang/Object;)Ljava/lang/Object;> (0x0000000087f50d40) thrown at [./open
Event: 2.292 Thread 0x0000021f4689d800 Exception <a 'java/lang/NoSuchMethodError'{0x0000000087f54c20}: java.lang.invoke.DirectMethodHandle$Holder.invokeStatic(Ljava/lang/Object;Ljava/lang/Object;Ljava/lang/Object;Ljava/lang/Object;I)Ljava/lang/Object;> (0x0000000087f54c20) thrown at [./open/sr
Event: 2.444 Thread 0x0000021f27b8a800 Exception <a 'java/lang/NoSuchMethodError'{0x0000000087a1d050}: org.slf4j.impl.StaticMDCBinder.getSingleton()Lorg/slf4j/impl/StaticMDCBinder;> (0x0000000087a1d050) thrown at [./open/src/hotspot/share/interpreter/linkResolver.cpp, line 772]

Events (10 events):
Event: 2.670 loading class org/springframework/web/context/ServletContextAware done
Event: 2.670 loading class org/springframework/boot/web/servlet/context/ServletWebServerApplicationContext$ExistingWebApplicationScopes
Event: 2.670 loading class org/springframework/boot/web/servlet/context/ServletWebServerApplicationContext$ExistingWebApplicationScopes done
Event: 2.670 loading class com/fasterxml/jackson/annotation/JsonFormat$Shape
Event: 2.670 loading class com/fasterxml/jackson/annotation/JsonFormat$Shape done
Event: 2.670 loading class com/fasterxml/jackson/annotation/JsonFormat$Features
Event: 2.670 loading class com/fasterxml/jackson/annotation/JsonFormat$Features done
Event: 2.670 loading class org/springframework/web/context/request/RequestScope
Event: 2.671 loading class org/springframework/web/context/request/RequestScope done
Event: 2.671 Executing VM operation: CollectForMetadataAllocation


Dynamic libraries:
0x00007ff6224f0000 - 0x00007ff6224ff000 	C:\Program Files\Java\jdk-11.0.15\bin\java.exe
0x00007ffd52fb0000 - 0x00007ffd531a8000 	C:\Windows\SYSTEM32\ntdll.dll
0x00007ffd52df0000 - 0x00007ffd52ead000 	C:\Windows\System32\KERNEL32.DLL
0x00007ffd50ad0000 - 0x00007ffd50d9e000 	C:\Windows\System32\KERNELBASE.dll
0x00007ffd506d0000 - 0x00007ffd507d0000 	C:\Windows\System32\ucrtbase.dll
0x00007ffd3cd70000 - 0x00007ffd3cd85000 	C:\Program Files\Java\jdk-11.0.15\bin\VCRUNTIME140.dll
0x00007ffd3cd90000 - 0x00007ffd3cda8000 	C:\Program Files\Java\jdk-11.0.15\bin\jli.dll
0x00007ffd51e50000 - 0x00007ffd51efe000 	C:\Windows\System32\ADVAPI32.dll
0x00007ffd527c0000 - 0x00007ffd5285e000 	C:\Windows\System32\msvcrt.dll
0x00007ffd51870000 - 0x00007ffd5190c000 	C:\Windows\System32\sechost.dll
0x00007ffd52620000 - 0x00007ffd52745000 	C:\Windows\System32\RPCRT4.dll
0x00007ffd52410000 - 0x00007ffd525b0000 	C:\Windows\System32\USER32.dll
0x00007ffd508f0000 - 0x00007ffd50912000 	C:\Windows\System32\win32u.dll
0x00007ffd51f00000 - 0x00007ffd51f2a000 	C:\Windows\System32\GDI32.dll
0x00007ffd509c0000 - 0x00007ffd50acb000 	C:\Windows\System32\gdi32full.dll
0x00007ffd50920000 - 0x00007ffd509bd000 	C:\Windows\System32\msvcp_win.dll
0x00007ffd3cad0000 - 0x00007ffd3cd6a000 	C:\Windows\WinSxS\amd64_microsoft.windows.common-controls_6595b64144ccf1df_6.0.19041.1110_none_60b5254171f9507e\COMCTL32.dll
0x00007ffd48b00000 - 0x00007ffd48b0a000 	C:\Windows\SYSTEM32\VERSION.dll
0x00007ffd52ee0000 - 0x00007ffd52f10000 	C:\Windows\System32\IMM32.DLL
0x00007ffd3ca30000 - 0x00007ffd3cacb000 	C:\Program Files\Java\jdk-11.0.15\bin\msvcp140.dll
0x00007ffd3bf10000 - 0x00007ffd3ca26000 	C:\Program Files\Java\jdk-11.0.15\bin\server\jvm.dll
0x00007ffd52ed0000 - 0x00007ffd52ed8000 	C:\Windows\System32\PSAPI.DLL
0x00007ffd3bf00000 - 0x00007ffd3bf09000 	C:\Windows\SYSTEM32\WSOCK32.dll
0x00007ffd52750000 - 0x00007ffd527bb000 	C:\Windows\System32\WS2_32.dll
0x00007ffd448e0000 - 0x00007ffd44907000 	C:\Windows\SYSTEM32\WINMM.dll
0x00007ffd4e5b0000 - 0x00007ffd4e5c2000 	C:\Windows\SYSTEM32\kernel.appcore.dll
0x00007ffd3bde0000 - 0x00007ffd3bdf0000 	C:\Program Files\Java\jdk-11.0.15\bin\verify.dll
0x00007ffd44980000 - 0x00007ffd44b64000 	C:\Windows\SYSTEM32\DBGHELP.DLL
0x00007ffd447d0000 - 0x00007ffd447fc000 	C:\Windows\SYSTEM32\dbgcore.DLL
0x00007ffd50e20000 - 0x00007ffd50ea2000 	C:\Windows\System32\bcryptPrimitives.dll
0x00007ffd3bdb0000 - 0x00007ffd3bdd8000 	C:\Program Files\Java\jdk-11.0.15\bin\java.dll
0x00007ffd3bda0000 - 0x00007ffd3bdaa000 	C:\Program Files\Java\jdk-11.0.15\bin\jimage.dll
0x00007ffd4c140000 - 0x00007ffd4c14e000 	C:\Program Files\Java\jdk-11.0.15\bin\instrument.dll
0x00007ffd3bd80000 - 0x00007ffd3bd96000 	C:\Program Files\Java\jdk-11.0.15\bin\zip.dll
0x00007ffd510a0000 - 0x00007ffd517e4000 	C:\Windows\System32\SHELL32.dll
0x00007ffd4e7b0000 - 0x00007ffd4ef44000 	C:\Windows\SYSTEM32\windows.storage.dll
0x00007ffd529e0000 - 0x00007ffd52d34000 	C:\Windows\System32\combase.dll
0x00007ffd4ff80000 - 0x00007ffd4ffb0000 	C:\Windows\SYSTEM32\Wldp.dll
0x00007ffd528d0000 - 0x00007ffd5297d000 	C:\Windows\System32\SHCORE.dll
0x00007ffd52980000 - 0x00007ffd529d5000 	C:\Windows\System32\shlwapi.dll
0x00007ffd50610000 - 0x00007ffd5062f000 	C:\Windows\SYSTEM32\profapi.dll
0x00007ffd3b840000 - 0x00007ffd3b859000 	C:\Program Files\Java\jdk-11.0.15\bin\net.dll
0x00007ffd48180000 - 0x00007ffd4828a000 	C:\Windows\SYSTEM32\WINHTTP.dll
0x00007ffd4fd60000 - 0x00007ffd4fdca000 	C:\Windows\system32\mswsock.dll
0x00007ffd3b820000 - 0x00007ffd3b832000 	C:\Program Files\Java\jdk-11.0.15\bin\nio.dll
0x00007ffd37c50000 - 0x00007ffd37c6a000 	C:\Program Files\JetBrains\IntelliJ IDEA Community Edition 2022.2.1\bin\breakgen64.dll
0x00007ffd39310000 - 0x00007ffd39319000 	C:\Program Files\Java\jdk-11.0.15\bin\management.dll
0x00007ffd39100000 - 0x00007ffd3910b000 	C:\Program Files\Java\jdk-11.0.15\bin\management_ext.dll
0x00007ffd3faa0000 - 0x00007ffd3fab7000 	C:\Windows\system32\napinsp.dll
0x00007ffd3e530000 - 0x00007ffd3e54b000 	C:\Windows\system32\pnrpnsp.dll
0x00007ffd3e3a0000 - 0x00007ffd3e3b5000 	C:\Windows\system32\wshbth.dll
0x00007ffd4c070000 - 0x00007ffd4c08d000 	C:\Windows\system32\NLAapi.dll
0x00007ffd4fa70000 - 0x00007ffd4faab000 	C:\Windows\SYSTEM32\IPHLPAPI.DLL
0x00007ffd4fac0000 - 0x00007ffd4fb8a000 	C:\Windows\SYSTEM32\DNSAPI.dll
0x00007ffd52860000 - 0x00007ffd52868000 	C:\Windows\System32\NSI.dll
0x00007ffd3e380000 - 0x00007ffd3e392000 	C:\Windows\System32\winrnr.dll
0x00007ffd47e30000 - 0x00007ffd47e3a000 	C:\Windows\System32\rasadhlp.dll
0x00007ffd48400000 - 0x00007ffd48480000 	C:\Windows\System32\fwpuclnt.dll
0x00007ffd50da0000 - 0x00007ffd50dc7000 	C:\Windows\System32\bcrypt.dll

dbghelp: loaded successfully - version: 4.0.5 - missing functions: none
symbol engine: initialized successfully - sym options: 0x614 - pdb path: .;C:\Program Files\Java\jdk-11.0.15\bin;C:\Windows\SYSTEM32;C:\Windows\WinSxS\amd64_microsoft.windows.common-controls_6595b64144ccf1df_6.0.19041.1110_none_60b5254171f9507e;C:\Program Files\Java\jdk-11.0.15\bin\server;C:\Program Files\JetBrains\IntelliJ IDEA Community Edition 2022.2.1\bin

VM Arguments:
jvm_args: -javaagent:C:\Program Files\JetBrains\IntelliJ IDEA Community Edition 2022.2.1\lib\idea_rt.jar=60713:C:\Program Files\JetBrains\IntelliJ IDEA Community Edition 2022.2.1\bin -Dfile.encoding=UTF-8 
java_command: com.training.messaging.standaloneactivemqexample.StandaloneActivemqExampleApplication
java_class_path (initial): C:\Users\sfjbs\Downloads\spring_boot_activemq-main\spring_boot_activemq-main\standalone-spring-boot-activemq\target\classes;C:\Users\sfjbs\.m2\repository\org\springframework\boot\spring-boot-starter-activemq\2.6.2\spring-boot-starter-activemq-2.6.2.jar;C:\Users\sfjbs\.m2\repository\org\springframework\boot\spring-boot-starter\2.6.2\spring-boot-starter-2.6.2.jar;C:\Users\sfjbs\.m2\repository\org\springframework\boot\spring-boot\2.6.2\spring-boot-2.6.2.jar;C:\Users\sfjbs\.m2\repository\org\springframework\boot\spring-boot-autoconfigure\2.6.2\spring-boot-autoconfigure-2.6.2.jar;C:\Users\sfjbs\.m2\repository\org\springframework\boot\spring-boot-starter-logging\2.6.2\spring-boot-starter-logging-2.6.2.jar;C:\Users\sfjbs\.m2\repository\ch\qos\logback\logback-classic\1.2.9\logback-classic-1.2.9.jar;C:\Users\sfjbs\.m2\repository\ch\qos\logback\logback-core\1.2.9\logback-core-1.2.9.jar;C:\Users\sfjbs\.m2\repository\org\apache\logging\log4j\log4j-to-slf4j\2.17.0\log4j-to-slf4j-2.17.0.jar;C:\Users\sfjbs\.m2\repository\org\apache\logging\log4j\log4j-api\2.17.0\log4j-api-2.17.0.jar;C:\Users\sfjbs\.m2\repository\org\slf4j\jul-to-slf4j\1.7.32\jul-to-slf4j-1.7.32.jar;C:\Users\sfjbs\.m2\repository\jakarta\annotation\jakarta.annotation-api\1.3.5\jakarta.annotation-api-1.3.5.jar;C:\Users\sfjbs\.m2\repository\org\yaml\snakeyaml\1.29\snakeyaml-1.29.jar;C:\Users\sfjbs\.m2\repository\org\springframework\spring-jms\5.3.14\spring-jms-5.3.14.jar;C:\Users\sfjbs\.m2\repository\org\springframework\spring-beans\5.3.14\spring-beans-5.3.14.jar;C:\Users\sfjbs\.m2\repository\org\springframework\spring-messaging\5.3.14\spring-messaging-5.3.14.jar;C:\Users\sfjbs\.m2\repository\org\springframework\spring-tx\5.3.14\spring-tx-5.3.14.jar;C:\Users\sfjbs\.m2\repository\org\apache\activemq\activemq-broker\5.16.3\activemq-broker-5.16.3.jar;C:\Users\sfjbs\.m2\repository\org\apache\activemq\activemq-client\5.16.3\activemq-client-5.16.3.jar;C:\Users\sfjbs\.m2\repository\org\fusesource
Launcher Type: SUN_STANDARD

[Global flags]
     intx CICompilerCount                          = 2                                         {product} {ergonomic}
     uint ConcGCThreads                            = 1                                         {product} {ergonomic}
     uint G1ConcRefinementThreads                  = 2                                         {product} {ergonomic}
   size_t G1HeapRegionSize                         = 1048576                                   {product} {ergonomic}
    uintx GCDrainStackTargetSize                   = 64                                        {product} {ergonomic}
   size_t InitialHeapSize                          = 134217728                                 {product} {ergonomic}
   size_t MarkStackSize                            = 4194304                                   {product} {ergonomic}
   size_t MaxHeapSize                              = 2147483648                                {product} {ergonomic}
   size_t MaxNewSize                               = 1287651328                                {product} {ergonomic}
   size_t MinHeapDeltaBytes                        = 1048576                                   {product} {ergonomic}
    uintx NonNMethodCodeHeapSize                   = 5825164                                {pd product} {ergonomic}
    uintx NonProfiledCodeHeapSize                  = 122916538                              {pd product} {ergonomic}
    uintx ProfiledCodeHeapSize                     = 122916538                              {pd product} {ergonomic}
    uintx ReservedCodeCacheSize                    = 251658240                              {pd product} {ergonomic}
     bool SegmentedCodeCache                       = true                                      {product} {ergonomic}
     bool UseCompressedClassPointers               = true                                 {lp64_product} {ergonomic}
     bool UseCompressedOops                        = true                                 {lp64_product} {ergonomic}
     bool UseG1GC                                  = true                                      {product} {ergonomic}
     bool UseLargePagesIndividualAllocation        = false                                  {pd product} {ergonomic}

Logging:
Log output configuration:
 #0: stdout all=warning uptime,level,tags
 #1: stderr all=off uptime,level,tags

Environment Variables:
PATH=C:\Program Files\Common Files\Oracle\Java\javapath;C:\Windows\system32;C:\Windows;C:\Windows\System32\Wbem;C:\Windows\System32\WindowsPowerShell\v1.0\;C:\Windows\System32\OpenSSH\;C:\Program Files\PuTTY\;C:\Program Files\Git\cmd;C:\Program Files\Docker\Docker\resources\bin;C:\ProgramData\DockerDesktop\version-bin;C:\Users\sfjbs\Downloads\apache-maven-3.8.6-bin\apache-maven-3.8.6\bin;C:\Users\sfjbs\Downloads\apache-maven-3.8.6-bin\apache-maven-3.8.6\lib;C:\Users\sfjbs\AppData\Local\Microsoft\WindowsApps;C:\Program Files\JetBrains\IntelliJ IDEA Community Edition 2022.2.1\bin;;C:\Users\sfjbs\Downloads\apache-maven-3.8.6-bin\apache-maven-3.8.6\bin;C:\Users\sfjbs\Downloads\apache-maven-3.8.6-bin\apache-maven-3.8.6\lib;
USERNAME=sfjbs
OS=Windows_NT
PROCESSOR_IDENTIFIER=Intel64 Family 6 Model 85 Stepping 7, GenuineIntel



---------------  S Y S T E M  ---------------

OS: Windows 10 , 64 bit Build 19041 (10.0.19041.1889)
Hyper-V role detected

CPU:total 2 (initial active 2) (1 cores per cpu, 2 threads per core) family 6 model 85 stepping 7 microcode 0xffffffff, cmov, cx8, fxsr, mmx, sse, sse2, sse3, ssse3, sse4.1, sse4.2, popcnt, avx, avx2, aes, clmul, erms, rtm, 3dnowpref, lzcnt, ht, tsc, bmi1, bmi2, adx, evex, fma

Memory: 4k page, system-wide physical 8190M (1714M free)
TotalPageFile size 10238M (AvailPageFile size 22M)
current process WorkingSet (physical memory assigned to process): 93M, peak: 93M
current process commit charge ("private bytes"): 225M, peak: 251M

vm_info: Java HotSpot(TM) 64-Bit Server VM (11.0.15+8-LTS-149) for windows-amd64 JRE (11.0.15+8-LTS-149), built on Mar  9 2022 22:42:32 by "mach5one" with MS VC++ 15.9 (VS2017)

END.
